Determining if the function gethostbyaddr_r, exists failed with the following output:
Change Dir: /Users/user/Desktop/QServ/STABLE/mac/CMakeFiles/CMakeTmp

Run Build Command:"/usr/bin/make" "cmTC_61e58/fast"
/Applications/Xcode.app/Contents/Developer/usr/bin/make -f CMakeFiles/cmTC_61e58.dir/build.make CMakeFiles/cmTC_61e58.dir/build
Building C object CMakeFiles/cmTC_61e58.dir/CheckFunctionExists.c.o
/Applications/Xcode.app/Contents/Developer/Toolchains/XcodeDefault.xctoolchain/usr/bin/cc    -DCHECK_FUNCTION_EXISTS=gethostbyaddr_r,   -o CMakeFiles/cmTC_61e58.dir/CheckFunctionExists.c.o   -c /usr/local/share/cmake-3.4/Modules/CheckFunctionExists.c
/usr/local/share/cmake-3.4/Modules/CheckFunctionExists.c:6:28: error: expected identifier or '('
char CHECK_FUNCTION_EXISTS();
                           ^
/usr/local/share/cmake-3.4/Modules/CheckFunctionExists.c:14:25: error: expected expression
  CHECK_FUNCTION_EXISTS();
                        ^
2 errors generated.
make[1]: *** [CMakeFiles/cmTC_61e58.dir/CheckFunctionExists.c.o] Error 1
make: *** [cmTC_61e58/fast] Error 2


Determining if the function gethostbyname_r, exists failed with the following output:
Change Dir: /Users/user/Desktop/QServ/STABLE/mac/CMakeFiles/CMakeTmp

Run Build Command:"/usr/bin/make" "cmTC_8d3d4/fast"
/Applications/Xcode.app/Contents/Developer/usr/bin/make -f CMakeFiles/cmTC_8d3d4.dir/build.make CMakeFiles/cmTC_8d3d4.dir/build
Building C object CMakeFiles/cmTC_8d3d4.dir/CheckFunctionExists.c.o
/Applications/Xcode.app/Contents/Developer/Toolchains/XcodeDefault.xctoolchain/usr/bin/cc    -DCHECK_FUNCTION_EXISTS=gethostbyname_r,   -o CMakeFiles/cmTC_8d3d4.dir/CheckFunctionExists.c.o   -c /usr/local/share/cmake-3.4/Modules/CheckFunctionExists.c
/usr/local/share/cmake-3.4/Modules/CheckFunctionExists.c:6:28: error: expected identifier or '('
char CHECK_FUNCTION_EXISTS();
                           ^
/usr/local/share/cmake-3.4/Modules/CheckFunctionExists.c:14:25: error: expected expression
  CHECK_FUNCTION_EXISTS();
                        ^
2 errors generated.
make[1]: *** [CMakeFiles/cmTC_8d3d4.dir/CheckFunctionExists.c.o] Error 1
make: *** [cmTC_8d3d4/fast] Error 2


Determining if the function poll, exists failed with the following output:
Change Dir: /Users/user/Desktop/QServ/STABLE/mac/CMakeFiles/CMakeTmp

Run Build Command:"/usr/bin/make" "cmTC_3977e/fast"
/Applications/Xcode.app/Contents/Developer/usr/bin/make -f CMakeFiles/cmTC_3977e.dir/build.make CMakeFiles/cmTC_3977e.dir/build
Building C object CMakeFiles/cmTC_3977e.dir/CheckFunctionExists.c.o
/Applications/Xcode.app/Contents/Developer/Toolchains/XcodeDefault.xctoolchain/usr/bin/cc    -DCHECK_FUNCTION_EXISTS=poll,   -o CMakeFiles/cmTC_3977e.dir/CheckFunctionExists.c.o   -c /usr/local/share/cmake-3.4/Modules/CheckFunctionExists.c
/usr/local/share/cmake-3.4/Modules/CheckFunctionExists.c:6:28: error: expected identifier or '('
char CHECK_FUNCTION_EXISTS();
                           ^
/usr/local/share/cmake-3.4/Modules/CheckFunctionExists.c:14:25: error: expected expression
  CHECK_FUNCTION_EXISTS();
                        ^
2 errors generated.
make[1]: *** [CMakeFiles/cmTC_3977e.dir/CheckFunctionExists.c.o] Error 1
make: *** [cmTC_3977e/fast] Error 2


Determining if the function fcntl, exists failed with the following output:
Change Dir: /Users/user/Desktop/QServ/STABLE/mac/CMakeFiles/CMakeTmp

Run Build Command:"/usr/bin/make" "cmTC_83b6a/fast"
/Applications/Xcode.app/Contents/Developer/usr/bin/make -f CMakeFiles/cmTC_83b6a.dir/build.make CMakeFiles/cmTC_83b6a.dir/build
Building C object CMakeFiles/cmTC_83b6a.dir/CheckFunctionExists.c.o
/Applications/Xcode.app/Contents/Developer/Toolchains/XcodeDefault.xctoolchain/usr/bin/cc    -DCHECK_FUNCTION_EXISTS=fcntl,   -o CMakeFiles/cmTC_83b6a.dir/CheckFunctionExists.c.o   -c /usr/local/share/cmake-3.4/Modules/CheckFunctionExists.c
/usr/local/share/cmake-3.4/Modules/CheckFunctionExists.c:6:28: error: expected identifier or '('
char CHECK_FUNCTION_EXISTS();
                           ^
/usr/local/share/cmake-3.4/Modules/CheckFunctionExists.c:14:25: error: expected expression
  CHECK_FUNCTION_EXISTS();
                        ^
2 errors generated.
make[1]: *** [CMakeFiles/cmTC_83b6a.dir/CheckFunctionExists.c.o] Error 1
make: *** [cmTC_83b6a/fast] Error 2


Determining if the function inet_pton, exists failed with the following output:
Change Dir: /Users/user/Desktop/QServ/STABLE/mac/CMakeFiles/CMakeTmp

Run Build Command:"/usr/bin/make" "cmTC_5a4e0/fast"
/Applications/Xcode.app/Contents/Developer/usr/bin/make -f CMakeFiles/cmTC_5a4e0.dir/build.make CMakeFiles/cmTC_5a4e0.dir/build
Building C object CMakeFiles/cmTC_5a4e0.dir/CheckFunctionExists.c.o
/Applications/Xcode.app/Contents/Developer/Toolchains/XcodeDefault.xctoolchain/usr/bin/cc    -DCHECK_FUNCTION_EXISTS=inet_pton,   -o CMakeFiles/cmTC_5a4e0.dir/CheckFunctionExists.c.o   -c /usr/local/share/cmake-3.4/Modules/CheckFunctionExists.c
/usr/local/share/cmake-3.4/Modules/CheckFunctionExists.c:6:28: error: expected identifier or '('
char CHECK_FUNCTION_EXISTS();
                           ^
/usr/local/share/cmake-3.4/Modules/CheckFunctionExists.c:14:25: error: expected expression
  CHECK_FUNCTION_EXISTS();
                        ^
2 errors generated.
make[1]: *** [CMakeFiles/cmTC_5a4e0.dir/CheckFunctionExists.c.o] Error 1
make: *** [cmTC_5a4e0/fast] Error 2


Determining if the function inet_ntop, exists failed with the following output:
Change Dir: /Users/user/Desktop/QServ/STABLE/mac/CMakeFiles/CMakeTmp

Run Build Command:"/usr/bin/make" "cmTC_b14ae/fast"
/Applications/Xcode.app/Contents/Developer/usr/bin/make -f CMakeFiles/cmTC_b14ae.dir/build.make CMakeFiles/cmTC_b14ae.dir/build
Building C object CMakeFiles/cmTC_b14ae.dir/CheckFunctionExists.c.o
/Applications/Xcode.app/Contents/Developer/Toolchains/XcodeDefault.xctoolchain/usr/bin/cc    -DCHECK_FUNCTION_EXISTS=inet_ntop,   -o CMakeFiles/cmTC_b14ae.dir/CheckFunctionExists.c.o   -c /usr/local/share/cmake-3.4/Modules/CheckFunctionExists.c
/usr/local/share/cmake-3.4/Modules/CheckFunctionExists.c:6:28: error: expected identifier or '('
char CHECK_FUNCTION_EXISTS();
                           ^
/usr/local/share/cmake-3.4/Modules/CheckFunctionExists.c:14:25: error: expected expression
  CHECK_FUNCTION_EXISTS();
                        ^
2 errors generated.
make[1]: *** [CMakeFiles/cmTC_b14ae.dir/CheckFunctionExists.c.o] Error 1
make: *** [cmTC_b14ae/fast] Error 2


Determining if the struct msghdr.msg_flags exist failed with the following output:
Change Dir: /Users/user/Desktop/QServ/STABLE/mac/CMakeFiles/CMakeTmp

Run Build Command:"/usr/bin/make" "cmTC_4f9bf/fast"
/Applications/Xcode.app/Contents/Developer/usr/bin/make -f CMakeFiles/cmTC_4f9bf.dir/build.make CMakeFiles/cmTC_4f9bf.dir/build
Building C object CMakeFiles/cmTC_4f9bf.dir/CheckSymbolExists.c.o
/Applications/Xcode.app/Contents/Developer/Toolchains/XcodeDefault.xctoolchain/usr/bin/cc     -o CMakeFiles/cmTC_4f9bf.dir/CheckSymbolExists.c.o   -c /Users/user/Desktop/QServ/STABLE/mac/CMakeFiles/CMakeTmp/CheckSymbolExists.c
/Users/user/Desktop/QServ/STABLE/mac/CMakeFiles/CMakeTmp/CheckSymbolExists.c:7:16: warning: extra tokens at end of #ifndef directive [-Wextra-tokens]
#ifndef struct msghdr.msg_flags
               ^
               //
/Users/user/Desktop/QServ/STABLE/mac/CMakeFiles/CMakeTmp/CheckSymbolExists.c:8:19: error: expected expression
  return ((int*)(&struct msghdr.msg_flags))[argc];
                  ^
1 warning and 1 error generated.
make[1]: *** [CMakeFiles/cmTC_4f9bf.dir/CheckSymbolExists.c.o] Error 1
make: *** [cmTC_4f9bf/fast] Error 2

File /Users/user/Desktop/QServ/STABLE/mac/CMakeFiles/CMakeTmp/CheckSymbolExists.c:
/* */
#include <sys/socket.h>

int main(int argc, char** argv)
{
  (void)argv;
#ifndef struct msghdr.msg_flags
  return ((int*)(&struct msghdr.msg_flags))[argc];
#else
  (void)argc;
  return 0;
#endif
}

Determining if the socklen_t exist failed with the following output:
Change Dir: /Users/user/Desktop/QServ/STABLE/mac/CMakeFiles/CMakeTmp

Run Build Command:"/usr/bin/make" "cmTC_790bd/fast"
/Applications/Xcode.app/Contents/Developer/usr/bin/make -f CMakeFiles/cmTC_790bd.dir/build.make CMakeFiles/cmTC_790bd.dir/build
Building C object CMakeFiles/cmTC_790bd.dir/CheckSymbolExists.c.o
/Applications/Xcode.app/Contents/Developer/Toolchains/XcodeDefault.xctoolchain/usr/bin/cc     -o CMakeFiles/cmTC_790bd.dir/CheckSymbolExists.c.o   -c /Users/user/Desktop/QServ/STABLE/mac/CMakeFiles/CMakeTmp/CheckSymbolExists.c
/Users/user/Desktop/QServ/STABLE/mac/CMakeFiles/CMakeTmp/CheckSymbolExists.c:9:19: error: unexpected type name 'socklen_t': expected expression
  return ((int*)(&socklen_t))[argc];
                  ^
1 error generated.
make[1]: *** [CMakeFiles/cmTC_790bd.dir/CheckSymbolExists.c.o] Error 1
make: *** [cmTC_790bd/fast] Error 2

File /Users/user/Desktop/QServ/STABLE/mac/CMakeFiles/CMakeTmp/CheckSymbolExists.c:
/* */
#include <sys/types.h>
#include <sys/socket.h>

int main(int argc, char** argv)
{
  (void)argv;
#ifndef socklen_t
  return ((int*)(&socklen_t))[argc];
#else
  (void)argc;
  return 0;
#endif
}

Determining if the function gethostbyaddr_r, exists failed with the following output:
Change Dir: /Users/user/Desktop/QServ/STABLE/mac/CMakeFiles/CMakeTmp

Run Build Command:"/usr/bin/make" "cmTC_d8a1e/fast"
/Applications/Xcode.app/Contents/Developer/usr/bin/make -f CMakeFiles/cmTC_d8a1e.dir/build.make CMakeFiles/cmTC_d8a1e.dir/build
Building C object CMakeFiles/cmTC_d8a1e.dir/CheckFunctionExists.c.o
/Applications/Xcode.app/Contents/Developer/Toolchains/XcodeDefault.xctoolchain/usr/bin/cc    -DCHECK_FUNCTION_EXISTS=gethostbyaddr_r,   -o CMakeFiles/cmTC_d8a1e.dir/CheckFunctionExists.c.o   -c /usr/local/share/cmake-3.4/Modules/CheckFunctionExists.c
/usr/local/share/cmake-3.4/Modules/CheckFunctionExists.c:6:28: error: expected identifier or '('
char CHECK_FUNCTION_EXISTS();
                           ^
/usr/local/share/cmake-3.4/Modules/CheckFunctionExists.c:14:25: error: expected expression
  CHECK_FUNCTION_EXISTS();
                        ^
2 errors generated.
make[1]: *** [CMakeFiles/cmTC_d8a1e.dir/CheckFunctionExists.c.o] Error 1
make: *** [cmTC_d8a1e/fast] Error 2


Determining if the function gethostbyname_r, exists failed with the following output:
Change Dir: /Users/user/Desktop/QServ/STABLE/mac/CMakeFiles/CMakeTmp

Run Build Command:"/usr/bin/make" "cmTC_ea7c5/fast"
/Applications/Xcode.app/Contents/Developer/usr/bin/make -f CMakeFiles/cmTC_ea7c5.dir/build.make CMakeFiles/cmTC_ea7c5.dir/build
Building C object CMakeFiles/cmTC_ea7c5.dir/CheckFunctionExists.c.o
/Applications/Xcode.app/Contents/Developer/Toolchains/XcodeDefault.xctoolchain/usr/bin/cc    -DCHECK_FUNCTION_EXISTS=gethostbyname_r,   -o CMakeFiles/cmTC_ea7c5.dir/CheckFunctionExists.c.o   -c /usr/local/share/cmake-3.4/Modules/CheckFunctionExists.c
/usr/local/share/cmake-3.4/Modules/CheckFunctionExists.c:6:28: error: expected identifier or '('
char CHECK_FUNCTION_EXISTS();
                           ^
/usr/local/share/cmake-3.4/Modules/CheckFunctionExists.c:14:25: error: expected expression
  CHECK_FUNCTION_EXISTS();
                        ^
2 errors generated.
make[1]: *** [CMakeFiles/cmTC_ea7c5.dir/CheckFunctionExists.c.o] Error 1
make: *** [cmTC_ea7c5/fast] Error 2


Determining if the function poll, exists failed with the following output:
Change Dir: /Users/user/Desktop/QServ/STABLE/mac/CMakeFiles/CMakeTmp

Run Build Command:"/usr/bin/make" "cmTC_3e327/fast"
/Applications/Xcode.app/Contents/Developer/usr/bin/make -f CMakeFiles/cmTC_3e327.dir/build.make CMakeFiles/cmTC_3e327.dir/build
Building C object CMakeFiles/cmTC_3e327.dir/CheckFunctionExists.c.o
/Applications/Xcode.app/Contents/Developer/Toolchains/XcodeDefault.xctoolchain/usr/bin/cc    -DCHECK_FUNCTION_EXISTS=poll,   -o CMakeFiles/cmTC_3e327.dir/CheckFunctionExists.c.o   -c /usr/local/share/cmake-3.4/Modules/CheckFunctionExists.c
/usr/local/share/cmake-3.4/Modules/CheckFunctionExists.c:6:28: error: expected identifier or '('
char CHECK_FUNCTION_EXISTS();
                           ^
/usr/local/share/cmake-3.4/Modules/CheckFunctionExists.c:14:25: error: expected expression
  CHECK_FUNCTION_EXISTS();
                        ^
2 errors generated.
make[1]: *** [CMakeFiles/cmTC_3e327.dir/CheckFunctionExists.c.o] Error 1
make: *** [cmTC_3e327/fast] Error 2


Determining if the function fcntl, exists failed with the following output:
Change Dir: /Users/user/Desktop/QServ/STABLE/mac/CMakeFiles/CMakeTmp

Run Build Command:"/usr/bin/make" "cmTC_7ebff/fast"
/Applications/Xcode.app/Contents/Developer/usr/bin/make -f CMakeFiles/cmTC_7ebff.dir/build.make CMakeFiles/cmTC_7ebff.dir/build
Building C object CMakeFiles/cmTC_7ebff.dir/CheckFunctionExists.c.o
/Applications/Xcode.app/Contents/Developer/Toolchains/XcodeDefault.xctoolchain/usr/bin/cc    -DCHECK_FUNCTION_EXISTS=fcntl,   -o CMakeFiles/cmTC_7ebff.dir/CheckFunctionExists.c.o   -c /usr/local/share/cmake-3.4/Modules/CheckFunctionExists.c
/usr/local/share/cmake-3.4/Modules/CheckFunctionExists.c:6:28: error: expected identifier or '('
char CHECK_FUNCTION_EXISTS();
                           ^
/usr/local/share/cmake-3.4/Modules/CheckFunctionExists.c:14:25: error: expected expression
  CHECK_FUNCTION_EXISTS();
                        ^
2 errors generated.
make[1]: *** [CMakeFiles/cmTC_7ebff.dir/CheckFunctionExists.c.o] Error 1
make: *** [cmTC_7ebff/fast] Error 2


Determining if the function inet_pton, exists failed with the following output:
Change Dir: /Users/user/Desktop/QServ/STABLE/mac/CMakeFiles/CMakeTmp

Run Build Command:"/usr/bin/make" "cmTC_77d64/fast"
/Applications/Xcode.app/Contents/Developer/usr/bin/make -f CMakeFiles/cmTC_77d64.dir/build.make CMakeFiles/cmTC_77d64.dir/build
Building C object CMakeFiles/cmTC_77d64.dir/CheckFunctionExists.c.o
/Applications/Xcode.app/Contents/Developer/Toolchains/XcodeDefault.xctoolchain/usr/bin/cc    -DCHECK_FUNCTION_EXISTS=inet_pton,   -o CMakeFiles/cmTC_77d64.dir/CheckFunctionExists.c.o   -c /usr/local/share/cmake-3.4/Modules/CheckFunctionExists.c
/usr/local/share/cmake-3.4/Modules/CheckFunctionExists.c:6:28: error: expected identifier or '('
char CHECK_FUNCTION_EXISTS();
                           ^
/usr/local/share/cmake-3.4/Modules/CheckFunctionExists.c:14:25: error: expected expression
  CHECK_FUNCTION_EXISTS();
                        ^
2 errors generated.
make[1]: *** [CMakeFiles/cmTC_77d64.dir/CheckFunctionExists.c.o] Error 1
make: *** [cmTC_77d64/fast] Error 2


Determining if the function inet_ntop, exists failed with the following output:
Change Dir: /Users/user/Desktop/QServ/STABLE/mac/CMakeFiles/CMakeTmp

Run Build Command:"/usr/bin/make" "cmTC_870e5/fast"
/Applications/Xcode.app/Contents/Developer/usr/bin/make -f CMakeFiles/cmTC_870e5.dir/build.make CMakeFiles/cmTC_870e5.dir/build
Building C object CMakeFiles/cmTC_870e5.dir/CheckFunctionExists.c.o
/Applications/Xcode.app/Contents/Developer/Toolchains/XcodeDefault.xctoolchain/usr/bin/cc    -DCHECK_FUNCTION_EXISTS=inet_ntop,   -o CMakeFiles/cmTC_870e5.dir/CheckFunctionExists.c.o   -c /usr/local/share/cmake-3.4/Modules/CheckFunctionExists.c
/usr/local/share/cmake-3.4/Modules/CheckFunctionExists.c:6:28: error: expected identifier or '('
char CHECK_FUNCTION_EXISTS();
                           ^
/usr/local/share/cmake-3.4/Modules/CheckFunctionExists.c:14:25: error: expected expression
  CHECK_FUNCTION_EXISTS();
                        ^
2 errors generated.
make[1]: *** [CMakeFiles/cmTC_870e5.dir/CheckFunctionExists.c.o] Error 1
make: *** [cmTC_870e5/fast] Error 2


Determining if the struct msghdr.msg_flags exist failed with the following output:
Change Dir: /Users/user/Desktop/QServ/STABLE/mac/CMakeFiles/CMakeTmp

Run Build Command:"/usr/bin/make" "cmTC_3f9a8/fast"
/Applications/Xcode.app/Contents/Developer/usr/bin/make -f CMakeFiles/cmTC_3f9a8.dir/build.make CMakeFiles/cmTC_3f9a8.dir/build
Building C object CMakeFiles/cmTC_3f9a8.dir/CheckSymbolExists.c.o
/Applications/Xcode.app/Contents/Developer/Toolchains/XcodeDefault.xctoolchain/usr/bin/cc     -o CMakeFiles/cmTC_3f9a8.dir/CheckSymbolExists.c.o   -c /Users/user/Desktop/QServ/STABLE/mac/CMakeFiles/CMakeTmp/CheckSymbolExists.c
/Users/user/Desktop/QServ/STABLE/mac/CMakeFiles/CMakeTmp/CheckSymbolExists.c:7:16: warning: extra tokens at end of #ifndef directive [-Wextra-tokens]
#ifndef struct msghdr.msg_flags
               ^
               //
/Users/user/Desktop/QServ/STABLE/mac/CMakeFiles/CMakeTmp/CheckSymbolExists.c:8:19: error: expected expression
  return ((int*)(&struct msghdr.msg_flags))[argc];
                  ^
1 warning and 1 error generated.
make[1]: *** [CMakeFiles/cmTC_3f9a8.dir/CheckSymbolExists.c.o] Error 1
make: *** [cmTC_3f9a8/fast] Error 2

File /Users/user/Desktop/QServ/STABLE/mac/CMakeFiles/CMakeTmp/CheckSymbolExists.c:
/* */
#include <sys/socket.h>

int main(int argc, char** argv)
{
  (void)argv;
#ifndef struct msghdr.msg_flags
  return ((int*)(&struct msghdr.msg_flags))[argc];
#else
  (void)argc;
  return 0;
#endif
}

Determining if the socklen_t exist failed with the following output:
Change Dir: /Users/user/Desktop/QServ/STABLE/mac/CMakeFiles/CMakeTmp

Run Build Command:"/usr/bin/make" "cmTC_2b867/fast"
/Applications/Xcode.app/Contents/Developer/usr/bin/make -f CMakeFiles/cmTC_2b867.dir/build.make CMakeFiles/cmTC_2b867.dir/build
Building C object CMakeFiles/cmTC_2b867.dir/CheckSymbolExists.c.o
/Applications/Xcode.app/Contents/Developer/Toolchains/XcodeDefault.xctoolchain/usr/bin/cc     -o CMakeFiles/cmTC_2b867.dir/CheckSymbolExists.c.o   -c /Users/user/Desktop/QServ/STABLE/mac/CMakeFiles/CMakeTmp/CheckSymbolExists.c
/Users/user/Desktop/QServ/STABLE/mac/CMakeFiles/CMakeTmp/CheckSymbolExists.c:9:19: error: unexpected type name 'socklen_t': expected expression
  return ((int*)(&socklen_t))[argc];
                  ^
1 error generated.
make[1]: *** [CMakeFiles/cmTC_2b867.dir/CheckSymbolExists.c.o] Error 1
make: *** [cmTC_2b867/fast] Error 2

File /Users/user/Desktop/QServ/STABLE/mac/CMakeFiles/CMakeTmp/CheckSymbolExists.c:
/* */
#include <sys/types.h>
#include <sys/socket.h>

int main(int argc, char** argv)
{
  (void)argv;
#ifndef socklen_t
  return ((int*)(&socklen_t))[argc];
#else
  (void)argc;
  return 0;
#endif
}

Determining if the function gethostbyaddr_r, exists failed with the following output:
Change Dir: /Users/user/desktop/QServ/STABLE/mac/CMakeFiles/CMakeTmp

Run Build Command:"/usr/bin/make" "cmTC_a2383/fast"
/Applications/Xcode.app/Contents/Developer/usr/bin/make -f CMakeFiles/cmTC_a2383.dir/build.make CMakeFiles/cmTC_a2383.dir/build
Building C object CMakeFiles/cmTC_a2383.dir/CheckFunctionExists.c.o
/Applications/Xcode.app/Contents/Developer/Toolchains/XcodeDefault.xctoolchain/usr/bin/cc    -DCHECK_FUNCTION_EXISTS=gethostbyaddr_r,   -o CMakeFiles/cmTC_a2383.dir/CheckFunctionExists.c.o   -c /usr/local/share/cmake-3.4/Modules/CheckFunctionExists.c
/usr/local/share/cmake-3.4/Modules/CheckFunctionExists.c:6:28: error: expected identifier or '('
char CHECK_FUNCTION_EXISTS();
                           ^
/usr/local/share/cmake-3.4/Modules/CheckFunctionExists.c:14:25: error: expected expression
  CHECK_FUNCTION_EXISTS();
                        ^
2 errors generated.
make[2]: *** [CMakeFiles/cmTC_a2383.dir/CheckFunctionExists.c.o] Error 1
make[1]: *** [cmTC_a2383/fast] Error 2


Determining if the function gethostbyname_r, exists failed with the following output:
Change Dir: /Users/user/desktop/QServ/STABLE/mac/CMakeFiles/CMakeTmp

Run Build Command:"/usr/bin/make" "cmTC_c40aa/fast"
/Applications/Xcode.app/Contents/Developer/usr/bin/make -f CMakeFiles/cmTC_c40aa.dir/build.make CMakeFiles/cmTC_c40aa.dir/build
Building C object CMakeFiles/cmTC_c40aa.dir/CheckFunctionExists.c.o
/Applications/Xcode.app/Contents/Developer/Toolchains/XcodeDefault.xctoolchain/usr/bin/cc    -DCHECK_FUNCTION_EXISTS=gethostbyname_r,   -o CMakeFiles/cmTC_c40aa.dir/CheckFunctionExists.c.o   -c /usr/local/share/cmake-3.4/Modules/CheckFunctionExists.c
/usr/local/share/cmake-3.4/Modules/CheckFunctionExists.c:6:28: error: expected identifier or '('
char CHECK_FUNCTION_EXISTS();
                           ^
/usr/local/share/cmake-3.4/Modules/CheckFunctionExists.c:14:25: error: expected expression
  CHECK_FUNCTION_EXISTS();
                        ^
2 errors generated.
make[2]: *** [CMakeFiles/cmTC_c40aa.dir/CheckFunctionExists.c.o] Error 1
make[1]: *** [cmTC_c40aa/fast] Error 2


Determining if the function poll, exists failed with the following output:
Change Dir: /Users/user/desktop/QServ/STABLE/mac/CMakeFiles/CMakeTmp

Run Build Command:"/usr/bin/make" "cmTC_f61f1/fast"
/Applications/Xcode.app/Contents/Developer/usr/bin/make -f CMakeFiles/cmTC_f61f1.dir/build.make CMakeFiles/cmTC_f61f1.dir/build
Building C object CMakeFiles/cmTC_f61f1.dir/CheckFunctionExists.c.o
/Applications/Xcode.app/Contents/Developer/Toolchains/XcodeDefault.xctoolchain/usr/bin/cc    -DCHECK_FUNCTION_EXISTS=poll,   -o CMakeFiles/cmTC_f61f1.dir/CheckFunctionExists.c.o   -c /usr/local/share/cmake-3.4/Modules/CheckFunctionExists.c
/usr/local/share/cmake-3.4/Modules/CheckFunctionExists.c:6:28: error: expected identifier or '('
char CHECK_FUNCTION_EXISTS();
                           ^
/usr/local/share/cmake-3.4/Modules/CheckFunctionExists.c:14:25: error: expected expression
  CHECK_FUNCTION_EXISTS();
                        ^
2 errors generated.
make[2]: *** [CMakeFiles/cmTC_f61f1.dir/CheckFunctionExists.c.o] Error 1
make[1]: *** [cmTC_f61f1/fast] Error 2


Determining if the function fcntl, exists failed with the following output:
Change Dir: /Users/user/desktop/QServ/STABLE/mac/CMakeFiles/CMakeTmp

Run Build Command:"/usr/bin/make" "cmTC_1c6d9/fast"
/Applications/Xcode.app/Contents/Developer/usr/bin/make -f CMakeFiles/cmTC_1c6d9.dir/build.make CMakeFiles/cmTC_1c6d9.dir/build
Building C object CMakeFiles/cmTC_1c6d9.dir/CheckFunctionExists.c.o
/Applications/Xcode.app/Contents/Developer/Toolchains/XcodeDefault.xctoolchain/usr/bin/cc    -DCHECK_FUNCTION_EXISTS=fcntl,   -o CMakeFiles/cmTC_1c6d9.dir/CheckFunctionExists.c.o   -c /usr/local/share/cmake-3.4/Modules/CheckFunctionExists.c
/usr/local/share/cmake-3.4/Modules/CheckFunctionExists.c:6:28: error: expected identifier or '('
char CHECK_FUNCTION_EXISTS();
                           ^
/usr/local/share/cmake-3.4/Modules/CheckFunctionExists.c:14:25: error: expected expression
  CHECK_FUNCTION_EXISTS();
                        ^
2 errors generated.
make[2]: *** [CMakeFiles/cmTC_1c6d9.dir/CheckFunctionExists.c.o] Error 1
make[1]: *** [cmTC_1c6d9/fast] Error 2


Determining if the function inet_pton, exists failed with the following output:
Change Dir: /Users/user/desktop/QServ/STABLE/mac/CMakeFiles/CMakeTmp

Run Build Command:"/usr/bin/make" "cmTC_271b5/fast"
/Applications/Xcode.app/Contents/Developer/usr/bin/make -f CMakeFiles/cmTC_271b5.dir/build.make CMakeFiles/cmTC_271b5.dir/build
Building C object CMakeFiles/cmTC_271b5.dir/CheckFunctionExists.c.o
/Applications/Xcode.app/Contents/Developer/Toolchains/XcodeDefault.xctoolchain/usr/bin/cc    -DCHECK_FUNCTION_EXISTS=inet_pton,   -o CMakeFiles/cmTC_271b5.dir/CheckFunctionExists.c.o   -c /usr/local/share/cmake-3.4/Modules/CheckFunctionExists.c
/usr/local/share/cmake-3.4/Modules/CheckFunctionExists.c:6:28: error: expected identifier or '('
char CHECK_FUNCTION_EXISTS();
                           ^
/usr/local/share/cmake-3.4/Modules/CheckFunctionExists.c:14:25: error: expected expression
  CHECK_FUNCTION_EXISTS();
                        ^
2 errors generated.
make[2]: *** [CMakeFiles/cmTC_271b5.dir/CheckFunctionExists.c.o] Error 1
make[1]: *** [cmTC_271b5/fast] Error 2


Determining if the function inet_ntop, exists failed with the following output:
Change Dir: /Users/user/desktop/QServ/STABLE/mac/CMakeFiles/CMakeTmp

Run Build Command:"/usr/bin/make" "cmTC_356f1/fast"
/Applications/Xcode.app/Contents/Developer/usr/bin/make -f CMakeFiles/cmTC_356f1.dir/build.make CMakeFiles/cmTC_356f1.dir/build
Building C object CMakeFiles/cmTC_356f1.dir/CheckFunctionExists.c.o
/Applications/Xcode.app/Contents/Developer/Toolchains/XcodeDefault.xctoolchain/usr/bin/cc    -DCHECK_FUNCTION_EXISTS=inet_ntop,   -o CMakeFiles/cmTC_356f1.dir/CheckFunctionExists.c.o   -c /usr/local/share/cmake-3.4/Modules/CheckFunctionExists.c
/usr/local/share/cmake-3.4/Modules/CheckFunctionExists.c:6:28: error: expected identifier or '('
char CHECK_FUNCTION_EXISTS();
                           ^
/usr/local/share/cmake-3.4/Modules/CheckFunctionExists.c:14:25: error: expected expression
  CHECK_FUNCTION_EXISTS();
                        ^
2 errors generated.
make[2]: *** [CMakeFiles/cmTC_356f1.dir/CheckFunctionExists.c.o] Error 1
make[1]: *** [cmTC_356f1/fast] Error 2


Determining if the struct msghdr.msg_flags exist failed with the following output:
Change Dir: /Users/user/desktop/QServ/STABLE/mac/CMakeFiles/CMakeTmp

Run Build Command:"/usr/bin/make" "cmTC_fa1df/fast"
/Applications/Xcode.app/Contents/Developer/usr/bin/make -f CMakeFiles/cmTC_fa1df.dir/build.make CMakeFiles/cmTC_fa1df.dir/build
Building C object CMakeFiles/cmTC_fa1df.dir/CheckSymbolExists.c.o
/Applications/Xcode.app/Contents/Developer/Toolchains/XcodeDefault.xctoolchain/usr/bin/cc     -o CMakeFiles/cmTC_fa1df.dir/CheckSymbolExists.c.o   -c /Users/user/desktop/QServ/STABLE/mac/CMakeFiles/CMakeTmp/CheckSymbolExists.c
/Users/user/desktop/QServ/STABLE/mac/CMakeFiles/CMakeTmp/CheckSymbolExists.c:7:16: warning: extra tokens at end of #ifndef directive [-Wextra-tokens]
#ifndef struct msghdr.msg_flags
               ^
               //
/Users/user/desktop/QServ/STABLE/mac/CMakeFiles/CMakeTmp/CheckSymbolExists.c:8:19: error: expected expression
  return ((int*)(&struct msghdr.msg_flags))[argc];
                  ^
1 warning and 1 error generated.
make[2]: *** [CMakeFiles/cmTC_fa1df.dir/CheckSymbolExists.c.o] Error 1
make[1]: *** [cmTC_fa1df/fast] Error 2

File /Users/user/desktop/QServ/STABLE/mac/CMakeFiles/CMakeTmp/CheckSymbolExists.c:
/* */
#include <sys/socket.h>

int main(int argc, char** argv)
{
  (void)argv;
#ifndef struct msghdr.msg_flags
  return ((int*)(&struct msghdr.msg_flags))[argc];
#else
  (void)argc;
  return 0;
#endif
}

Determining if the socklen_t exist failed with the following output:
Change Dir: /Users/user/desktop/QServ/STABLE/mac/CMakeFiles/CMakeTmp

Run Build Command:"/usr/bin/make" "cmTC_fd405/fast"
/Applications/Xcode.app/Contents/Developer/usr/bin/make -f CMakeFiles/cmTC_fd405.dir/build.make CMakeFiles/cmTC_fd405.dir/build
Building C object CMakeFiles/cmTC_fd405.dir/CheckSymbolExists.c.o
/Applications/Xcode.app/Contents/Developer/Toolchains/XcodeDefault.xctoolchain/usr/bin/cc     -o CMakeFiles/cmTC_fd405.dir/CheckSymbolExists.c.o   -c /Users/user/desktop/QServ/STABLE/mac/CMakeFiles/CMakeTmp/CheckSymbolExists.c
/Users/user/desktop/QServ/STABLE/mac/CMakeFiles/CMakeTmp/CheckSymbolExists.c:9:19: error: unexpected type name 'socklen_t': expected expression
  return ((int*)(&socklen_t))[argc];
                  ^
1 error generated.
make[2]: *** [CMakeFiles/cmTC_fd405.dir/CheckSymbolExists.c.o] Error 1
make[1]: *** [cmTC_fd405/fast] Error 2

File /Users/user/desktop/QServ/STABLE/mac/CMakeFiles/CMakeTmp/CheckSymbolExists.c:
/* */
#include <sys/types.h>
#include <sys/socket.h>

int main(int argc, char** argv)
{
  (void)argv;
#ifndef socklen_t
  return ((int*)(&socklen_t))[argc];
#else
  (void)argc;
  return 0;
#endif
}

Determining if the function gethostbyaddr_r, exists failed with the following output:
Change Dir: /Users/user/Desktop/clean-dec-23/CMakeFiles/CMakeTmp

Run Build Command:"/usr/bin/make" "cmTC_cf4ef/fast"
/Applications/Xcode.app/Contents/Developer/usr/bin/make -f CMakeFiles/cmTC_cf4ef.dir/build.make CMakeFiles/cmTC_cf4ef.dir/build
Building C object CMakeFiles/cmTC_cf4ef.dir/CheckFunctionExists.c.o
/Applications/Xcode.app/Contents/Developer/Toolchains/XcodeDefault.xctoolchain/usr/bin/cc    -DCHECK_FUNCTION_EXISTS=gethostbyaddr_r,   -o CMakeFiles/cmTC_cf4ef.dir/CheckFunctionExists.c.o   -c /usr/local/share/cmake-3.4/Modules/CheckFunctionExists.c
/usr/local/share/cmake-3.4/Modules/CheckFunctionExists.c:6:28: error: expected identifier or '('
char CHECK_FUNCTION_EXISTS();
                           ^
/usr/local/share/cmake-3.4/Modules/CheckFunctionExists.c:14:25: error: expected expression
  CHECK_FUNCTION_EXISTS();
                        ^
2 errors generated.
make[1]: *** [CMakeFiles/cmTC_cf4ef.dir/CheckFunctionExists.c.o] Error 1
make: *** [cmTC_cf4ef/fast] Error 2


Determining if the function gethostbyname_r, exists failed with the following output:
Change Dir: /Users/user/Desktop/clean-dec-23/CMakeFiles/CMakeTmp

Run Build Command:"/usr/bin/make" "cmTC_6e1c1/fast"
/Applications/Xcode.app/Contents/Developer/usr/bin/make -f CMakeFiles/cmTC_6e1c1.dir/build.make CMakeFiles/cmTC_6e1c1.dir/build
Building C object CMakeFiles/cmTC_6e1c1.dir/CheckFunctionExists.c.o
/Applications/Xcode.app/Contents/Developer/Toolchains/XcodeDefault.xctoolchain/usr/bin/cc    -DCHECK_FUNCTION_EXISTS=gethostbyname_r,   -o CMakeFiles/cmTC_6e1c1.dir/CheckFunctionExists.c.o   -c /usr/local/share/cmake-3.4/Modules/CheckFunctionExists.c
/usr/local/share/cmake-3.4/Modules/CheckFunctionExists.c:6:28: error: expected identifier or '('
char CHECK_FUNCTION_EXISTS();
                           ^
/usr/local/share/cmake-3.4/Modules/CheckFunctionExists.c:14:25: error: expected expression
  CHECK_FUNCTION_EXISTS();
                        ^
2 errors generated.
make[1]: *** [CMakeFiles/cmTC_6e1c1.dir/CheckFunctionExists.c.o] Error 1
make: *** [cmTC_6e1c1/fast] Error 2


Determining if the function poll, exists failed with the following output:
Change Dir: /Users/user/Desktop/clean-dec-23/CMakeFiles/CMakeTmp

Run Build Command:"/usr/bin/make" "cmTC_2cf79/fast"
/Applications/Xcode.app/Contents/Developer/usr/bin/make -f CMakeFiles/cmTC_2cf79.dir/build.make CMakeFiles/cmTC_2cf79.dir/build
Building C object CMakeFiles/cmTC_2cf79.dir/CheckFunctionExists.c.o
/Applications/Xcode.app/Contents/Developer/Toolchains/XcodeDefault.xctoolchain/usr/bin/cc    -DCHECK_FUNCTION_EXISTS=poll,   -o CMakeFiles/cmTC_2cf79.dir/CheckFunctionExists.c.o   -c /usr/local/share/cmake-3.4/Modules/CheckFunctionExists.c
/usr/local/share/cmake-3.4/Modules/CheckFunctionExists.c:6:28: error: expected identifier or '('
char CHECK_FUNCTION_EXISTS();
                           ^
/usr/local/share/cmake-3.4/Modules/CheckFunctionExists.c:14:25: error: expected expression
  CHECK_FUNCTION_EXISTS();
                        ^
2 errors generated.
make[1]: *** [CMakeFiles/cmTC_2cf79.dir/CheckFunctionExists.c.o] Error 1
make: *** [cmTC_2cf79/fast] Error 2


Determining if the function fcntl, exists failed with the following output:
Change Dir: /Users/user/Desktop/clean-dec-23/CMakeFiles/CMakeTmp

Run Build Command:"/usr/bin/make" "cmTC_53307/fast"
/Applications/Xcode.app/Contents/Developer/usr/bin/make -f CMakeFiles/cmTC_53307.dir/build.make CMakeFiles/cmTC_53307.dir/build
Building C object CMakeFiles/cmTC_53307.dir/CheckFunctionExists.c.o
/Applications/Xcode.app/Contents/Developer/Toolchains/XcodeDefault.xctoolchain/usr/bin/cc    -DCHECK_FUNCTION_EXISTS=fcntl,   -o CMakeFiles/cmTC_53307.dir/CheckFunctionExists.c.o   -c /usr/local/share/cmake-3.4/Modules/CheckFunctionExists.c
/usr/local/share/cmake-3.4/Modules/CheckFunctionExists.c:6:28: error: expected identifier or '('
char CHECK_FUNCTION_EXISTS();
                           ^
/usr/local/share/cmake-3.4/Modules/CheckFunctionExists.c:14:25: error: expected expression
  CHECK_FUNCTION_EXISTS();
                        ^
2 errors generated.
make[1]: *** [CMakeFiles/cmTC_53307.dir/CheckFunctionExists.c.o] Error 1
make: *** [cmTC_53307/fast] Error 2


Determining if the function inet_pton, exists failed with the following output:
Change Dir: /Users/user/Desktop/clean-dec-23/CMakeFiles/CMakeTmp

Run Build Command:"/usr/bin/make" "cmTC_ca461/fast"
/Applications/Xcode.app/Contents/Developer/usr/bin/make -f CMakeFiles/cmTC_ca461.dir/build.make CMakeFiles/cmTC_ca461.dir/build
Building C object CMakeFiles/cmTC_ca461.dir/CheckFunctionExists.c.o
/Applications/Xcode.app/Contents/Developer/Toolchains/XcodeDefault.xctoolchain/usr/bin/cc    -DCHECK_FUNCTION_EXISTS=inet_pton,   -o CMakeFiles/cmTC_ca461.dir/CheckFunctionExists.c.o   -c /usr/local/share/cmake-3.4/Modules/CheckFunctionExists.c
/usr/local/share/cmake-3.4/Modules/CheckFunctionExists.c:6:28: error: expected identifier or '('
char CHECK_FUNCTION_EXISTS();
                           ^
/usr/local/share/cmake-3.4/Modules/CheckFunctionExists.c:14:25: error: expected expression
  CHECK_FUNCTION_EXISTS();
                        ^
2 errors generated.
make[1]: *** [CMakeFiles/cmTC_ca461.dir/CheckFunctionExists.c.o] Error 1
make: *** [cmTC_ca461/fast] Error 2


Determining if the function inet_ntop, exists failed with the following output:
Change Dir: /Users/user/Desktop/clean-dec-23/CMakeFiles/CMakeTmp

Run Build Command:"/usr/bin/make" "cmTC_767b2/fast"
/Applications/Xcode.app/Contents/Developer/usr/bin/make -f CMakeFiles/cmTC_767b2.dir/build.make CMakeFiles/cmTC_767b2.dir/build
Building C object CMakeFiles/cmTC_767b2.dir/CheckFunctionExists.c.o
/Applications/Xcode.app/Contents/Developer/Toolchains/XcodeDefault.xctoolchain/usr/bin/cc    -DCHECK_FUNCTION_EXISTS=inet_ntop,   -o CMakeFiles/cmTC_767b2.dir/CheckFunctionExists.c.o   -c /usr/local/share/cmake-3.4/Modules/CheckFunctionExists.c
/usr/local/share/cmake-3.4/Modules/CheckFunctionExists.c:6:28: error: expected identifier or '('
char CHECK_FUNCTION_EXISTS();
                           ^
/usr/local/share/cmake-3.4/Modules/CheckFunctionExists.c:14:25: error: expected expression
  CHECK_FUNCTION_EXISTS();
                        ^
2 errors generated.
make[1]: *** [CMakeFiles/cmTC_767b2.dir/CheckFunctionExists.c.o] Error 1
make: *** [cmTC_767b2/fast] Error 2


Determining if the struct msghdr.msg_flags exist failed with the following output:
Change Dir: /Users/user/Desktop/clean-dec-23/CMakeFiles/CMakeTmp

Run Build Command:"/usr/bin/make" "cmTC_2445b/fast"
/Applications/Xcode.app/Contents/Developer/usr/bin/make -f CMakeFiles/cmTC_2445b.dir/build.make CMakeFiles/cmTC_2445b.dir/build
Building C object CMakeFiles/cmTC_2445b.dir/CheckSymbolExists.c.o
/Applications/Xcode.app/Contents/Developer/Toolchains/XcodeDefault.xctoolchain/usr/bin/cc     -o CMakeFiles/cmTC_2445b.dir/CheckSymbolExists.c.o   -c /Users/user/Desktop/clean-dec-23/CMakeFiles/CMakeTmp/CheckSymbolExists.c
/Users/user/Desktop/clean-dec-23/CMakeFiles/CMakeTmp/CheckSymbolExists.c:7:16: warning: extra tokens at end of #ifndef directive [-Wextra-tokens]
#ifndef struct msghdr.msg_flags
               ^
               //
/Users/user/Desktop/clean-dec-23/CMakeFiles/CMakeTmp/CheckSymbolExists.c:8:19: error: expected expression
  return ((int*)(&struct msghdr.msg_flags))[argc];
                  ^
1 warning and 1 error generated.
make[1]: *** [CMakeFiles/cmTC_2445b.dir/CheckSymbolExists.c.o] Error 1
make: *** [cmTC_2445b/fast] Error 2

File /Users/user/Desktop/clean-dec-23/CMakeFiles/CMakeTmp/CheckSymbolExists.c:
/* */
#include <sys/socket.h>

int main(int argc, char** argv)
{
  (void)argv;
#ifndef struct msghdr.msg_flags
  return ((int*)(&struct msghdr.msg_flags))[argc];
#else
  (void)argc;
  return 0;
#endif
}

Determining if the socklen_t exist failed with the following output:
Change Dir: /Users/user/Desktop/clean-dec-23/CMakeFiles/CMakeTmp

Run Build Command:"/usr/bin/make" "cmTC_7e75b/fast"
/Applications/Xcode.app/Contents/Developer/usr/bin/make -f CMakeFiles/cmTC_7e75b.dir/build.make CMakeFiles/cmTC_7e75b.dir/build
Building C object CMakeFiles/cmTC_7e75b.dir/CheckSymbolExists.c.o
/Applications/Xcode.app/Contents/Developer/Toolchains/XcodeDefault.xctoolchain/usr/bin/cc     -o CMakeFiles/cmTC_7e75b.dir/CheckSymbolExists.c.o   -c /Users/user/Desktop/clean-dec-23/CMakeFiles/CMakeTmp/CheckSymbolExists.c
/Users/user/Desktop/clean-dec-23/CMakeFiles/CMakeTmp/CheckSymbolExists.c:9:19: error: unexpected type name 'socklen_t': expected expression
  return ((int*)(&socklen_t))[argc];
                  ^
1 error generated.
make[1]: *** [CMakeFiles/cmTC_7e75b.dir/CheckSymbolExists.c.o] Error 1
make: *** [cmTC_7e75b/fast] Error 2

File /Users/user/Desktop/clean-dec-23/CMakeFiles/CMakeTmp/CheckSymbolExists.c:
/* */
#include <sys/types.h>
#include <sys/socket.h>

int main(int argc, char** argv)
{
  (void)argv;
#ifndef socklen_t
  return ((int*)(&socklen_t))[argc];
#else
  (void)argc;
  return 0;
#endif
}

Determining if the function gethostbyaddr_r, exists failed with the following output:
Change Dir: /Users/user/Desktop/clean-dec-23/CMakeFiles/CMakeTmp

Run Build Command:"/usr/bin/make" "cmTC_84fc8/fast"
/Applications/Xcode.app/Contents/Developer/usr/bin/make -f CMakeFiles/cmTC_84fc8.dir/build.make CMakeFiles/cmTC_84fc8.dir/build
Building C object CMakeFiles/cmTC_84fc8.dir/CheckFunctionExists.c.o
/Applications/Xcode.app/Contents/Developer/Toolchains/XcodeDefault.xctoolchain/usr/bin/cc    -DCHECK_FUNCTION_EXISTS=gethostbyaddr_r,   -o CMakeFiles/cmTC_84fc8.dir/CheckFunctionExists.c.o   -c /usr/local/share/cmake-3.4/Modules/CheckFunctionExists.c
/usr/local/share/cmake-3.4/Modules/CheckFunctionExists.c:6:28: error: expected identifier or '('
char CHECK_FUNCTION_EXISTS();
                           ^
/usr/local/share/cmake-3.4/Modules/CheckFunctionExists.c:14:25: error: expected expression
  CHECK_FUNCTION_EXISTS();
                        ^
2 errors generated.
make[2]: *** [CMakeFiles/cmTC_84fc8.dir/CheckFunctionExists.c.o] Error 1
make[1]: *** [cmTC_84fc8/fast] Error 2


Determining if the function gethostbyname_r, exists failed with the following output:
Change Dir: /Users/user/Desktop/clean-dec-23/CMakeFiles/CMakeTmp

Run Build Command:"/usr/bin/make" "cmTC_8c4b9/fast"
/Applications/Xcode.app/Contents/Developer/usr/bin/make -f CMakeFiles/cmTC_8c4b9.dir/build.make CMakeFiles/cmTC_8c4b9.dir/build
Building C object CMakeFiles/cmTC_8c4b9.dir/CheckFunctionExists.c.o
/Applications/Xcode.app/Contents/Developer/Toolchains/XcodeDefault.xctoolchain/usr/bin/cc    -DCHECK_FUNCTION_EXISTS=gethostbyname_r,   -o CMakeFiles/cmTC_8c4b9.dir/CheckFunctionExists.c.o   -c /usr/local/share/cmake-3.4/Modules/CheckFunctionExists.c
/usr/local/share/cmake-3.4/Modules/CheckFunctionExists.c:6:28: error: expected identifier or '('
char CHECK_FUNCTION_EXISTS();
                           ^
/usr/local/share/cmake-3.4/Modules/CheckFunctionExists.c:14:25: error: expected expression
  CHECK_FUNCTION_EXISTS();
                        ^
2 errors generated.
make[2]: *** [CMakeFiles/cmTC_8c4b9.dir/CheckFunctionExists.c.o] Error 1
make[1]: *** [cmTC_8c4b9/fast] Error 2


Determining if the function poll, exists failed with the following output:
Change Dir: /Users/user/Desktop/clean-dec-23/CMakeFiles/CMakeTmp

Run Build Command:"/usr/bin/make" "cmTC_1525e/fast"
/Applications/Xcode.app/Contents/Developer/usr/bin/make -f CMakeFiles/cmTC_1525e.dir/build.make CMakeFiles/cmTC_1525e.dir/build
Building C object CMakeFiles/cmTC_1525e.dir/CheckFunctionExists.c.o
/Applications/Xcode.app/Contents/Developer/Toolchains/XcodeDefault.xctoolchain/usr/bin/cc    -DCHECK_FUNCTION_EXISTS=poll,   -o CMakeFiles/cmTC_1525e.dir/CheckFunctionExists.c.o   -c /usr/local/share/cmake-3.4/Modules/CheckFunctionExists.c
/usr/local/share/cmake-3.4/Modules/CheckFunctionExists.c:6:28: error: expected identifier or '('
char CHECK_FUNCTION_EXISTS();
                           ^
/usr/local/share/cmake-3.4/Modules/CheckFunctionExists.c:14:25: error: expected expression
  CHECK_FUNCTION_EXISTS();
                        ^
2 errors generated.
make[2]: *** [CMakeFiles/cmTC_1525e.dir/CheckFunctionExists.c.o] Error 1
make[1]: *** [cmTC_1525e/fast] Error 2


Determining if the function fcntl, exists failed with the following output:
Change Dir: /Users/user/Desktop/clean-dec-23/CMakeFiles/CMakeTmp

Run Build Command:"/usr/bin/make" "cmTC_b7a7f/fast"
/Applications/Xcode.app/Contents/Developer/usr/bin/make -f CMakeFiles/cmTC_b7a7f.dir/build.make CMakeFiles/cmTC_b7a7f.dir/build
Building C object CMakeFiles/cmTC_b7a7f.dir/CheckFunctionExists.c.o
/Applications/Xcode.app/Contents/Developer/Toolchains/XcodeDefault.xctoolchain/usr/bin/cc    -DCHECK_FUNCTION_EXISTS=fcntl,   -o CMakeFiles/cmTC_b7a7f.dir/CheckFunctionExists.c.o   -c /usr/local/share/cmake-3.4/Modules/CheckFunctionExists.c
/usr/local/share/cmake-3.4/Modules/CheckFunctionExists.c:6:28: error: expected identifier or '('
char CHECK_FUNCTION_EXISTS();
                           ^
/usr/local/share/cmake-3.4/Modules/CheckFunctionExists.c:14:25: error: expected expression
  CHECK_FUNCTION_EXISTS();
                        ^
2 errors generated.
make[2]: *** [CMakeFiles/cmTC_b7a7f.dir/CheckFunctionExists.c.o] Error 1
make[1]: *** [cmTC_b7a7f/fast] Error 2


Determining if the function inet_pton, exists failed with the following output:
Change Dir: /Users/user/Desktop/clean-dec-23/CMakeFiles/CMakeTmp

Run Build Command:"/usr/bin/make" "cmTC_eb876/fast"
/Applications/Xcode.app/Contents/Developer/usr/bin/make -f CMakeFiles/cmTC_eb876.dir/build.make CMakeFiles/cmTC_eb876.dir/build
Building C object CMakeFiles/cmTC_eb876.dir/CheckFunctionExists.c.o
/Applications/Xcode.app/Contents/Developer/Toolchains/XcodeDefault.xctoolchain/usr/bin/cc    -DCHECK_FUNCTION_EXISTS=inet_pton,   -o CMakeFiles/cmTC_eb876.dir/CheckFunctionExists.c.o   -c /usr/local/share/cmake-3.4/Modules/CheckFunctionExists.c
/usr/local/share/cmake-3.4/Modules/CheckFunctionExists.c:6:28: error: expected identifier or '('
char CHECK_FUNCTION_EXISTS();
                           ^
/usr/local/share/cmake-3.4/Modules/CheckFunctionExists.c:14:25: error: expected expression
  CHECK_FUNCTION_EXISTS();
                        ^
2 errors generated.
make[2]: *** [CMakeFiles/cmTC_eb876.dir/CheckFunctionExists.c.o] Error 1
make[1]: *** [cmTC_eb876/fast] Error 2


Determining if the function inet_ntop, exists failed with the following output:
Change Dir: /Users/user/Desktop/clean-dec-23/CMakeFiles/CMakeTmp

Run Build Command:"/usr/bin/make" "cmTC_2419b/fast"
/Applications/Xcode.app/Contents/Developer/usr/bin/make -f CMakeFiles/cmTC_2419b.dir/build.make CMakeFiles/cmTC_2419b.dir/build
Building C object CMakeFiles/cmTC_2419b.dir/CheckFunctionExists.c.o
/Applications/Xcode.app/Contents/Developer/Toolchains/XcodeDefault.xctoolchain/usr/bin/cc    -DCHECK_FUNCTION_EXISTS=inet_ntop,   -o CMakeFiles/cmTC_2419b.dir/CheckFunctionExists.c.o   -c /usr/local/share/cmake-3.4/Modules/CheckFunctionExists.c
/usr/local/share/cmake-3.4/Modules/CheckFunctionExists.c:6:28: error: expected identifier or '('
char CHECK_FUNCTION_EXISTS();
                           ^
/usr/local/share/cmake-3.4/Modules/CheckFunctionExists.c:14:25: error: expected expression
  CHECK_FUNCTION_EXISTS();
                        ^
2 errors generated.
make[2]: *** [CMakeFiles/cmTC_2419b.dir/CheckFunctionExists.c.o] Error 1
make[1]: *** [cmTC_2419b/fast] Error 2


Determining if the struct msghdr.msg_flags exist failed with the following output:
Change Dir: /Users/user/Desktop/clean-dec-23/CMakeFiles/CMakeTmp

Run Build Command:"/usr/bin/make" "cmTC_f25c7/fast"
/Applications/Xcode.app/Contents/Developer/usr/bin/make -f CMakeFiles/cmTC_f25c7.dir/build.make CMakeFiles/cmTC_f25c7.dir/build
Building C object CMakeFiles/cmTC_f25c7.dir/CheckSymbolExists.c.o
/Applications/Xcode.app/Contents/Developer/Toolchains/XcodeDefault.xctoolchain/usr/bin/cc     -o CMakeFiles/cmTC_f25c7.dir/CheckSymbolExists.c.o   -c /Users/user/Desktop/clean-dec-23/CMakeFiles/CMakeTmp/CheckSymbolExists.c
/Users/user/Desktop/clean-dec-23/CMakeFiles/CMakeTmp/CheckSymbolExists.c:7:16: warning: extra tokens at end of #ifndef directive [-Wextra-tokens]
#ifndef struct msghdr.msg_flags
               ^
               //
/Users/user/Desktop/clean-dec-23/CMakeFiles/CMakeTmp/CheckSymbolExists.c:8:19: error: expected expression
  return ((int*)(&struct msghdr.msg_flags))[argc];
                  ^
1 warning and 1 error generated.
make[2]: *** [CMakeFiles/cmTC_f25c7.dir/CheckSymbolExists.c.o] Error 1
make[1]: *** [cmTC_f25c7/fast] Error 2

File /Users/user/Desktop/clean-dec-23/CMakeFiles/CMakeTmp/CheckSymbolExists.c:
/* */
#include <sys/socket.h>

int main(int argc, char** argv)
{
  (void)argv;
#ifndef struct msghdr.msg_flags
  return ((int*)(&struct msghdr.msg_flags))[argc];
#else
  (void)argc;
  return 0;
#endif
}

Determining if the socklen_t exist failed with the following output:
Change Dir: /Users/user/Desktop/clean-dec-23/CMakeFiles/CMakeTmp

Run Build Command:"/usr/bin/make" "cmTC_08020/fast"
/Applications/Xcode.app/Contents/Developer/usr/bin/make -f CMakeFiles/cmTC_08020.dir/build.make CMakeFiles/cmTC_08020.dir/build
Building C object CMakeFiles/cmTC_08020.dir/CheckSymbolExists.c.o
/Applications/Xcode.app/Contents/Developer/Toolchains/XcodeDefault.xctoolchain/usr/bin/cc     -o CMakeFiles/cmTC_08020.dir/CheckSymbolExists.c.o   -c /Users/user/Desktop/clean-dec-23/CMakeFiles/CMakeTmp/CheckSymbolExists.c
/Users/user/Desktop/clean-dec-23/CMakeFiles/CMakeTmp/CheckSymbolExists.c:9:19: error: unexpected type name 'socklen_t': expected expression
  return ((int*)(&socklen_t))[argc];
                  ^
1 error generated.
make[2]: *** [CMakeFiles/cmTC_08020.dir/CheckSymbolExists.c.o] Error 1
make[1]: *** [cmTC_08020/fast] Error 2

File /Users/user/Desktop/clean-dec-23/CMakeFiles/CMakeTmp/CheckSymbolExists.c:
/* */
#include <sys/types.h>
#include <sys/socket.h>

int main(int argc, char** argv)
{
  (void)argv;
#ifndef socklen_t
  return ((int*)(&socklen_t))[argc];
#else
  (void)argc;
  return 0;
#endif
}

Determining if the function gethostbyaddr_r, exists failed with the following output:
Change Dir: /Users/user/Desktop/clean-dec-23/CMakeFiles/CMakeTmp

Run Build Command:"/usr/bin/make" "cmTC_b8bdc/fast"
/Applications/Xcode.app/Contents/Developer/usr/bin/make -f CMakeFiles/cmTC_b8bdc.dir/build.make CMakeFiles/cmTC_b8bdc.dir/build
Building C object CMakeFiles/cmTC_b8bdc.dir/CheckFunctionExists.c.o
/Applications/Xcode.app/Contents/Developer/Toolchains/XcodeDefault.xctoolchain/usr/bin/cc    -DCHECK_FUNCTION_EXISTS=gethostbyaddr_r,   -o CMakeFiles/cmTC_b8bdc.dir/CheckFunctionExists.c.o   -c /usr/local/share/cmake-3.4/Modules/CheckFunctionExists.c
/usr/local/share/cmake-3.4/Modules/CheckFunctionExists.c:6:28: error: expected identifier or '('
char CHECK_FUNCTION_EXISTS();
                           ^
/usr/local/share/cmake-3.4/Modules/CheckFunctionExists.c:14:25: error: expected expression
  CHECK_FUNCTION_EXISTS();
                        ^
2 errors generated.
make[2]: *** [CMakeFiles/cmTC_b8bdc.dir/CheckFunctionExists.c.o] Error 1
make[1]: *** [cmTC_b8bdc/fast] Error 2


Determining if the function gethostbyname_r, exists failed with the following output:
Change Dir: /Users/user/Desktop/clean-dec-23/CMakeFiles/CMakeTmp

Run Build Command:"/usr/bin/make" "cmTC_fc198/fast"
/Applications/Xcode.app/Contents/Developer/usr/bin/make -f CMakeFiles/cmTC_fc198.dir/build.make CMakeFiles/cmTC_fc198.dir/build
Building C object CMakeFiles/cmTC_fc198.dir/CheckFunctionExists.c.o
/Applications/Xcode.app/Contents/Developer/Toolchains/XcodeDefault.xctoolchain/usr/bin/cc    -DCHECK_FUNCTION_EXISTS=gethostbyname_r,   -o CMakeFiles/cmTC_fc198.dir/CheckFunctionExists.c.o   -c /usr/local/share/cmake-3.4/Modules/CheckFunctionExists.c
/usr/local/share/cmake-3.4/Modules/CheckFunctionExists.c:6:28: error: expected identifier or '('
char CHECK_FUNCTION_EXISTS();
                           ^
/usr/local/share/cmake-3.4/Modules/CheckFunctionExists.c:14:25: error: expected expression
  CHECK_FUNCTION_EXISTS();
                        ^
2 errors generated.
make[2]: *** [CMakeFiles/cmTC_fc198.dir/CheckFunctionExists.c.o] Error 1
make[1]: *** [cmTC_fc198/fast] Error 2


Determining if the function poll, exists failed with the following output:
Change Dir: /Users/user/Desktop/clean-dec-23/CMakeFiles/CMakeTmp

Run Build Command:"/usr/bin/make" "cmTC_88cff/fast"
/Applications/Xcode.app/Contents/Developer/usr/bin/make -f CMakeFiles/cmTC_88cff.dir/build.make CMakeFiles/cmTC_88cff.dir/build
Building C object CMakeFiles/cmTC_88cff.dir/CheckFunctionExists.c.o
/Applications/Xcode.app/Contents/Developer/Toolchains/XcodeDefault.xctoolchain/usr/bin/cc    -DCHECK_FUNCTION_EXISTS=poll,   -o CMakeFiles/cmTC_88cff.dir/CheckFunctionExists.c.o   -c /usr/local/share/cmake-3.4/Modules/CheckFunctionExists.c
/usr/local/share/cmake-3.4/Modules/CheckFunctionExists.c:6:28: error: expected identifier or '('
char CHECK_FUNCTION_EXISTS();
                           ^
/usr/local/share/cmake-3.4/Modules/CheckFunctionExists.c:14:25: error: expected expression
  CHECK_FUNCTION_EXISTS();
                        ^
2 errors generated.
make[2]: *** [CMakeFiles/cmTC_88cff.dir/CheckFunctionExists.c.o] Error 1
make[1]: *** [cmTC_88cff/fast] Error 2


Determining if the function fcntl, exists failed with the following output:
Change Dir: /Users/user/Desktop/clean-dec-23/CMakeFiles/CMakeTmp

Run Build Command:"/usr/bin/make" "cmTC_9faf8/fast"
/Applications/Xcode.app/Contents/Developer/usr/bin/make -f CMakeFiles/cmTC_9faf8.dir/build.make CMakeFiles/cmTC_9faf8.dir/build
Building C object CMakeFiles/cmTC_9faf8.dir/CheckFunctionExists.c.o
/Applications/Xcode.app/Contents/Developer/Toolchains/XcodeDefault.xctoolchain/usr/bin/cc    -DCHECK_FUNCTION_EXISTS=fcntl,   -o CMakeFiles/cmTC_9faf8.dir/CheckFunctionExists.c.o   -c /usr/local/share/cmake-3.4/Modules/CheckFunctionExists.c
/usr/local/share/cmake-3.4/Modules/CheckFunctionExists.c:6:28: error: expected identifier or '('
char CHECK_FUNCTION_EXISTS();
                           ^
/usr/local/share/cmake-3.4/Modules/CheckFunctionExists.c:14:25: error: expected expression
  CHECK_FUNCTION_EXISTS();
                        ^
2 errors generated.
make[2]: *** [CMakeFiles/cmTC_9faf8.dir/CheckFunctionExists.c.o] Error 1
make[1]: *** [cmTC_9faf8/fast] Error 2


Determining if the function inet_pton, exists failed with the following output:
Change Dir: /Users/user/Desktop/clean-dec-23/CMakeFiles/CMakeTmp

Run Build Command:"/usr/bin/make" "cmTC_61b62/fast"
/Applications/Xcode.app/Contents/Developer/usr/bin/make -f CMakeFiles/cmTC_61b62.dir/build.make CMakeFiles/cmTC_61b62.dir/build
Building C object CMakeFiles/cmTC_61b62.dir/CheckFunctionExists.c.o
/Applications/Xcode.app/Contents/Developer/Toolchains/XcodeDefault.xctoolchain/usr/bin/cc    -DCHECK_FUNCTION_EXISTS=inet_pton,   -o CMakeFiles/cmTC_61b62.dir/CheckFunctionExists.c.o   -c /usr/local/share/cmake-3.4/Modules/CheckFunctionExists.c
/usr/local/share/cmake-3.4/Modules/CheckFunctionExists.c:6:28: error: expected identifier or '('
char CHECK_FUNCTION_EXISTS();
                           ^
/usr/local/share/cmake-3.4/Modules/CheckFunctionExists.c:14:25: error: expected expression
  CHECK_FUNCTION_EXISTS();
                        ^
2 errors generated.
make[2]: *** [CMakeFiles/cmTC_61b62.dir/CheckFunctionExists.c.o] Error 1
make[1]: *** [cmTC_61b62/fast] Error 2


Determining if the function inet_ntop, exists failed with the following output:
Change Dir: /Users/user/Desktop/clean-dec-23/CMakeFiles/CMakeTmp

Run Build Command:"/usr/bin/make" "cmTC_58042/fast"
/Applications/Xcode.app/Contents/Developer/usr/bin/make -f CMakeFiles/cmTC_58042.dir/build.make CMakeFiles/cmTC_58042.dir/build
Building C object CMakeFiles/cmTC_58042.dir/CheckFunctionExists.c.o
/Applications/Xcode.app/Contents/Developer/Toolchains/XcodeDefault.xctoolchain/usr/bin/cc    -DCHECK_FUNCTION_EXISTS=inet_ntop,   -o CMakeFiles/cmTC_58042.dir/CheckFunctionExists.c.o   -c /usr/local/share/cmake-3.4/Modules/CheckFunctionExists.c
/usr/local/share/cmake-3.4/Modules/CheckFunctionExists.c:6:28: error: expected identifier or '('
char CHECK_FUNCTION_EXISTS();
                           ^
/usr/local/share/cmake-3.4/Modules/CheckFunctionExists.c:14:25: error: expected expression
  CHECK_FUNCTION_EXISTS();
                        ^
2 errors generated.
make[2]: *** [CMakeFiles/cmTC_58042.dir/CheckFunctionExists.c.o] Error 1
make[1]: *** [cmTC_58042/fast] Error 2


Determining if the struct msghdr.msg_flags exist failed with the following output:
Change Dir: /Users/user/Desktop/clean-dec-23/CMakeFiles/CMakeTmp

Run Build Command:"/usr/bin/make" "cmTC_040e2/fast"
/Applications/Xcode.app/Contents/Developer/usr/bin/make -f CMakeFiles/cmTC_040e2.dir/build.make CMakeFiles/cmTC_040e2.dir/build
Building C object CMakeFiles/cmTC_040e2.dir/CheckSymbolExists.c.o
/Applications/Xcode.app/Contents/Developer/Toolchains/XcodeDefault.xctoolchain/usr/bin/cc     -o CMakeFiles/cmTC_040e2.dir/CheckSymbolExists.c.o   -c /Users/user/Desktop/clean-dec-23/CMakeFiles/CMakeTmp/CheckSymbolExists.c
/Users/user/Desktop/clean-dec-23/CMakeFiles/CMakeTmp/CheckSymbolExists.c:7:16: warning: extra tokens at end of #ifndef directive [-Wextra-tokens]
#ifndef struct msghdr.msg_flags
               ^
               //
/Users/user/Desktop/clean-dec-23/CMakeFiles/CMakeTmp/CheckSymbolExists.c:8:19: error: expected expression
  return ((int*)(&struct msghdr.msg_flags))[argc];
                  ^
1 warning and 1 error generated.
make[2]: *** [CMakeFiles/cmTC_040e2.dir/CheckSymbolExists.c.o] Error 1
make[1]: *** [cmTC_040e2/fast] Error 2

File /Users/user/Desktop/clean-dec-23/CMakeFiles/CMakeTmp/CheckSymbolExists.c:
/* */
#include <sys/socket.h>

int main(int argc, char** argv)
{
  (void)argv;
#ifndef struct msghdr.msg_flags
  return ((int*)(&struct msghdr.msg_flags))[argc];
#else
  (void)argc;
  return 0;
#endif
}

Determining if the socklen_t exist failed with the following output:
Change Dir: /Users/user/Desktop/clean-dec-23/CMakeFiles/CMakeTmp

Run Build Command:"/usr/bin/make" "cmTC_7b8c2/fast"
/Applications/Xcode.app/Contents/Developer/usr/bin/make -f CMakeFiles/cmTC_7b8c2.dir/build.make CMakeFiles/cmTC_7b8c2.dir/build
Building C object CMakeFiles/cmTC_7b8c2.dir/CheckSymbolExists.c.o
/Applications/Xcode.app/Contents/Developer/Toolchains/XcodeDefault.xctoolchain/usr/bin/cc     -o CMakeFiles/cmTC_7b8c2.dir/CheckSymbolExists.c.o   -c /Users/user/Desktop/clean-dec-23/CMakeFiles/CMakeTmp/CheckSymbolExists.c
/Users/user/Desktop/clean-dec-23/CMakeFiles/CMakeTmp/CheckSymbolExists.c:9:19: error: unexpected type name 'socklen_t': expected expression
  return ((int*)(&socklen_t))[argc];
                  ^
1 error generated.
make[2]: *** [CMakeFiles/cmTC_7b8c2.dir/CheckSymbolExists.c.o] Error 1
make[1]: *** [cmTC_7b8c2/fast] Error 2

File /Users/user/Desktop/clean-dec-23/CMakeFiles/CMakeTmp/CheckSymbolExists.c:
/* */
#include <sys/types.h>
#include <sys/socket.h>

int main(int argc, char** argv)
{
  (void)argv;
#ifndef socklen_t
  return ((int*)(&socklen_t))[argc];
#else
  (void)argc;
  return 0;
#endif
}

Determining if the function gethostbyaddr_r, exists failed with the following output:
Change Dir: /Users/user/Desktop/clean-dec-23/CMakeFiles/CMakeTmp

Run Build Command:"/usr/bin/make" "cmTC_7cd5d/fast"
/Applications/Xcode.app/Contents/Developer/usr/bin/make -f CMakeFiles/cmTC_7cd5d.dir/build.make CMakeFiles/cmTC_7cd5d.dir/build
Building C object CMakeFiles/cmTC_7cd5d.dir/CheckFunctionExists.c.o
/Applications/Xcode.app/Contents/Developer/Toolchains/XcodeDefault.xctoolchain/usr/bin/cc    -DCHECK_FUNCTION_EXISTS=gethostbyaddr_r,   -o CMakeFiles/cmTC_7cd5d.dir/CheckFunctionExists.c.o   -c /usr/local/share/cmake-3.4/Modules/CheckFunctionExists.c
/usr/local/share/cmake-3.4/Modules/CheckFunctionExists.c:6:28: error: expected identifier or '('
char CHECK_FUNCTION_EXISTS();
                           ^
/usr/local/share/cmake-3.4/Modules/CheckFunctionExists.c:14:25: error: expected expression
  CHECK_FUNCTION_EXISTS();
                        ^
2 errors generated.
make[2]: *** [CMakeFiles/cmTC_7cd5d.dir/CheckFunctionExists.c.o] Error 1
make[1]: *** [cmTC_7cd5d/fast] Error 2


Determining if the function gethostbyname_r, exists failed with the following output:
Change Dir: /Users/user/Desktop/clean-dec-23/CMakeFiles/CMakeTmp

Run Build Command:"/usr/bin/make" "cmTC_db074/fast"
/Applications/Xcode.app/Contents/Developer/usr/bin/make -f CMakeFiles/cmTC_db074.dir/build.make CMakeFiles/cmTC_db074.dir/build
Building C object CMakeFiles/cmTC_db074.dir/CheckFunctionExists.c.o
/Applications/Xcode.app/Contents/Developer/Toolchains/XcodeDefault.xctoolchain/usr/bin/cc    -DCHECK_FUNCTION_EXISTS=gethostbyname_r,   -o CMakeFiles/cmTC_db074.dir/CheckFunctionExists.c.o   -c /usr/local/share/cmake-3.4/Modules/CheckFunctionExists.c
/usr/local/share/cmake-3.4/Modules/CheckFunctionExists.c:6:28: error: expected identifier or '('
char CHECK_FUNCTION_EXISTS();
                           ^
/usr/local/share/cmake-3.4/Modules/CheckFunctionExists.c:14:25: error: expected expression
  CHECK_FUNCTION_EXISTS();
                        ^
2 errors generated.
make[2]: *** [CMakeFiles/cmTC_db074.dir/CheckFunctionExists.c.o] Error 1
make[1]: *** [cmTC_db074/fast] Error 2


Determining if the function poll, exists failed with the following output:
Change Dir: /Users/user/Desktop/clean-dec-23/CMakeFiles/CMakeTmp

Run Build Command:"/usr/bin/make" "cmTC_8229c/fast"
/Applications/Xcode.app/Contents/Developer/usr/bin/make -f CMakeFiles/cmTC_8229c.dir/build.make CMakeFiles/cmTC_8229c.dir/build
Building C object CMakeFiles/cmTC_8229c.dir/CheckFunctionExists.c.o
/Applications/Xcode.app/Contents/Developer/Toolchains/XcodeDefault.xctoolchain/usr/bin/cc    -DCHECK_FUNCTION_EXISTS=poll,   -o CMakeFiles/cmTC_8229c.dir/CheckFunctionExists.c.o   -c /usr/local/share/cmake-3.4/Modules/CheckFunctionExists.c
/usr/local/share/cmake-3.4/Modules/CheckFunctionExists.c:6:28: error: expected identifier or '('
char CHECK_FUNCTION_EXISTS();
                           ^
/usr/local/share/cmake-3.4/Modules/CheckFunctionExists.c:14:25: error: expected expression
  CHECK_FUNCTION_EXISTS();
                        ^
2 errors generated.
make[2]: *** [CMakeFiles/cmTC_8229c.dir/CheckFunctionExists.c.o] Error 1
make[1]: *** [cmTC_8229c/fast] Error 2


Determining if the function fcntl, exists failed with the following output:
Change Dir: /Users/user/Desktop/clean-dec-23/CMakeFiles/CMakeTmp

Run Build Command:"/usr/bin/make" "cmTC_c43c4/fast"
/Applications/Xcode.app/Contents/Developer/usr/bin/make -f CMakeFiles/cmTC_c43c4.dir/build.make CMakeFiles/cmTC_c43c4.dir/build
Building C object CMakeFiles/cmTC_c43c4.dir/CheckFunctionExists.c.o
/Applications/Xcode.app/Contents/Developer/Toolchains/XcodeDefault.xctoolchain/usr/bin/cc    -DCHECK_FUNCTION_EXISTS=fcntl,   -o CMakeFiles/cmTC_c43c4.dir/CheckFunctionExists.c.o   -c /usr/local/share/cmake-3.4/Modules/CheckFunctionExists.c
/usr/local/share/cmake-3.4/Modules/CheckFunctionExists.c:6:28: error: expected identifier or '('
char CHECK_FUNCTION_EXISTS();
                           ^
/usr/local/share/cmake-3.4/Modules/CheckFunctionExists.c:14:25: error: expected expression
  CHECK_FUNCTION_EXISTS();
                        ^
2 errors generated.
make[2]: *** [CMakeFiles/cmTC_c43c4.dir/CheckFunctionExists.c.o] Error 1
make[1]: *** [cmTC_c43c4/fast] Error 2


Determining if the function inet_pton, exists failed with the following output:
Change Dir: /Users/user/Desktop/clean-dec-23/CMakeFiles/CMakeTmp

Run Build Command:"/usr/bin/make" "cmTC_0c7b6/fast"
/Applications/Xcode.app/Contents/Developer/usr/bin/make -f CMakeFiles/cmTC_0c7b6.dir/build.make CMakeFiles/cmTC_0c7b6.dir/build
Building C object CMakeFiles/cmTC_0c7b6.dir/CheckFunctionExists.c.o
/Applications/Xcode.app/Contents/Developer/Toolchains/XcodeDefault.xctoolchain/usr/bin/cc    -DCHECK_FUNCTION_EXISTS=inet_pton,   -o CMakeFiles/cmTC_0c7b6.dir/CheckFunctionExists.c.o   -c /usr/local/share/cmake-3.4/Modules/CheckFunctionExists.c
/usr/local/share/cmake-3.4/Modules/CheckFunctionExists.c:6:28: error: expected identifier or '('
char CHECK_FUNCTION_EXISTS();
                           ^
/usr/local/share/cmake-3.4/Modules/CheckFunctionExists.c:14:25: error: expected expression
  CHECK_FUNCTION_EXISTS();
                        ^
2 errors generated.
make[2]: *** [CMakeFiles/cmTC_0c7b6.dir/CheckFunctionExists.c.o] Error 1
make[1]: *** [cmTC_0c7b6/fast] Error 2


Determining if the function inet_ntop, exists failed with the following output:
Change Dir: /Users/user/Desktop/clean-dec-23/CMakeFiles/CMakeTmp

Run Build Command:"/usr/bin/make" "cmTC_ccb79/fast"
/Applications/Xcode.app/Contents/Developer/usr/bin/make -f CMakeFiles/cmTC_ccb79.dir/build.make CMakeFiles/cmTC_ccb79.dir/build
Building C object CMakeFiles/cmTC_ccb79.dir/CheckFunctionExists.c.o
/Applications/Xcode.app/Contents/Developer/Toolchains/XcodeDefault.xctoolchain/usr/bin/cc    -DCHECK_FUNCTION_EXISTS=inet_ntop,   -o CMakeFiles/cmTC_ccb79.dir/CheckFunctionExists.c.o   -c /usr/local/share/cmake-3.4/Modules/CheckFunctionExists.c
/usr/local/share/cmake-3.4/Modules/CheckFunctionExists.c:6:28: error: expected identifier or '('
char CHECK_FUNCTION_EXISTS();
                           ^
/usr/local/share/cmake-3.4/Modules/CheckFunctionExists.c:14:25: error: expected expression
  CHECK_FUNCTION_EXISTS();
                        ^
2 errors generated.
make[2]: *** [CMakeFiles/cmTC_ccb79.dir/CheckFunctionExists.c.o] Error 1
make[1]: *** [cmTC_ccb79/fast] Error 2


Determining if the struct msghdr.msg_flags exist failed with the following output:
Change Dir: /Users/user/Desktop/clean-dec-23/CMakeFiles/CMakeTmp

Run Build Command:"/usr/bin/make" "cmTC_7aa5c/fast"
/Applications/Xcode.app/Contents/Developer/usr/bin/make -f CMakeFiles/cmTC_7aa5c.dir/build.make CMakeFiles/cmTC_7aa5c.dir/build
Building C object CMakeFiles/cmTC_7aa5c.dir/CheckSymbolExists.c.o
/Applications/Xcode.app/Contents/Developer/Toolchains/XcodeDefault.xctoolchain/usr/bin/cc     -o CMakeFiles/cmTC_7aa5c.dir/CheckSymbolExists.c.o   -c /Users/user/Desktop/clean-dec-23/CMakeFiles/CMakeTmp/CheckSymbolExists.c
/Users/user/Desktop/clean-dec-23/CMakeFiles/CMakeTmp/CheckSymbolExists.c:7:16: warning: extra tokens at end of #ifndef directive [-Wextra-tokens]
#ifndef struct msghdr.msg_flags
               ^
               //
/Users/user/Desktop/clean-dec-23/CMakeFiles/CMakeTmp/CheckSymbolExists.c:8:19: error: expected expression
  return ((int*)(&struct msghdr.msg_flags))[argc];
                  ^
1 warning and 1 error generated.
make[2]: *** [CMakeFiles/cmTC_7aa5c.dir/CheckSymbolExists.c.o] Error 1
make[1]: *** [cmTC_7aa5c/fast] Error 2

File /Users/user/Desktop/clean-dec-23/CMakeFiles/CMakeTmp/CheckSymbolExists.c:
/* */
#include <sys/socket.h>

int main(int argc, char** argv)
{
  (void)argv;
#ifndef struct msghdr.msg_flags
  return ((int*)(&struct msghdr.msg_flags))[argc];
#else
  (void)argc;
  return 0;
#endif
}

Determining if the socklen_t exist failed with the following output:
Change Dir: /Users/user/Desktop/clean-dec-23/CMakeFiles/CMakeTmp

Run Build Command:"/usr/bin/make" "cmTC_63d9d/fast"
/Applications/Xcode.app/Contents/Developer/usr/bin/make -f CMakeFiles/cmTC_63d9d.dir/build.make CMakeFiles/cmTC_63d9d.dir/build
Building C object CMakeFiles/cmTC_63d9d.dir/CheckSymbolExists.c.o
/Applications/Xcode.app/Contents/Developer/Toolchains/XcodeDefault.xctoolchain/usr/bin/cc     -o CMakeFiles/cmTC_63d9d.dir/CheckSymbolExists.c.o   -c /Users/user/Desktop/clean-dec-23/CMakeFiles/CMakeTmp/CheckSymbolExists.c
/Users/user/Desktop/clean-dec-23/CMakeFiles/CMakeTmp/CheckSymbolExists.c:9:19: error: unexpected type name 'socklen_t': expected expression
  return ((int*)(&socklen_t))[argc];
                  ^
1 error generated.
make[2]: *** [CMakeFiles/cmTC_63d9d.dir/CheckSymbolExists.c.o] Error 1
make[1]: *** [cmTC_63d9d/fast] Error 2

File /Users/user/Desktop/clean-dec-23/CMakeFiles/CMakeTmp/CheckSymbolExists.c:
/* */
#include <sys/types.h>
#include <sys/socket.h>

int main(int argc, char** argv)
{
  (void)argv;
#ifndef socklen_t
  return ((int*)(&socklen_t))[argc];
#else
  (void)argc;
  return 0;
#endif
}

Determining if the function gethostbyaddr_r, exists failed with the following output:
Change Dir: /Users/user/Desktop/clean-dec-23/CMakeFiles/CMakeTmp

Run Build Command:"/usr/bin/make" "cmTC_97830/fast"
/Applications/Xcode.app/Contents/Developer/usr/bin/make -f CMakeFiles/cmTC_97830.dir/build.make CMakeFiles/cmTC_97830.dir/build
Building C object CMakeFiles/cmTC_97830.dir/CheckFunctionExists.c.o
/Applications/Xcode.app/Contents/Developer/Toolchains/XcodeDefault.xctoolchain/usr/bin/cc    -DCHECK_FUNCTION_EXISTS=gethostbyaddr_r,   -o CMakeFiles/cmTC_97830.dir/CheckFunctionExists.c.o   -c /usr/local/share/cmake-3.4/Modules/CheckFunctionExists.c
/usr/local/share/cmake-3.4/Modules/CheckFunctionExists.c:6:28: error: expected identifier or '('
char CHECK_FUNCTION_EXISTS();
                           ^
/usr/local/share/cmake-3.4/Modules/CheckFunctionExists.c:14:25: error: expected expression
  CHECK_FUNCTION_EXISTS();
                        ^
2 errors generated.
make[2]: *** [CMakeFiles/cmTC_97830.dir/CheckFunctionExists.c.o] Error 1
make[1]: *** [cmTC_97830/fast] Error 2


Determining if the function gethostbyname_r, exists failed with the following output:
Change Dir: /Users/user/Desktop/clean-dec-23/CMakeFiles/CMakeTmp

Run Build Command:"/usr/bin/make" "cmTC_625da/fast"
/Applications/Xcode.app/Contents/Developer/usr/bin/make -f CMakeFiles/cmTC_625da.dir/build.make CMakeFiles/cmTC_625da.dir/build
Building C object CMakeFiles/cmTC_625da.dir/CheckFunctionExists.c.o
/Applications/Xcode.app/Contents/Developer/Toolchains/XcodeDefault.xctoolchain/usr/bin/cc    -DCHECK_FUNCTION_EXISTS=gethostbyname_r,   -o CMakeFiles/cmTC_625da.dir/CheckFunctionExists.c.o   -c /usr/local/share/cmake-3.4/Modules/CheckFunctionExists.c
/usr/local/share/cmake-3.4/Modules/CheckFunctionExists.c:6:28: error: expected identifier or '('
char CHECK_FUNCTION_EXISTS();
                           ^
/usr/local/share/cmake-3.4/Modules/CheckFunctionExists.c:14:25: error: expected expression
  CHECK_FUNCTION_EXISTS();
                        ^
2 errors generated.
make[2]: *** [CMakeFiles/cmTC_625da.dir/CheckFunctionExists.c.o] Error 1
make[1]: *** [cmTC_625da/fast] Error 2


Determining if the function poll, exists failed with the following output:
Change Dir: /Users/user/Desktop/clean-dec-23/CMakeFiles/CMakeTmp

Run Build Command:"/usr/bin/make" "cmTC_af902/fast"
/Applications/Xcode.app/Contents/Developer/usr/bin/make -f CMakeFiles/cmTC_af902.dir/build.make CMakeFiles/cmTC_af902.dir/build
Building C object CMakeFiles/cmTC_af902.dir/CheckFunctionExists.c.o
/Applications/Xcode.app/Contents/Developer/Toolchains/XcodeDefault.xctoolchain/usr/bin/cc    -DCHECK_FUNCTION_EXISTS=poll,   -o CMakeFiles/cmTC_af902.dir/CheckFunctionExists.c.o   -c /usr/local/share/cmake-3.4/Modules/CheckFunctionExists.c
/usr/local/share/cmake-3.4/Modules/CheckFunctionExists.c:6:28: error: expected identifier or '('
char CHECK_FUNCTION_EXISTS();
                           ^
/usr/local/share/cmake-3.4/Modules/CheckFunctionExists.c:14:25: error: expected expression
  CHECK_FUNCTION_EXISTS();
                        ^
2 errors generated.
make[2]: *** [CMakeFiles/cmTC_af902.dir/CheckFunctionExists.c.o] Error 1
make[1]: *** [cmTC_af902/fast] Error 2


Determining if the function fcntl, exists failed with the following output:
Change Dir: /Users/user/Desktop/clean-dec-23/CMakeFiles/CMakeTmp

Run Build Command:"/usr/bin/make" "cmTC_fee96/fast"
/Applications/Xcode.app/Contents/Developer/usr/bin/make -f CMakeFiles/cmTC_fee96.dir/build.make CMakeFiles/cmTC_fee96.dir/build
Building C object CMakeFiles/cmTC_fee96.dir/CheckFunctionExists.c.o
/Applications/Xcode.app/Contents/Developer/Toolchains/XcodeDefault.xctoolchain/usr/bin/cc    -DCHECK_FUNCTION_EXISTS=fcntl,   -o CMakeFiles/cmTC_fee96.dir/CheckFunctionExists.c.o   -c /usr/local/share/cmake-3.4/Modules/CheckFunctionExists.c
/usr/local/share/cmake-3.4/Modules/CheckFunctionExists.c:6:28: error: expected identifier or '('
char CHECK_FUNCTION_EXISTS();
                           ^
/usr/local/share/cmake-3.4/Modules/CheckFunctionExists.c:14:25: error: expected expression
  CHECK_FUNCTION_EXISTS();
                        ^
2 errors generated.
make[2]: *** [CMakeFiles/cmTC_fee96.dir/CheckFunctionExists.c.o] Error 1
make[1]: *** [cmTC_fee96/fast] Error 2


Determining if the function inet_pton, exists failed with the following output:
Change Dir: /Users/user/Desktop/clean-dec-23/CMakeFiles/CMakeTmp

Run Build Command:"/usr/bin/make" "cmTC_376c6/fast"
/Applications/Xcode.app/Contents/Developer/usr/bin/make -f CMakeFiles/cmTC_376c6.dir/build.make CMakeFiles/cmTC_376c6.dir/build
Building C object CMakeFiles/cmTC_376c6.dir/CheckFunctionExists.c.o
/Applications/Xcode.app/Contents/Developer/Toolchains/XcodeDefault.xctoolchain/usr/bin/cc    -DCHECK_FUNCTION_EXISTS=inet_pton,   -o CMakeFiles/cmTC_376c6.dir/CheckFunctionExists.c.o   -c /usr/local/share/cmake-3.4/Modules/CheckFunctionExists.c
/usr/local/share/cmake-3.4/Modules/CheckFunctionExists.c:6:28: error: expected identifier or '('
char CHECK_FUNCTION_EXISTS();
                           ^
/usr/local/share/cmake-3.4/Modules/CheckFunctionExists.c:14:25: error: expected expression
  CHECK_FUNCTION_EXISTS();
                        ^
2 errors generated.
make[2]: *** [CMakeFiles/cmTC_376c6.dir/CheckFunctionExists.c.o] Error 1
make[1]: *** [cmTC_376c6/fast] Error 2


Determining if the function inet_ntop, exists failed with the following output:
Change Dir: /Users/user/Desktop/clean-dec-23/CMakeFiles/CMakeTmp

Run Build Command:"/usr/bin/make" "cmTC_ba56f/fast"
/Applications/Xcode.app/Contents/Developer/usr/bin/make -f CMakeFiles/cmTC_ba56f.dir/build.make CMakeFiles/cmTC_ba56f.dir/build
Building C object CMakeFiles/cmTC_ba56f.dir/CheckFunctionExists.c.o
/Applications/Xcode.app/Contents/Developer/Toolchains/XcodeDefault.xctoolchain/usr/bin/cc    -DCHECK_FUNCTION_EXISTS=inet_ntop,   -o CMakeFiles/cmTC_ba56f.dir/CheckFunctionExists.c.o   -c /usr/local/share/cmake-3.4/Modules/CheckFunctionExists.c
/usr/local/share/cmake-3.4/Modules/CheckFunctionExists.c:6:28: error: expected identifier or '('
char CHECK_FUNCTION_EXISTS();
                           ^
/usr/local/share/cmake-3.4/Modules/CheckFunctionExists.c:14:25: error: expected expression
  CHECK_FUNCTION_EXISTS();
                        ^
2 errors generated.
make[2]: *** [CMakeFiles/cmTC_ba56f.dir/CheckFunctionExists.c.o] Error 1
make[1]: *** [cmTC_ba56f/fast] Error 2


Determining if the struct msghdr.msg_flags exist failed with the following output:
Change Dir: /Users/user/Desktop/clean-dec-23/CMakeFiles/CMakeTmp

Run Build Command:"/usr/bin/make" "cmTC_8dbbd/fast"
/Applications/Xcode.app/Contents/Developer/usr/bin/make -f CMakeFiles/cmTC_8dbbd.dir/build.make CMakeFiles/cmTC_8dbbd.dir/build
Building C object CMakeFiles/cmTC_8dbbd.dir/CheckSymbolExists.c.o
/Applications/Xcode.app/Contents/Developer/Toolchains/XcodeDefault.xctoolchain/usr/bin/cc     -o CMakeFiles/cmTC_8dbbd.dir/CheckSymbolExists.c.o   -c /Users/user/Desktop/clean-dec-23/CMakeFiles/CMakeTmp/CheckSymbolExists.c
/Users/user/Desktop/clean-dec-23/CMakeFiles/CMakeTmp/CheckSymbolExists.c:7:16: warning: extra tokens at end of #ifndef directive [-Wextra-tokens]
#ifndef struct msghdr.msg_flags
               ^
               //
/Users/user/Desktop/clean-dec-23/CMakeFiles/CMakeTmp/CheckSymbolExists.c:8:19: error: expected expression
  return ((int*)(&struct msghdr.msg_flags))[argc];
                  ^
1 warning and 1 error generated.
make[2]: *** [CMakeFiles/cmTC_8dbbd.dir/CheckSymbolExists.c.o] Error 1
make[1]: *** [cmTC_8dbbd/fast] Error 2

File /Users/user/Desktop/clean-dec-23/CMakeFiles/CMakeTmp/CheckSymbolExists.c:
/* */
#include <sys/socket.h>

int main(int argc, char** argv)
{
  (void)argv;
#ifndef struct msghdr.msg_flags
  return ((int*)(&struct msghdr.msg_flags))[argc];
#else
  (void)argc;
  return 0;
#endif
}

Determining if the socklen_t exist failed with the following output:
Change Dir: /Users/user/Desktop/clean-dec-23/CMakeFiles/CMakeTmp

Run Build Command:"/usr/bin/make" "cmTC_974d1/fast"
/Applications/Xcode.app/Contents/Developer/usr/bin/make -f CMakeFiles/cmTC_974d1.dir/build.make CMakeFiles/cmTC_974d1.dir/build
Building C object CMakeFiles/cmTC_974d1.dir/CheckSymbolExists.c.o
/Applications/Xcode.app/Contents/Developer/Toolchains/XcodeDefault.xctoolchain/usr/bin/cc     -o CMakeFiles/cmTC_974d1.dir/CheckSymbolExists.c.o   -c /Users/user/Desktop/clean-dec-23/CMakeFiles/CMakeTmp/CheckSymbolExists.c
/Users/user/Desktop/clean-dec-23/CMakeFiles/CMakeTmp/CheckSymbolExists.c:9:19: error: unexpected type name 'socklen_t': expected expression
  return ((int*)(&socklen_t))[argc];
                  ^
1 error generated.
make[2]: *** [CMakeFiles/cmTC_974d1.dir/CheckSymbolExists.c.o] Error 1
make[1]: *** [cmTC_974d1/fast] Error 2

File /Users/user/Desktop/clean-dec-23/CMakeFiles/CMakeTmp/CheckSymbolExists.c:
/* */
#include <sys/types.h>
#include <sys/socket.h>

int main(int argc, char** argv)
{
  (void)argv;
#ifndef socklen_t
  return ((int*)(&socklen_t))[argc];
#else
  (void)argc;
  return 0;
#endif
}

Determining if the function gethostbyaddr_r, exists failed with the following output:
Change Dir: /Users/user/Desktop/clean-dec-23/CMakeFiles/CMakeTmp

Run Build Command:"/usr/bin/make" "cmTC_c39ec/fast"
/Applications/Xcode.app/Contents/Developer/usr/bin/make -f CMakeFiles/cmTC_c39ec.dir/build.make CMakeFiles/cmTC_c39ec.dir/build
Building C object CMakeFiles/cmTC_c39ec.dir/CheckFunctionExists.c.o
/Applications/Xcode.app/Contents/Developer/Toolchains/XcodeDefault.xctoolchain/usr/bin/cc    -DCHECK_FUNCTION_EXISTS=gethostbyaddr_r,   -o CMakeFiles/cmTC_c39ec.dir/CheckFunctionExists.c.o   -c /usr/local/share/cmake-3.4/Modules/CheckFunctionExists.c
/usr/local/share/cmake-3.4/Modules/CheckFunctionExists.c:6:28: error: expected identifier or '('
char CHECK_FUNCTION_EXISTS();
                           ^
/usr/local/share/cmake-3.4/Modules/CheckFunctionExists.c:14:25: error: expected expression
  CHECK_FUNCTION_EXISTS();
                        ^
2 errors generated.
make[2]: *** [CMakeFiles/cmTC_c39ec.dir/CheckFunctionExists.c.o] Error 1
make[1]: *** [cmTC_c39ec/fast] Error 2


Determining if the function gethostbyname_r, exists failed with the following output:
Change Dir: /Users/user/Desktop/clean-dec-23/CMakeFiles/CMakeTmp

Run Build Command:"/usr/bin/make" "cmTC_d03d7/fast"
/Applications/Xcode.app/Contents/Developer/usr/bin/make -f CMakeFiles/cmTC_d03d7.dir/build.make CMakeFiles/cmTC_d03d7.dir/build
Building C object CMakeFiles/cmTC_d03d7.dir/CheckFunctionExists.c.o
/Applications/Xcode.app/Contents/Developer/Toolchains/XcodeDefault.xctoolchain/usr/bin/cc    -DCHECK_FUNCTION_EXISTS=gethostbyname_r,   -o CMakeFiles/cmTC_d03d7.dir/CheckFunctionExists.c.o   -c /usr/local/share/cmake-3.4/Modules/CheckFunctionExists.c
/usr/local/share/cmake-3.4/Modules/CheckFunctionExists.c:6:28: error: expected identifier or '('
char CHECK_FUNCTION_EXISTS();
                           ^
/usr/local/share/cmake-3.4/Modules/CheckFunctionExists.c:14:25: error: expected expression
  CHECK_FUNCTION_EXISTS();
                        ^
2 errors generated.
make[2]: *** [CMakeFiles/cmTC_d03d7.dir/CheckFunctionExists.c.o] Error 1
make[1]: *** [cmTC_d03d7/fast] Error 2


Determining if the function poll, exists failed with the following output:
Change Dir: /Users/user/Desktop/clean-dec-23/CMakeFiles/CMakeTmp

Run Build Command:"/usr/bin/make" "cmTC_b6f5d/fast"
/Applications/Xcode.app/Contents/Developer/usr/bin/make -f CMakeFiles/cmTC_b6f5d.dir/build.make CMakeFiles/cmTC_b6f5d.dir/build
Building C object CMakeFiles/cmTC_b6f5d.dir/CheckFunctionExists.c.o
/Applications/Xcode.app/Contents/Developer/Toolchains/XcodeDefault.xctoolchain/usr/bin/cc    -DCHECK_FUNCTION_EXISTS=poll,   -o CMakeFiles/cmTC_b6f5d.dir/CheckFunctionExists.c.o   -c /usr/local/share/cmake-3.4/Modules/CheckFunctionExists.c
/usr/local/share/cmake-3.4/Modules/CheckFunctionExists.c:6:28: error: expected identifier or '('
char CHECK_FUNCTION_EXISTS();
                           ^
/usr/local/share/cmake-3.4/Modules/CheckFunctionExists.c:14:25: error: expected expression
  CHECK_FUNCTION_EXISTS();
                        ^
2 errors generated.
make[2]: *** [CMakeFiles/cmTC_b6f5d.dir/CheckFunctionExists.c.o] Error 1
make[1]: *** [cmTC_b6f5d/fast] Error 2


Determining if the function fcntl, exists failed with the following output:
Change Dir: /Users/user/Desktop/clean-dec-23/CMakeFiles/CMakeTmp

Run Build Command:"/usr/bin/make" "cmTC_fcb08/fast"
/Applications/Xcode.app/Contents/Developer/usr/bin/make -f CMakeFiles/cmTC_fcb08.dir/build.make CMakeFiles/cmTC_fcb08.dir/build
Building C object CMakeFiles/cmTC_fcb08.dir/CheckFunctionExists.c.o
/Applications/Xcode.app/Contents/Developer/Toolchains/XcodeDefault.xctoolchain/usr/bin/cc    -DCHECK_FUNCTION_EXISTS=fcntl,   -o CMakeFiles/cmTC_fcb08.dir/CheckFunctionExists.c.o   -c /usr/local/share/cmake-3.4/Modules/CheckFunctionExists.c
/usr/local/share/cmake-3.4/Modules/CheckFunctionExists.c:6:28: error: expected identifier or '('
char CHECK_FUNCTION_EXISTS();
                           ^
/usr/local/share/cmake-3.4/Modules/CheckFunctionExists.c:14:25: error: expected expression
  CHECK_FUNCTION_EXISTS();
                        ^
2 errors generated.
make[2]: *** [CMakeFiles/cmTC_fcb08.dir/CheckFunctionExists.c.o] Error 1
make[1]: *** [cmTC_fcb08/fast] Error 2


Determining if the function inet_pton, exists failed with the following output:
Change Dir: /Users/user/Desktop/clean-dec-23/CMakeFiles/CMakeTmp

Run Build Command:"/usr/bin/make" "cmTC_ff635/fast"
/Applications/Xcode.app/Contents/Developer/usr/bin/make -f CMakeFiles/cmTC_ff635.dir/build.make CMakeFiles/cmTC_ff635.dir/build
Building C object CMakeFiles/cmTC_ff635.dir/CheckFunctionExists.c.o
/Applications/Xcode.app/Contents/Developer/Toolchains/XcodeDefault.xctoolchain/usr/bin/cc    -DCHECK_FUNCTION_EXISTS=inet_pton,   -o CMakeFiles/cmTC_ff635.dir/CheckFunctionExists.c.o   -c /usr/local/share/cmake-3.4/Modules/CheckFunctionExists.c
/usr/local/share/cmake-3.4/Modules/CheckFunctionExists.c:6:28: error: expected identifier or '('
char CHECK_FUNCTION_EXISTS();
                           ^
/usr/local/share/cmake-3.4/Modules/CheckFunctionExists.c:14:25: error: expected expression
  CHECK_FUNCTION_EXISTS();
                        ^
2 errors generated.
make[2]: *** [CMakeFiles/cmTC_ff635.dir/CheckFunctionExists.c.o] Error 1
make[1]: *** [cmTC_ff635/fast] Error 2


Determining if the function inet_ntop, exists failed with the following output:
Change Dir: /Users/user/Desktop/clean-dec-23/CMakeFiles/CMakeTmp

Run Build Command:"/usr/bin/make" "cmTC_e1be9/fast"
/Applications/Xcode.app/Contents/Developer/usr/bin/make -f CMakeFiles/cmTC_e1be9.dir/build.make CMakeFiles/cmTC_e1be9.dir/build
Building C object CMakeFiles/cmTC_e1be9.dir/CheckFunctionExists.c.o
/Applications/Xcode.app/Contents/Developer/Toolchains/XcodeDefault.xctoolchain/usr/bin/cc    -DCHECK_FUNCTION_EXISTS=inet_ntop,   -o CMakeFiles/cmTC_e1be9.dir/CheckFunctionExists.c.o   -c /usr/local/share/cmake-3.4/Modules/CheckFunctionExists.c
/usr/local/share/cmake-3.4/Modules/CheckFunctionExists.c:6:28: error: expected identifier or '('
char CHECK_FUNCTION_EXISTS();
                           ^
/usr/local/share/cmake-3.4/Modules/CheckFunctionExists.c:14:25: error: expected expression
  CHECK_FUNCTION_EXISTS();
                        ^
2 errors generated.
make[2]: *** [CMakeFiles/cmTC_e1be9.dir/CheckFunctionExists.c.o] Error 1
make[1]: *** [cmTC_e1be9/fast] Error 2


Determining if the struct msghdr.msg_flags exist failed with the following output:
Change Dir: /Users/user/Desktop/clean-dec-23/CMakeFiles/CMakeTmp

Run Build Command:"/usr/bin/make" "cmTC_384f9/fast"
/Applications/Xcode.app/Contents/Developer/usr/bin/make -f CMakeFiles/cmTC_384f9.dir/build.make CMakeFiles/cmTC_384f9.dir/build
Building C object CMakeFiles/cmTC_384f9.dir/CheckSymbolExists.c.o
/Applications/Xcode.app/Contents/Developer/Toolchains/XcodeDefault.xctoolchain/usr/bin/cc     -o CMakeFiles/cmTC_384f9.dir/CheckSymbolExists.c.o   -c /Users/user/Desktop/clean-dec-23/CMakeFiles/CMakeTmp/CheckSymbolExists.c
/Users/user/Desktop/clean-dec-23/CMakeFiles/CMakeTmp/CheckSymbolExists.c:7:16: warning: extra tokens at end of #ifndef directive [-Wextra-tokens]
#ifndef struct msghdr.msg_flags
               ^
               //
/Users/user/Desktop/clean-dec-23/CMakeFiles/CMakeTmp/CheckSymbolExists.c:8:19: error: expected expression
  return ((int*)(&struct msghdr.msg_flags))[argc];
                  ^
1 warning and 1 error generated.
make[2]: *** [CMakeFiles/cmTC_384f9.dir/CheckSymbolExists.c.o] Error 1
make[1]: *** [cmTC_384f9/fast] Error 2

File /Users/user/Desktop/clean-dec-23/CMakeFiles/CMakeTmp/CheckSymbolExists.c:
/* */
#include <sys/socket.h>

int main(int argc, char** argv)
{
  (void)argv;
#ifndef struct msghdr.msg_flags
  return ((int*)(&struct msghdr.msg_flags))[argc];
#else
  (void)argc;
  return 0;
#endif
}

Determining if the socklen_t exist failed with the following output:
Change Dir: /Users/user/Desktop/clean-dec-23/CMakeFiles/CMakeTmp

Run Build Command:"/usr/bin/make" "cmTC_0867d/fast"
/Applications/Xcode.app/Contents/Developer/usr/bin/make -f CMakeFiles/cmTC_0867d.dir/build.make CMakeFiles/cmTC_0867d.dir/build
Building C object CMakeFiles/cmTC_0867d.dir/CheckSymbolExists.c.o
/Applications/Xcode.app/Contents/Developer/Toolchains/XcodeDefault.xctoolchain/usr/bin/cc     -o CMakeFiles/cmTC_0867d.dir/CheckSymbolExists.c.o   -c /Users/user/Desktop/clean-dec-23/CMakeFiles/CMakeTmp/CheckSymbolExists.c
/Users/user/Desktop/clean-dec-23/CMakeFiles/CMakeTmp/CheckSymbolExists.c:9:19: error: unexpected type name 'socklen_t': expected expression
  return ((int*)(&socklen_t))[argc];
                  ^
1 error generated.
make[2]: *** [CMakeFiles/cmTC_0867d.dir/CheckSymbolExists.c.o] Error 1
make[1]: *** [cmTC_0867d/fast] Error 2

File /Users/user/Desktop/clean-dec-23/CMakeFiles/CMakeTmp/CheckSymbolExists.c:
/* */
#include <sys/types.h>
#include <sys/socket.h>

int main(int argc, char** argv)
{
  (void)argv;
#ifndef socklen_t
  return ((int*)(&socklen_t))[argc];
#else
  (void)argc;
  return 0;
#endif
}

Determining if the function gethostbyaddr_r, exists failed with the following output:
Change Dir: /Users/user/Desktop/clean-dec-23/CMakeFiles/CMakeTmp

Run Build Command:"/usr/bin/make" "cmTC_fb297/fast"
/Applications/Xcode.app/Contents/Developer/usr/bin/make -f CMakeFiles/cmTC_fb297.dir/build.make CMakeFiles/cmTC_fb297.dir/build
Building C object CMakeFiles/cmTC_fb297.dir/CheckFunctionExists.c.o
/Applications/Xcode.app/Contents/Developer/Toolchains/XcodeDefault.xctoolchain/usr/bin/cc    -DCHECK_FUNCTION_EXISTS=gethostbyaddr_r,   -o CMakeFiles/cmTC_fb297.dir/CheckFunctionExists.c.o   -c /usr/local/share/cmake-3.4/Modules/CheckFunctionExists.c
/usr/local/share/cmake-3.4/Modules/CheckFunctionExists.c:6:28: error: expected identifier or '('
char CHECK_FUNCTION_EXISTS();
                           ^
/usr/local/share/cmake-3.4/Modules/CheckFunctionExists.c:14:25: error: expected expression
  CHECK_FUNCTION_EXISTS();
                        ^
2 errors generated.
make[2]: *** [CMakeFiles/cmTC_fb297.dir/CheckFunctionExists.c.o] Error 1
make[1]: *** [cmTC_fb297/fast] Error 2


Determining if the function gethostbyname_r, exists failed with the following output:
Change Dir: /Users/user/Desktop/clean-dec-23/CMakeFiles/CMakeTmp

Run Build Command:"/usr/bin/make" "cmTC_9b338/fast"
/Applications/Xcode.app/Contents/Developer/usr/bin/make -f CMakeFiles/cmTC_9b338.dir/build.make CMakeFiles/cmTC_9b338.dir/build
Building C object CMakeFiles/cmTC_9b338.dir/CheckFunctionExists.c.o
/Applications/Xcode.app/Contents/Developer/Toolchains/XcodeDefault.xctoolchain/usr/bin/cc    -DCHECK_FUNCTION_EXISTS=gethostbyname_r,   -o CMakeFiles/cmTC_9b338.dir/CheckFunctionExists.c.o   -c /usr/local/share/cmake-3.4/Modules/CheckFunctionExists.c
/usr/local/share/cmake-3.4/Modules/CheckFunctionExists.c:6:28: error: expected identifier or '('
char CHECK_FUNCTION_EXISTS();
                           ^
/usr/local/share/cmake-3.4/Modules/CheckFunctionExists.c:14:25: error: expected expression
  CHECK_FUNCTION_EXISTS();
                        ^
2 errors generated.
make[2]: *** [CMakeFiles/cmTC_9b338.dir/CheckFunctionExists.c.o] Error 1
make[1]: *** [cmTC_9b338/fast] Error 2


Determining if the function poll, exists failed with the following output:
Change Dir: /Users/user/Desktop/clean-dec-23/CMakeFiles/CMakeTmp

Run Build Command:"/usr/bin/make" "cmTC_cc1b9/fast"
/Applications/Xcode.app/Contents/Developer/usr/bin/make -f CMakeFiles/cmTC_cc1b9.dir/build.make CMakeFiles/cmTC_cc1b9.dir/build
Building C object CMakeFiles/cmTC_cc1b9.dir/CheckFunctionExists.c.o
/Applications/Xcode.app/Contents/Developer/Toolchains/XcodeDefault.xctoolchain/usr/bin/cc    -DCHECK_FUNCTION_EXISTS=poll,   -o CMakeFiles/cmTC_cc1b9.dir/CheckFunctionExists.c.o   -c /usr/local/share/cmake-3.4/Modules/CheckFunctionExists.c
/usr/local/share/cmake-3.4/Modules/CheckFunctionExists.c:6:28: error: expected identifier or '('
char CHECK_FUNCTION_EXISTS();
                           ^
/usr/local/share/cmake-3.4/Modules/CheckFunctionExists.c:14:25: error: expected expression
  CHECK_FUNCTION_EXISTS();
                        ^
2 errors generated.
make[2]: *** [CMakeFiles/cmTC_cc1b9.dir/CheckFunctionExists.c.o] Error 1
make[1]: *** [cmTC_cc1b9/fast] Error 2


Determining if the function fcntl, exists failed with the following output:
Change Dir: /Users/user/Desktop/clean-dec-23/CMakeFiles/CMakeTmp

Run Build Command:"/usr/bin/make" "cmTC_df1af/fast"
/Applications/Xcode.app/Contents/Developer/usr/bin/make -f CMakeFiles/cmTC_df1af.dir/build.make CMakeFiles/cmTC_df1af.dir/build
Building C object CMakeFiles/cmTC_df1af.dir/CheckFunctionExists.c.o
/Applications/Xcode.app/Contents/Developer/Toolchains/XcodeDefault.xctoolchain/usr/bin/cc    -DCHECK_FUNCTION_EXISTS=fcntl,   -o CMakeFiles/cmTC_df1af.dir/CheckFunctionExists.c.o   -c /usr/local/share/cmake-3.4/Modules/CheckFunctionExists.c
/usr/local/share/cmake-3.4/Modules/CheckFunctionExists.c:6:28: error: expected identifier or '('
char CHECK_FUNCTION_EXISTS();
                           ^
/usr/local/share/cmake-3.4/Modules/CheckFunctionExists.c:14:25: error: expected expression
  CHECK_FUNCTION_EXISTS();
                        ^
2 errors generated.
make[2]: *** [CMakeFiles/cmTC_df1af.dir/CheckFunctionExists.c.o] Error 1
make[1]: *** [cmTC_df1af/fast] Error 2


Determining if the function inet_pton, exists failed with the following output:
Change Dir: /Users/user/Desktop/clean-dec-23/CMakeFiles/CMakeTmp

Run Build Command:"/usr/bin/make" "cmTC_f87a5/fast"
/Applications/Xcode.app/Contents/Developer/usr/bin/make -f CMakeFiles/cmTC_f87a5.dir/build.make CMakeFiles/cmTC_f87a5.dir/build
Building C object CMakeFiles/cmTC_f87a5.dir/CheckFunctionExists.c.o
/Applications/Xcode.app/Contents/Developer/Toolchains/XcodeDefault.xctoolchain/usr/bin/cc    -DCHECK_FUNCTION_EXISTS=inet_pton,   -o CMakeFiles/cmTC_f87a5.dir/CheckFunctionExists.c.o   -c /usr/local/share/cmake-3.4/Modules/CheckFunctionExists.c
/usr/local/share/cmake-3.4/Modules/CheckFunctionExists.c:6:28: error: expected identifier or '('
char CHECK_FUNCTION_EXISTS();
                           ^
/usr/local/share/cmake-3.4/Modules/CheckFunctionExists.c:14:25: error: expected expression
  CHECK_FUNCTION_EXISTS();
                        ^
2 errors generated.
make[2]: *** [CMakeFiles/cmTC_f87a5.dir/CheckFunctionExists.c.o] Error 1
make[1]: *** [cmTC_f87a5/fast] Error 2


Determining if the function inet_ntop, exists failed with the following output:
Change Dir: /Users/user/Desktop/clean-dec-23/CMakeFiles/CMakeTmp

Run Build Command:"/usr/bin/make" "cmTC_f510d/fast"
/Applications/Xcode.app/Contents/Developer/usr/bin/make -f CMakeFiles/cmTC_f510d.dir/build.make CMakeFiles/cmTC_f510d.dir/build
Building C object CMakeFiles/cmTC_f510d.dir/CheckFunctionExists.c.o
/Applications/Xcode.app/Contents/Developer/Toolchains/XcodeDefault.xctoolchain/usr/bin/cc    -DCHECK_FUNCTION_EXISTS=inet_ntop,   -o CMakeFiles/cmTC_f510d.dir/CheckFunctionExists.c.o   -c /usr/local/share/cmake-3.4/Modules/CheckFunctionExists.c
/usr/local/share/cmake-3.4/Modules/CheckFunctionExists.c:6:28: error: expected identifier or '('
char CHECK_FUNCTION_EXISTS();
                           ^
/usr/local/share/cmake-3.4/Modules/CheckFunctionExists.c:14:25: error: expected expression
  CHECK_FUNCTION_EXISTS();
                        ^
2 errors generated.
make[2]: *** [CMakeFiles/cmTC_f510d.dir/CheckFunctionExists.c.o] Error 1
make[1]: *** [cmTC_f510d/fast] Error 2


Determining if the struct msghdr.msg_flags exist failed with the following output:
Change Dir: /Users/user/Desktop/clean-dec-23/CMakeFiles/CMakeTmp

Run Build Command:"/usr/bin/make" "cmTC_7be76/fast"
/Applications/Xcode.app/Contents/Developer/usr/bin/make -f CMakeFiles/cmTC_7be76.dir/build.make CMakeFiles/cmTC_7be76.dir/build
Building C object CMakeFiles/cmTC_7be76.dir/CheckSymbolExists.c.o
/Applications/Xcode.app/Contents/Developer/Toolchains/XcodeDefault.xctoolchain/usr/bin/cc     -o CMakeFiles/cmTC_7be76.dir/CheckSymbolExists.c.o   -c /Users/user/Desktop/clean-dec-23/CMakeFiles/CMakeTmp/CheckSymbolExists.c
/Users/user/Desktop/clean-dec-23/CMakeFiles/CMakeTmp/CheckSymbolExists.c:7:16: warning: extra tokens at end of #ifndef directive [-Wextra-tokens]
#ifndef struct msghdr.msg_flags
               ^
               //
/Users/user/Desktop/clean-dec-23/CMakeFiles/CMakeTmp/CheckSymbolExists.c:8:19: error: expected expression
  return ((int*)(&struct msghdr.msg_flags))[argc];
                  ^
1 warning and 1 error generated.
make[2]: *** [CMakeFiles/cmTC_7be76.dir/CheckSymbolExists.c.o] Error 1
make[1]: *** [cmTC_7be76/fast] Error 2

File /Users/user/Desktop/clean-dec-23/CMakeFiles/CMakeTmp/CheckSymbolExists.c:
/* */
#include <sys/socket.h>

int main(int argc, char** argv)
{
  (void)argv;
#ifndef struct msghdr.msg_flags
  return ((int*)(&struct msghdr.msg_flags))[argc];
#else
  (void)argc;
  return 0;
#endif
}

Determining if the socklen_t exist failed with the following output:
Change Dir: /Users/user/Desktop/clean-dec-23/CMakeFiles/CMakeTmp

Run Build Command:"/usr/bin/make" "cmTC_e70fc/fast"
/Applications/Xcode.app/Contents/Developer/usr/bin/make -f CMakeFiles/cmTC_e70fc.dir/build.make CMakeFiles/cmTC_e70fc.dir/build
Building C object CMakeFiles/cmTC_e70fc.dir/CheckSymbolExists.c.o
/Applications/Xcode.app/Contents/Developer/Toolchains/XcodeDefault.xctoolchain/usr/bin/cc     -o CMakeFiles/cmTC_e70fc.dir/CheckSymbolExists.c.o   -c /Users/user/Desktop/clean-dec-23/CMakeFiles/CMakeTmp/CheckSymbolExists.c
/Users/user/Desktop/clean-dec-23/CMakeFiles/CMakeTmp/CheckSymbolExists.c:9:19: error: unexpected type name 'socklen_t': expected expression
  return ((int*)(&socklen_t))[argc];
                  ^
1 error generated.
make[2]: *** [CMakeFiles/cmTC_e70fc.dir/CheckSymbolExists.c.o] Error 1
make[1]: *** [cmTC_e70fc/fast] Error 2

File /Users/user/Desktop/clean-dec-23/CMakeFiles/CMakeTmp/CheckSymbolExists.c:
/* */
#include <sys/types.h>
#include <sys/socket.h>

int main(int argc, char** argv)
{
  (void)argv;
#ifndef socklen_t
  return ((int*)(&socklen_t))[argc];
#else
  (void)argc;
  return 0;
#endif
}

Determining if the function gethostbyaddr_r, exists failed with the following output:
Change Dir: /Users/user/Desktop/clean-dec-23/CMakeFiles/CMakeTmp

Run Build Command:"/usr/bin/make" "cmTC_d9548/fast"
/Applications/Xcode.app/Contents/Developer/usr/bin/make -f CMakeFiles/cmTC_d9548.dir/build.make CMakeFiles/cmTC_d9548.dir/build
Building C object CMakeFiles/cmTC_d9548.dir/CheckFunctionExists.c.o
/Applications/Xcode.app/Contents/Developer/Toolchains/XcodeDefault.xctoolchain/usr/bin/cc    -DCHECK_FUNCTION_EXISTS=gethostbyaddr_r,   -o CMakeFiles/cmTC_d9548.dir/CheckFunctionExists.c.o   -c /usr/local/share/cmake-3.4/Modules/CheckFunctionExists.c
/usr/local/share/cmake-3.4/Modules/CheckFunctionExists.c:6:28: error: expected identifier or '('
char CHECK_FUNCTION_EXISTS();
                           ^
/usr/local/share/cmake-3.4/Modules/CheckFunctionExists.c:14:25: error: expected expression
  CHECK_FUNCTION_EXISTS();
                        ^
2 errors generated.
make[2]: *** [CMakeFiles/cmTC_d9548.dir/CheckFunctionExists.c.o] Error 1
make[1]: *** [cmTC_d9548/fast] Error 2


Determining if the function gethostbyname_r, exists failed with the following output:
Change Dir: /Users/user/Desktop/clean-dec-23/CMakeFiles/CMakeTmp

Run Build Command:"/usr/bin/make" "cmTC_61793/fast"
/Applications/Xcode.app/Contents/Developer/usr/bin/make -f CMakeFiles/cmTC_61793.dir/build.make CMakeFiles/cmTC_61793.dir/build
Building C object CMakeFiles/cmTC_61793.dir/CheckFunctionExists.c.o
/Applications/Xcode.app/Contents/Developer/Toolchains/XcodeDefault.xctoolchain/usr/bin/cc    -DCHECK_FUNCTION_EXISTS=gethostbyname_r,   -o CMakeFiles/cmTC_61793.dir/CheckFunctionExists.c.o   -c /usr/local/share/cmake-3.4/Modules/CheckFunctionExists.c
/usr/local/share/cmake-3.4/Modules/CheckFunctionExists.c:6:28: error: expected identifier or '('
char CHECK_FUNCTION_EXISTS();
                           ^
/usr/local/share/cmake-3.4/Modules/CheckFunctionExists.c:14:25: error: expected expression
  CHECK_FUNCTION_EXISTS();
                        ^
2 errors generated.
make[2]: *** [CMakeFiles/cmTC_61793.dir/CheckFunctionExists.c.o] Error 1
make[1]: *** [cmTC_61793/fast] Error 2


Determining if the function poll, exists failed with the following output:
Change Dir: /Users/user/Desktop/clean-dec-23/CMakeFiles/CMakeTmp

Run Build Command:"/usr/bin/make" "cmTC_0075b/fast"
/Applications/Xcode.app/Contents/Developer/usr/bin/make -f CMakeFiles/cmTC_0075b.dir/build.make CMakeFiles/cmTC_0075b.dir/build
Building C object CMakeFiles/cmTC_0075b.dir/CheckFunctionExists.c.o
/Applications/Xcode.app/Contents/Developer/Toolchains/XcodeDefault.xctoolchain/usr/bin/cc    -DCHECK_FUNCTION_EXISTS=poll,   -o CMakeFiles/cmTC_0075b.dir/CheckFunctionExists.c.o   -c /usr/local/share/cmake-3.4/Modules/CheckFunctionExists.c
/usr/local/share/cmake-3.4/Modules/CheckFunctionExists.c:6:28: error: expected identifier or '('
char CHECK_FUNCTION_EXISTS();
                           ^
/usr/local/share/cmake-3.4/Modules/CheckFunctionExists.c:14:25: error: expected expression
  CHECK_FUNCTION_EXISTS();
                        ^
2 errors generated.
make[2]: *** [CMakeFiles/cmTC_0075b.dir/CheckFunctionExists.c.o] Error 1
make[1]: *** [cmTC_0075b/fast] Error 2


Determining if the function fcntl, exists failed with the following output:
Change Dir: /Users/user/Desktop/clean-dec-23/CMakeFiles/CMakeTmp

Run Build Command:"/usr/bin/make" "cmTC_8f338/fast"
/Applications/Xcode.app/Contents/Developer/usr/bin/make -f CMakeFiles/cmTC_8f338.dir/build.make CMakeFiles/cmTC_8f338.dir/build
Building C object CMakeFiles/cmTC_8f338.dir/CheckFunctionExists.c.o
/Applications/Xcode.app/Contents/Developer/Toolchains/XcodeDefault.xctoolchain/usr/bin/cc    -DCHECK_FUNCTION_EXISTS=fcntl,   -o CMakeFiles/cmTC_8f338.dir/CheckFunctionExists.c.o   -c /usr/local/share/cmake-3.4/Modules/CheckFunctionExists.c
/usr/local/share/cmake-3.4/Modules/CheckFunctionExists.c:6:28: error: expected identifier or '('
char CHECK_FUNCTION_EXISTS();
                           ^
/usr/local/share/cmake-3.4/Modules/CheckFunctionExists.c:14:25: error: expected expression
  CHECK_FUNCTION_EXISTS();
                        ^
2 errors generated.
make[2]: *** [CMakeFiles/cmTC_8f338.dir/CheckFunctionExists.c.o] Error 1
make[1]: *** [cmTC_8f338/fast] Error 2


Determining if the function inet_pton, exists failed with the following output:
Change Dir: /Users/user/Desktop/clean-dec-23/CMakeFiles/CMakeTmp

Run Build Command:"/usr/bin/make" "cmTC_0c5c6/fast"
/Applications/Xcode.app/Contents/Developer/usr/bin/make -f CMakeFiles/cmTC_0c5c6.dir/build.make CMakeFiles/cmTC_0c5c6.dir/build
Building C object CMakeFiles/cmTC_0c5c6.dir/CheckFunctionExists.c.o
/Applications/Xcode.app/Contents/Developer/Toolchains/XcodeDefault.xctoolchain/usr/bin/cc    -DCHECK_FUNCTION_EXISTS=inet_pton,   -o CMakeFiles/cmTC_0c5c6.dir/CheckFunctionExists.c.o   -c /usr/local/share/cmake-3.4/Modules/CheckFunctionExists.c
/usr/local/share/cmake-3.4/Modules/CheckFunctionExists.c:6:28: error: expected identifier or '('
char CHECK_FUNCTION_EXISTS();
                           ^
/usr/local/share/cmake-3.4/Modules/CheckFunctionExists.c:14:25: error: expected expression
  CHECK_FUNCTION_EXISTS();
                        ^
2 errors generated.
make[2]: *** [CMakeFiles/cmTC_0c5c6.dir/CheckFunctionExists.c.o] Error 1
make[1]: *** [cmTC_0c5c6/fast] Error 2


Determining if the function inet_ntop, exists failed with the following output:
Change Dir: /Users/user/Desktop/clean-dec-23/CMakeFiles/CMakeTmp

Run Build Command:"/usr/bin/make" "cmTC_4d82c/fast"
/Applications/Xcode.app/Contents/Developer/usr/bin/make -f CMakeFiles/cmTC_4d82c.dir/build.make CMakeFiles/cmTC_4d82c.dir/build
Building C object CMakeFiles/cmTC_4d82c.dir/CheckFunctionExists.c.o
/Applications/Xcode.app/Contents/Developer/Toolchains/XcodeDefault.xctoolchain/usr/bin/cc    -DCHECK_FUNCTION_EXISTS=inet_ntop,   -o CMakeFiles/cmTC_4d82c.dir/CheckFunctionExists.c.o   -c /usr/local/share/cmake-3.4/Modules/CheckFunctionExists.c
/usr/local/share/cmake-3.4/Modules/CheckFunctionExists.c:6:28: error: expected identifier or '('
char CHECK_FUNCTION_EXISTS();
                           ^
/usr/local/share/cmake-3.4/Modules/CheckFunctionExists.c:14:25: error: expected expression
  CHECK_FUNCTION_EXISTS();
                        ^
2 errors generated.
make[2]: *** [CMakeFiles/cmTC_4d82c.dir/CheckFunctionExists.c.o] Error 1
make[1]: *** [cmTC_4d82c/fast] Error 2


Determining if the struct msghdr.msg_flags exist failed with the following output:
Change Dir: /Users/user/Desktop/clean-dec-23/CMakeFiles/CMakeTmp

Run Build Command:"/usr/bin/make" "cmTC_8acf3/fast"
/Applications/Xcode.app/Contents/Developer/usr/bin/make -f CMakeFiles/cmTC_8acf3.dir/build.make CMakeFiles/cmTC_8acf3.dir/build
Building C object CMakeFiles/cmTC_8acf3.dir/CheckSymbolExists.c.o
/Applications/Xcode.app/Contents/Developer/Toolchains/XcodeDefault.xctoolchain/usr/bin/cc     -o CMakeFiles/cmTC_8acf3.dir/CheckSymbolExists.c.o   -c /Users/user/Desktop/clean-dec-23/CMakeFiles/CMakeTmp/CheckSymbolExists.c
/Users/user/Desktop/clean-dec-23/CMakeFiles/CMakeTmp/CheckSymbolExists.c:7:16: warning: extra tokens at end of #ifndef directive [-Wextra-tokens]
#ifndef struct msghdr.msg_flags
               ^
               //
/Users/user/Desktop/clean-dec-23/CMakeFiles/CMakeTmp/CheckSymbolExists.c:8:19: error: expected expression
  return ((int*)(&struct msghdr.msg_flags))[argc];
                  ^
1 warning and 1 error generated.
make[2]: *** [CMakeFiles/cmTC_8acf3.dir/CheckSymbolExists.c.o] Error 1
make[1]: *** [cmTC_8acf3/fast] Error 2

File /Users/user/Desktop/clean-dec-23/CMakeFiles/CMakeTmp/CheckSymbolExists.c:
/* */
#include <sys/socket.h>

int main(int argc, char** argv)
{
  (void)argv;
#ifndef struct msghdr.msg_flags
  return ((int*)(&struct msghdr.msg_flags))[argc];
#else
  (void)argc;
  return 0;
#endif
}

Determining if the socklen_t exist failed with the following output:
Change Dir: /Users/user/Desktop/clean-dec-23/CMakeFiles/CMakeTmp

Run Build Command:"/usr/bin/make" "cmTC_a4829/fast"
/Applications/Xcode.app/Contents/Developer/usr/bin/make -f CMakeFiles/cmTC_a4829.dir/build.make CMakeFiles/cmTC_a4829.dir/build
Building C object CMakeFiles/cmTC_a4829.dir/CheckSymbolExists.c.o
/Applications/Xcode.app/Contents/Developer/Toolchains/XcodeDefault.xctoolchain/usr/bin/cc     -o CMakeFiles/cmTC_a4829.dir/CheckSymbolExists.c.o   -c /Users/user/Desktop/clean-dec-23/CMakeFiles/CMakeTmp/CheckSymbolExists.c
/Users/user/Desktop/clean-dec-23/CMakeFiles/CMakeTmp/CheckSymbolExists.c:9:19: error: unexpected type name 'socklen_t': expected expression
  return ((int*)(&socklen_t))[argc];
                  ^
1 error generated.
make[2]: *** [CMakeFiles/cmTC_a4829.dir/CheckSymbolExists.c.o] Error 1
make[1]: *** [cmTC_a4829/fast] Error 2

File /Users/user/Desktop/clean-dec-23/CMakeFiles/CMakeTmp/CheckSymbolExists.c:
/* */
#include <sys/types.h>
#include <sys/socket.h>

int main(int argc, char** argv)
{
  (void)argv;
#ifndef socklen_t
  return ((int*)(&socklen_t))[argc];
#else
  (void)argc;
  return 0;
#endif
}

Determining if the function gethostbyaddr_r, exists failed with the following output:
Change Dir: /Users/user/Desktop/QServCollect/CMakeFiles/CMakeTmp

Run Build Command:"/usr/bin/make" "cmTC_edba8/fast"
/Applications/Xcode.app/Contents/Developer/usr/bin/make -f CMakeFiles/cmTC_edba8.dir/build.make CMakeFiles/cmTC_edba8.dir/build
Building C object CMakeFiles/cmTC_edba8.dir/CheckFunctionExists.c.o
/Applications/Xcode.app/Contents/Developer/Toolchains/XcodeDefault.xctoolchain/usr/bin/cc    -DCHECK_FUNCTION_EXISTS=gethostbyaddr_r,   -o CMakeFiles/cmTC_edba8.dir/CheckFunctionExists.c.o   -c /usr/local/share/cmake-3.4/Modules/CheckFunctionExists.c
/usr/local/share/cmake-3.4/Modules/CheckFunctionExists.c:6:28: error: expected identifier or '('
char CHECK_FUNCTION_EXISTS();
                           ^
/usr/local/share/cmake-3.4/Modules/CheckFunctionExists.c:14:25: error: expected expression
  CHECK_FUNCTION_EXISTS();
                        ^
2 errors generated.
make[1]: *** [CMakeFiles/cmTC_edba8.dir/CheckFunctionExists.c.o] Error 1
make: *** [cmTC_edba8/fast] Error 2


Determining if the function gethostbyname_r, exists failed with the following output:
Change Dir: /Users/user/Desktop/QServCollect/CMakeFiles/CMakeTmp

Run Build Command:"/usr/bin/make" "cmTC_a9260/fast"
/Applications/Xcode.app/Contents/Developer/usr/bin/make -f CMakeFiles/cmTC_a9260.dir/build.make CMakeFiles/cmTC_a9260.dir/build
Building C object CMakeFiles/cmTC_a9260.dir/CheckFunctionExists.c.o
/Applications/Xcode.app/Contents/Developer/Toolchains/XcodeDefault.xctoolchain/usr/bin/cc    -DCHECK_FUNCTION_EXISTS=gethostbyname_r,   -o CMakeFiles/cmTC_a9260.dir/CheckFunctionExists.c.o   -c /usr/local/share/cmake-3.4/Modules/CheckFunctionExists.c
/usr/local/share/cmake-3.4/Modules/CheckFunctionExists.c:6:28: error: expected identifier or '('
char CHECK_FUNCTION_EXISTS();
                           ^
/usr/local/share/cmake-3.4/Modules/CheckFunctionExists.c:14:25: error: expected expression
  CHECK_FUNCTION_EXISTS();
                        ^
2 errors generated.
make[1]: *** [CMakeFiles/cmTC_a9260.dir/CheckFunctionExists.c.o] Error 1
make: *** [cmTC_a9260/fast] Error 2


Determining if the function poll, exists failed with the following output:
Change Dir: /Users/user/Desktop/QServCollect/CMakeFiles/CMakeTmp

Run Build Command:"/usr/bin/make" "cmTC_bf460/fast"
/Applications/Xcode.app/Contents/Developer/usr/bin/make -f CMakeFiles/cmTC_bf460.dir/build.make CMakeFiles/cmTC_bf460.dir/build
Building C object CMakeFiles/cmTC_bf460.dir/CheckFunctionExists.c.o
/Applications/Xcode.app/Contents/Developer/Toolchains/XcodeDefault.xctoolchain/usr/bin/cc    -DCHECK_FUNCTION_EXISTS=poll,   -o CMakeFiles/cmTC_bf460.dir/CheckFunctionExists.c.o   -c /usr/local/share/cmake-3.4/Modules/CheckFunctionExists.c
/usr/local/share/cmake-3.4/Modules/CheckFunctionExists.c:6:28: error: expected identifier or '('
char CHECK_FUNCTION_EXISTS();
                           ^
/usr/local/share/cmake-3.4/Modules/CheckFunctionExists.c:14:25: error: expected expression
  CHECK_FUNCTION_EXISTS();
                        ^
2 errors generated.
make[1]: *** [CMakeFiles/cmTC_bf460.dir/CheckFunctionExists.c.o] Error 1
make: *** [cmTC_bf460/fast] Error 2


Determining if the function fcntl, exists failed with the following output:
Change Dir: /Users/user/Desktop/QServCollect/CMakeFiles/CMakeTmp

Run Build Command:"/usr/bin/make" "cmTC_412c5/fast"
/Applications/Xcode.app/Contents/Developer/usr/bin/make -f CMakeFiles/cmTC_412c5.dir/build.make CMakeFiles/cmTC_412c5.dir/build
Building C object CMakeFiles/cmTC_412c5.dir/CheckFunctionExists.c.o
/Applications/Xcode.app/Contents/Developer/Toolchains/XcodeDefault.xctoolchain/usr/bin/cc    -DCHECK_FUNCTION_EXISTS=fcntl,   -o CMakeFiles/cmTC_412c5.dir/CheckFunctionExists.c.o   -c /usr/local/share/cmake-3.4/Modules/CheckFunctionExists.c
/usr/local/share/cmake-3.4/Modules/CheckFunctionExists.c:6:28: error: expected identifier or '('
char CHECK_FUNCTION_EXISTS();
                           ^
/usr/local/share/cmake-3.4/Modules/CheckFunctionExists.c:14:25: error: expected expression
  CHECK_FUNCTION_EXISTS();
                        ^
2 errors generated.
make[1]: *** [CMakeFiles/cmTC_412c5.dir/CheckFunctionExists.c.o] Error 1
make: *** [cmTC_412c5/fast] Error 2


Determining if the function inet_pton, exists failed with the following output:
Change Dir: /Users/user/Desktop/QServCollect/CMakeFiles/CMakeTmp

Run Build Command:"/usr/bin/make" "cmTC_88a2c/fast"
/Applications/Xcode.app/Contents/Developer/usr/bin/make -f CMakeFiles/cmTC_88a2c.dir/build.make CMakeFiles/cmTC_88a2c.dir/build
Building C object CMakeFiles/cmTC_88a2c.dir/CheckFunctionExists.c.o
/Applications/Xcode.app/Contents/Developer/Toolchains/XcodeDefault.xctoolchain/usr/bin/cc    -DCHECK_FUNCTION_EXISTS=inet_pton,   -o CMakeFiles/cmTC_88a2c.dir/CheckFunctionExists.c.o   -c /usr/local/share/cmake-3.4/Modules/CheckFunctionExists.c
/usr/local/share/cmake-3.4/Modules/CheckFunctionExists.c:6:28: error: expected identifier or '('
char CHECK_FUNCTION_EXISTS();
                           ^
/usr/local/share/cmake-3.4/Modules/CheckFunctionExists.c:14:25: error: expected expression
  CHECK_FUNCTION_EXISTS();
                        ^
2 errors generated.
make[1]: *** [CMakeFiles/cmTC_88a2c.dir/CheckFunctionExists.c.o] Error 1
make: *** [cmTC_88a2c/fast] Error 2


Determining if the function inet_ntop, exists failed with the following output:
Change Dir: /Users/user/Desktop/QServCollect/CMakeFiles/CMakeTmp

Run Build Command:"/usr/bin/make" "cmTC_0c7e4/fast"
/Applications/Xcode.app/Contents/Developer/usr/bin/make -f CMakeFiles/cmTC_0c7e4.dir/build.make CMakeFiles/cmTC_0c7e4.dir/build
Building C object CMakeFiles/cmTC_0c7e4.dir/CheckFunctionExists.c.o
/Applications/Xcode.app/Contents/Developer/Toolchains/XcodeDefault.xctoolchain/usr/bin/cc    -DCHECK_FUNCTION_EXISTS=inet_ntop,   -o CMakeFiles/cmTC_0c7e4.dir/CheckFunctionExists.c.o   -c /usr/local/share/cmake-3.4/Modules/CheckFunctionExists.c
/usr/local/share/cmake-3.4/Modules/CheckFunctionExists.c:6:28: error: expected identifier or '('
char CHECK_FUNCTION_EXISTS();
                           ^
/usr/local/share/cmake-3.4/Modules/CheckFunctionExists.c:14:25: error: expected expression
  CHECK_FUNCTION_EXISTS();
                        ^
2 errors generated.
make[1]: *** [CMakeFiles/cmTC_0c7e4.dir/CheckFunctionExists.c.o] Error 1
make: *** [cmTC_0c7e4/fast] Error 2


Determining if the struct msghdr.msg_flags exist failed with the following output:
Change Dir: /Users/user/Desktop/QServCollect/CMakeFiles/CMakeTmp

Run Build Command:"/usr/bin/make" "cmTC_b21cb/fast"
/Applications/Xcode.app/Contents/Developer/usr/bin/make -f CMakeFiles/cmTC_b21cb.dir/build.make CMakeFiles/cmTC_b21cb.dir/build
Building C object CMakeFiles/cmTC_b21cb.dir/CheckSymbolExists.c.o
/Applications/Xcode.app/Contents/Developer/Toolchains/XcodeDefault.xctoolchain/usr/bin/cc     -o CMakeFiles/cmTC_b21cb.dir/CheckSymbolExists.c.o   -c /Users/user/Desktop/QServCollect/CMakeFiles/CMakeTmp/CheckSymbolExists.c
/Users/user/Desktop/QServCollect/CMakeFiles/CMakeTmp/CheckSymbolExists.c:7:16: warning: extra tokens at end of #ifndef directive [-Wextra-tokens]
#ifndef struct msghdr.msg_flags
               ^
               //
/Users/user/Desktop/QServCollect/CMakeFiles/CMakeTmp/CheckSymbolExists.c:8:19: error: expected expression
  return ((int*)(&struct msghdr.msg_flags))[argc];
                  ^
1 warning and 1 error generated.
make[1]: *** [CMakeFiles/cmTC_b21cb.dir/CheckSymbolExists.c.o] Error 1
make: *** [cmTC_b21cb/fast] Error 2

File /Users/user/Desktop/QServCollect/CMakeFiles/CMakeTmp/CheckSymbolExists.c:
/* */
#include <sys/socket.h>

int main(int argc, char** argv)
{
  (void)argv;
#ifndef struct msghdr.msg_flags
  return ((int*)(&struct msghdr.msg_flags))[argc];
#else
  (void)argc;
  return 0;
#endif
}

Determining if the socklen_t exist failed with the following output:
Change Dir: /Users/user/Desktop/QServCollect/CMakeFiles/CMakeTmp

Run Build Command:"/usr/bin/make" "cmTC_df8f0/fast"
/Applications/Xcode.app/Contents/Developer/usr/bin/make -f CMakeFiles/cmTC_df8f0.dir/build.make CMakeFiles/cmTC_df8f0.dir/build
Building C object CMakeFiles/cmTC_df8f0.dir/CheckSymbolExists.c.o
/Applications/Xcode.app/Contents/Developer/Toolchains/XcodeDefault.xctoolchain/usr/bin/cc     -o CMakeFiles/cmTC_df8f0.dir/CheckSymbolExists.c.o   -c /Users/user/Desktop/QServCollect/CMakeFiles/CMakeTmp/CheckSymbolExists.c
/Users/user/Desktop/QServCollect/CMakeFiles/CMakeTmp/CheckSymbolExists.c:9:19: error: unexpected type name 'socklen_t': expected expression
  return ((int*)(&socklen_t))[argc];
                  ^
1 error generated.
make[1]: *** [CMakeFiles/cmTC_df8f0.dir/CheckSymbolExists.c.o] Error 1
make: *** [cmTC_df8f0/fast] Error 2

File /Users/user/Desktop/QServCollect/CMakeFiles/CMakeTmp/CheckSymbolExists.c:
/* */
#include <sys/types.h>
#include <sys/socket.h>

int main(int argc, char** argv)
{
  (void)argv;
#ifndef socklen_t
  return ((int*)(&socklen_t))[argc];
#else
  (void)argc;
  return 0;
#endif
}

Determining if the function gethostbyaddr_r, exists failed with the following output:
Change Dir: /Users/user/Desktop/QServCollect/CMakeFiles/CMakeTmp

Run Build Command:"/usr/bin/make" "cmTC_e4e8e/fast"
/Applications/Xcode.app/Contents/Developer/usr/bin/make -f CMakeFiles/cmTC_e4e8e.dir/build.make CMakeFiles/cmTC_e4e8e.dir/build
Building C object CMakeFiles/cmTC_e4e8e.dir/CheckFunctionExists.c.o
/Applications/Xcode.app/Contents/Developer/Toolchains/XcodeDefault.xctoolchain/usr/bin/cc    -DCHECK_FUNCTION_EXISTS=gethostbyaddr_r,   -o CMakeFiles/cmTC_e4e8e.dir/CheckFunctionExists.c.o   -c /usr/local/share/cmake-3.4/Modules/CheckFunctionExists.c
/usr/local/share/cmake-3.4/Modules/CheckFunctionExists.c:6:28: error: expected identifier or '('
char CHECK_FUNCTION_EXISTS();
                           ^
/usr/local/share/cmake-3.4/Modules/CheckFunctionExists.c:14:25: error: expected expression
  CHECK_FUNCTION_EXISTS();
                        ^
2 errors generated.
make[2]: *** [CMakeFiles/cmTC_e4e8e.dir/CheckFunctionExists.c.o] Error 1
make[1]: *** [cmTC_e4e8e/fast] Error 2


Determining if the function gethostbyname_r, exists failed with the following output:
Change Dir: /Users/user/Desktop/QServCollect/CMakeFiles/CMakeTmp

Run Build Command:"/usr/bin/make" "cmTC_19a26/fast"
/Applications/Xcode.app/Contents/Developer/usr/bin/make -f CMakeFiles/cmTC_19a26.dir/build.make CMakeFiles/cmTC_19a26.dir/build
Building C object CMakeFiles/cmTC_19a26.dir/CheckFunctionExists.c.o
/Applications/Xcode.app/Contents/Developer/Toolchains/XcodeDefault.xctoolchain/usr/bin/cc    -DCHECK_FUNCTION_EXISTS=gethostbyname_r,   -o CMakeFiles/cmTC_19a26.dir/CheckFunctionExists.c.o   -c /usr/local/share/cmake-3.4/Modules/CheckFunctionExists.c
/usr/local/share/cmake-3.4/Modules/CheckFunctionExists.c:6:28: error: expected identifier or '('
char CHECK_FUNCTION_EXISTS();
                           ^
/usr/local/share/cmake-3.4/Modules/CheckFunctionExists.c:14:25: error: expected expression
  CHECK_FUNCTION_EXISTS();
                        ^
2 errors generated.
make[2]: *** [CMakeFiles/cmTC_19a26.dir/CheckFunctionExists.c.o] Error 1
make[1]: *** [cmTC_19a26/fast] Error 2


Determining if the function poll, exists failed with the following output:
Change Dir: /Users/user/Desktop/QServCollect/CMakeFiles/CMakeTmp

Run Build Command:"/usr/bin/make" "cmTC_9bef8/fast"
/Applications/Xcode.app/Contents/Developer/usr/bin/make -f CMakeFiles/cmTC_9bef8.dir/build.make CMakeFiles/cmTC_9bef8.dir/build
Building C object CMakeFiles/cmTC_9bef8.dir/CheckFunctionExists.c.o
/Applications/Xcode.app/Contents/Developer/Toolchains/XcodeDefault.xctoolchain/usr/bin/cc    -DCHECK_FUNCTION_EXISTS=poll,   -o CMakeFiles/cmTC_9bef8.dir/CheckFunctionExists.c.o   -c /usr/local/share/cmake-3.4/Modules/CheckFunctionExists.c
/usr/local/share/cmake-3.4/Modules/CheckFunctionExists.c:6:28: error: expected identifier or '('
char CHECK_FUNCTION_EXISTS();
                           ^
/usr/local/share/cmake-3.4/Modules/CheckFunctionExists.c:14:25: error: expected expression
  CHECK_FUNCTION_EXISTS();
                        ^
2 errors generated.
make[2]: *** [CMakeFiles/cmTC_9bef8.dir/CheckFunctionExists.c.o] Error 1
make[1]: *** [cmTC_9bef8/fast] Error 2


Determining if the function fcntl, exists failed with the following output:
Change Dir: /Users/user/Desktop/QServCollect/CMakeFiles/CMakeTmp

Run Build Command:"/usr/bin/make" "cmTC_9e96f/fast"
/Applications/Xcode.app/Contents/Developer/usr/bin/make -f CMakeFiles/cmTC_9e96f.dir/build.make CMakeFiles/cmTC_9e96f.dir/build
Building C object CMakeFiles/cmTC_9e96f.dir/CheckFunctionExists.c.o
/Applications/Xcode.app/Contents/Developer/Toolchains/XcodeDefault.xctoolchain/usr/bin/cc    -DCHECK_FUNCTION_EXISTS=fcntl,   -o CMakeFiles/cmTC_9e96f.dir/CheckFunctionExists.c.o   -c /usr/local/share/cmake-3.4/Modules/CheckFunctionExists.c
/usr/local/share/cmake-3.4/Modules/CheckFunctionExists.c:6:28: error: expected identifier or '('
char CHECK_FUNCTION_EXISTS();
                           ^
/usr/local/share/cmake-3.4/Modules/CheckFunctionExists.c:14:25: error: expected expression
  CHECK_FUNCTION_EXISTS();
                        ^
2 errors generated.
make[2]: *** [CMakeFiles/cmTC_9e96f.dir/CheckFunctionExists.c.o] Error 1
make[1]: *** [cmTC_9e96f/fast] Error 2


Determining if the function inet_pton, exists failed with the following output:
Change Dir: /Users/user/Desktop/QServCollect/CMakeFiles/CMakeTmp

Run Build Command:"/usr/bin/make" "cmTC_96f65/fast"
/Applications/Xcode.app/Contents/Developer/usr/bin/make -f CMakeFiles/cmTC_96f65.dir/build.make CMakeFiles/cmTC_96f65.dir/build
Building C object CMakeFiles/cmTC_96f65.dir/CheckFunctionExists.c.o
/Applications/Xcode.app/Contents/Developer/Toolchains/XcodeDefault.xctoolchain/usr/bin/cc    -DCHECK_FUNCTION_EXISTS=inet_pton,   -o CMakeFiles/cmTC_96f65.dir/CheckFunctionExists.c.o   -c /usr/local/share/cmake-3.4/Modules/CheckFunctionExists.c
/usr/local/share/cmake-3.4/Modules/CheckFunctionExists.c:6:28: error: expected identifier or '('
char CHECK_FUNCTION_EXISTS();
                           ^
/usr/local/share/cmake-3.4/Modules/CheckFunctionExists.c:14:25: error: expected expression
  CHECK_FUNCTION_EXISTS();
                        ^
2 errors generated.
make[2]: *** [CMakeFiles/cmTC_96f65.dir/CheckFunctionExists.c.o] Error 1
make[1]: *** [cmTC_96f65/fast] Error 2


Determining if the function inet_ntop, exists failed with the following output:
Change Dir: /Users/user/Desktop/QServCollect/CMakeFiles/CMakeTmp

Run Build Command:"/usr/bin/make" "cmTC_2ccce/fast"
/Applications/Xcode.app/Contents/Developer/usr/bin/make -f CMakeFiles/cmTC_2ccce.dir/build.make CMakeFiles/cmTC_2ccce.dir/build
Building C object CMakeFiles/cmTC_2ccce.dir/CheckFunctionExists.c.o
/Applications/Xcode.app/Contents/Developer/Toolchains/XcodeDefault.xctoolchain/usr/bin/cc    -DCHECK_FUNCTION_EXISTS=inet_ntop,   -o CMakeFiles/cmTC_2ccce.dir/CheckFunctionExists.c.o   -c /usr/local/share/cmake-3.4/Modules/CheckFunctionExists.c
/usr/local/share/cmake-3.4/Modules/CheckFunctionExists.c:6:28: error: expected identifier or '('
char CHECK_FUNCTION_EXISTS();
                           ^
/usr/local/share/cmake-3.4/Modules/CheckFunctionExists.c:14:25: error: expected expression
  CHECK_FUNCTION_EXISTS();
                        ^
2 errors generated.
make[2]: *** [CMakeFiles/cmTC_2ccce.dir/CheckFunctionExists.c.o] Error 1
make[1]: *** [cmTC_2ccce/fast] Error 2


Determining if the struct msghdr.msg_flags exist failed with the following output:
Change Dir: /Users/user/Desktop/QServCollect/CMakeFiles/CMakeTmp

Run Build Command:"/usr/bin/make" "cmTC_e5428/fast"
/Applications/Xcode.app/Contents/Developer/usr/bin/make -f CMakeFiles/cmTC_e5428.dir/build.make CMakeFiles/cmTC_e5428.dir/build
Building C object CMakeFiles/cmTC_e5428.dir/CheckSymbolExists.c.o
/Applications/Xcode.app/Contents/Developer/Toolchains/XcodeDefault.xctoolchain/usr/bin/cc     -o CMakeFiles/cmTC_e5428.dir/CheckSymbolExists.c.o   -c /Users/user/Desktop/QServCollect/CMakeFiles/CMakeTmp/CheckSymbolExists.c
/Users/user/Desktop/QServCollect/CMakeFiles/CMakeTmp/CheckSymbolExists.c:7:16: warning: extra tokens at end of #ifndef directive [-Wextra-tokens]
#ifndef struct msghdr.msg_flags
               ^
               //
/Users/user/Desktop/QServCollect/CMakeFiles/CMakeTmp/CheckSymbolExists.c:8:19: error: expected expression
  return ((int*)(&struct msghdr.msg_flags))[argc];
                  ^
1 warning and 1 error generated.
make[2]: *** [CMakeFiles/cmTC_e5428.dir/CheckSymbolExists.c.o] Error 1
make[1]: *** [cmTC_e5428/fast] Error 2

File /Users/user/Desktop/QServCollect/CMakeFiles/CMakeTmp/CheckSymbolExists.c:
/* */
#include <sys/socket.h>

int main(int argc, char** argv)
{
  (void)argv;
#ifndef struct msghdr.msg_flags
  return ((int*)(&struct msghdr.msg_flags))[argc];
#else
  (void)argc;
  return 0;
#endif
}

Determining if the socklen_t exist failed with the following output:
Change Dir: /Users/user/Desktop/QServCollect/CMakeFiles/CMakeTmp

Run Build Command:"/usr/bin/make" "cmTC_addd5/fast"
/Applications/Xcode.app/Contents/Developer/usr/bin/make -f CMakeFiles/cmTC_addd5.dir/build.make CMakeFiles/cmTC_addd5.dir/build
Building C object CMakeFiles/cmTC_addd5.dir/CheckSymbolExists.c.o
/Applications/Xcode.app/Contents/Developer/Toolchains/XcodeDefault.xctoolchain/usr/bin/cc     -o CMakeFiles/cmTC_addd5.dir/CheckSymbolExists.c.o   -c /Users/user/Desktop/QServCollect/CMakeFiles/CMakeTmp/CheckSymbolExists.c
/Users/user/Desktop/QServCollect/CMakeFiles/CMakeTmp/CheckSymbolExists.c:9:19: error: unexpected type name 'socklen_t': expected expression
  return ((int*)(&socklen_t))[argc];
                  ^
1 error generated.
make[2]: *** [CMakeFiles/cmTC_addd5.dir/CheckSymbolExists.c.o] Error 1
make[1]: *** [cmTC_addd5/fast] Error 2

File /Users/user/Desktop/QServCollect/CMakeFiles/CMakeTmp/CheckSymbolExists.c:
/* */
#include <sys/types.h>
#include <sys/socket.h>

int main(int argc, char** argv)
{
  (void)argv;
#ifndef socklen_t
  return ((int*)(&socklen_t))[argc];
#else
  (void)argc;
  return 0;
#endif
}

Determining if the function gethostbyaddr_r, exists failed with the following output:
Change Dir: /Users/user/Desktop/QServCollect/CMakeFiles/CMakeTmp

Run Build Command:"/usr/bin/make" "cmTC_bbee4/fast"
/Applications/Xcode.app/Contents/Developer/usr/bin/make -f CMakeFiles/cmTC_bbee4.dir/build.make CMakeFiles/cmTC_bbee4.dir/build
Building C object CMakeFiles/cmTC_bbee4.dir/CheckFunctionExists.c.o
/Applications/Xcode.app/Contents/Developer/Toolchains/XcodeDefault.xctoolchain/usr/bin/cc    -DCHECK_FUNCTION_EXISTS=gethostbyaddr_r,   -o CMakeFiles/cmTC_bbee4.dir/CheckFunctionExists.c.o   -c /usr/local/share/cmake-3.4/Modules/CheckFunctionExists.c
/usr/local/share/cmake-3.4/Modules/CheckFunctionExists.c:6:28: error: expected identifier or '('
char CHECK_FUNCTION_EXISTS();
                           ^
/usr/local/share/cmake-3.4/Modules/CheckFunctionExists.c:14:25: error: expected expression
  CHECK_FUNCTION_EXISTS();
                        ^
2 errors generated.
make[2]: *** [CMakeFiles/cmTC_bbee4.dir/CheckFunctionExists.c.o] Error 1
make[1]: *** [cmTC_bbee4/fast] Error 2


Determining if the function gethostbyname_r, exists failed with the following output:
Change Dir: /Users/user/Desktop/QServCollect/CMakeFiles/CMakeTmp

Run Build Command:"/usr/bin/make" "cmTC_046c0/fast"
/Applications/Xcode.app/Contents/Developer/usr/bin/make -f CMakeFiles/cmTC_046c0.dir/build.make CMakeFiles/cmTC_046c0.dir/build
Building C object CMakeFiles/cmTC_046c0.dir/CheckFunctionExists.c.o
/Applications/Xcode.app/Contents/Developer/Toolchains/XcodeDefault.xctoolchain/usr/bin/cc    -DCHECK_FUNCTION_EXISTS=gethostbyname_r,   -o CMakeFiles/cmTC_046c0.dir/CheckFunctionExists.c.o   -c /usr/local/share/cmake-3.4/Modules/CheckFunctionExists.c
/usr/local/share/cmake-3.4/Modules/CheckFunctionExists.c:6:28: error: expected identifier or '('
char CHECK_FUNCTION_EXISTS();
                           ^
/usr/local/share/cmake-3.4/Modules/CheckFunctionExists.c:14:25: error: expected expression
  CHECK_FUNCTION_EXISTS();
                        ^
2 errors generated.
make[2]: *** [CMakeFiles/cmTC_046c0.dir/CheckFunctionExists.c.o] Error 1
make[1]: *** [cmTC_046c0/fast] Error 2


Determining if the function poll, exists failed with the following output:
Change Dir: /Users/user/Desktop/QServCollect/CMakeFiles/CMakeTmp

Run Build Command:"/usr/bin/make" "cmTC_333d8/fast"
/Applications/Xcode.app/Contents/Developer/usr/bin/make -f CMakeFiles/cmTC_333d8.dir/build.make CMakeFiles/cmTC_333d8.dir/build
Building C object CMakeFiles/cmTC_333d8.dir/CheckFunctionExists.c.o
/Applications/Xcode.app/Contents/Developer/Toolchains/XcodeDefault.xctoolchain/usr/bin/cc    -DCHECK_FUNCTION_EXISTS=poll,   -o CMakeFiles/cmTC_333d8.dir/CheckFunctionExists.c.o   -c /usr/local/share/cmake-3.4/Modules/CheckFunctionExists.c
/usr/local/share/cmake-3.4/Modules/CheckFunctionExists.c:6:28: error: expected identifier or '('
char CHECK_FUNCTION_EXISTS();
                           ^
/usr/local/share/cmake-3.4/Modules/CheckFunctionExists.c:14:25: error: expected expression
  CHECK_FUNCTION_EXISTS();
                        ^
2 errors generated.
make[2]: *** [CMakeFiles/cmTC_333d8.dir/CheckFunctionExists.c.o] Error 1
make[1]: *** [cmTC_333d8/fast] Error 2


Determining if the function fcntl, exists failed with the following output:
Change Dir: /Users/user/Desktop/QServCollect/CMakeFiles/CMakeTmp

Run Build Command:"/usr/bin/make" "cmTC_15436/fast"
/Applications/Xcode.app/Contents/Developer/usr/bin/make -f CMakeFiles/cmTC_15436.dir/build.make CMakeFiles/cmTC_15436.dir/build
Building C object CMakeFiles/cmTC_15436.dir/CheckFunctionExists.c.o
/Applications/Xcode.app/Contents/Developer/Toolchains/XcodeDefault.xctoolchain/usr/bin/cc    -DCHECK_FUNCTION_EXISTS=fcntl,   -o CMakeFiles/cmTC_15436.dir/CheckFunctionExists.c.o   -c /usr/local/share/cmake-3.4/Modules/CheckFunctionExists.c
/usr/local/share/cmake-3.4/Modules/CheckFunctionExists.c:6:28: error: expected identifier or '('
char CHECK_FUNCTION_EXISTS();
                           ^
/usr/local/share/cmake-3.4/Modules/CheckFunctionExists.c:14:25: error: expected expression
  CHECK_FUNCTION_EXISTS();
                        ^
2 errors generated.
make[2]: *** [CMakeFiles/cmTC_15436.dir/CheckFunctionExists.c.o] Error 1
make[1]: *** [cmTC_15436/fast] Error 2


Determining if the function inet_pton, exists failed with the following output:
Change Dir: /Users/user/Desktop/QServCollect/CMakeFiles/CMakeTmp

Run Build Command:"/usr/bin/make" "cmTC_5f102/fast"
/Applications/Xcode.app/Contents/Developer/usr/bin/make -f CMakeFiles/cmTC_5f102.dir/build.make CMakeFiles/cmTC_5f102.dir/build
Building C object CMakeFiles/cmTC_5f102.dir/CheckFunctionExists.c.o
/Applications/Xcode.app/Contents/Developer/Toolchains/XcodeDefault.xctoolchain/usr/bin/cc    -DCHECK_FUNCTION_EXISTS=inet_pton,   -o CMakeFiles/cmTC_5f102.dir/CheckFunctionExists.c.o   -c /usr/local/share/cmake-3.4/Modules/CheckFunctionExists.c
/usr/local/share/cmake-3.4/Modules/CheckFunctionExists.c:6:28: error: expected identifier or '('
char CHECK_FUNCTION_EXISTS();
                           ^
/usr/local/share/cmake-3.4/Modules/CheckFunctionExists.c:14:25: error: expected expression
  CHECK_FUNCTION_EXISTS();
                        ^
2 errors generated.
make[2]: *** [CMakeFiles/cmTC_5f102.dir/CheckFunctionExists.c.o] Error 1
make[1]: *** [cmTC_5f102/fast] Error 2


Determining if the function inet_ntop, exists failed with the following output:
Change Dir: /Users/user/Desktop/QServCollect/CMakeFiles/CMakeTmp

Run Build Command:"/usr/bin/make" "cmTC_bbb4b/fast"
/Applications/Xcode.app/Contents/Developer/usr/bin/make -f CMakeFiles/cmTC_bbb4b.dir/build.make CMakeFiles/cmTC_bbb4b.dir/build
Building C object CMakeFiles/cmTC_bbb4b.dir/CheckFunctionExists.c.o
/Applications/Xcode.app/Contents/Developer/Toolchains/XcodeDefault.xctoolchain/usr/bin/cc    -DCHECK_FUNCTION_EXISTS=inet_ntop,   -o CMakeFiles/cmTC_bbb4b.dir/CheckFunctionExists.c.o   -c /usr/local/share/cmake-3.4/Modules/CheckFunctionExists.c
/usr/local/share/cmake-3.4/Modules/CheckFunctionExists.c:6:28: error: expected identifier or '('
char CHECK_FUNCTION_EXISTS();
                           ^
/usr/local/share/cmake-3.4/Modules/CheckFunctionExists.c:14:25: error: expected expression
  CHECK_FUNCTION_EXISTS();
                        ^
2 errors generated.
make[2]: *** [CMakeFiles/cmTC_bbb4b.dir/CheckFunctionExists.c.o] Error 1
make[1]: *** [cmTC_bbb4b/fast] Error 2


Determining if the struct msghdr.msg_flags exist failed with the following output:
Change Dir: /Users/user/Desktop/QServCollect/CMakeFiles/CMakeTmp

Run Build Command:"/usr/bin/make" "cmTC_20821/fast"
/Applications/Xcode.app/Contents/Developer/usr/bin/make -f CMakeFiles/cmTC_20821.dir/build.make CMakeFiles/cmTC_20821.dir/build
Building C object CMakeFiles/cmTC_20821.dir/CheckSymbolExists.c.o
/Applications/Xcode.app/Contents/Developer/Toolchains/XcodeDefault.xctoolchain/usr/bin/cc     -o CMakeFiles/cmTC_20821.dir/CheckSymbolExists.c.o   -c /Users/user/Desktop/QServCollect/CMakeFiles/CMakeTmp/CheckSymbolExists.c
/Users/user/Desktop/QServCollect/CMakeFiles/CMakeTmp/CheckSymbolExists.c:7:16: warning: extra tokens at end of #ifndef directive [-Wextra-tokens]
#ifndef struct msghdr.msg_flags
               ^
               //
/Users/user/Desktop/QServCollect/CMakeFiles/CMakeTmp/CheckSymbolExists.c:8:19: error: expected expression
  return ((int*)(&struct msghdr.msg_flags))[argc];
                  ^
1 warning and 1 error generated.
make[2]: *** [CMakeFiles/cmTC_20821.dir/CheckSymbolExists.c.o] Error 1
make[1]: *** [cmTC_20821/fast] Error 2

File /Users/user/Desktop/QServCollect/CMakeFiles/CMakeTmp/CheckSymbolExists.c:
/* */
#include <sys/socket.h>

int main(int argc, char** argv)
{
  (void)argv;
#ifndef struct msghdr.msg_flags
  return ((int*)(&struct msghdr.msg_flags))[argc];
#else
  (void)argc;
  return 0;
#endif
}

Determining if the socklen_t exist failed with the following output:
Change Dir: /Users/user/Desktop/QServCollect/CMakeFiles/CMakeTmp

Run Build Command:"/usr/bin/make" "cmTC_492ce/fast"
/Applications/Xcode.app/Contents/Developer/usr/bin/make -f CMakeFiles/cmTC_492ce.dir/build.make CMakeFiles/cmTC_492ce.dir/build
Building C object CMakeFiles/cmTC_492ce.dir/CheckSymbolExists.c.o
/Applications/Xcode.app/Contents/Developer/Toolchains/XcodeDefault.xctoolchain/usr/bin/cc     -o CMakeFiles/cmTC_492ce.dir/CheckSymbolExists.c.o   -c /Users/user/Desktop/QServCollect/CMakeFiles/CMakeTmp/CheckSymbolExists.c
/Users/user/Desktop/QServCollect/CMakeFiles/CMakeTmp/CheckSymbolExists.c:9:19: error: unexpected type name 'socklen_t': expected expression
  return ((int*)(&socklen_t))[argc];
                  ^
1 error generated.
make[2]: *** [CMakeFiles/cmTC_492ce.dir/CheckSymbolExists.c.o] Error 1
make[1]: *** [cmTC_492ce/fast] Error 2

File /Users/user/Desktop/QServCollect/CMakeFiles/CMakeTmp/CheckSymbolExists.c:
/* */
#include <sys/types.h>
#include <sys/socket.h>

int main(int argc, char** argv)
{
  (void)argv;
#ifndef socklen_t
  return ((int*)(&socklen_t))[argc];
#else
  (void)argc;
  return 0;
#endif
}

Determining if the function gethostbyaddr_r, exists failed with the following output:
Change Dir: /Users/user/Desktop/QServCollect/CMakeFiles/CMakeTmp

Run Build Command:"/usr/bin/make" "cmTC_9e2d4/fast"
/Applications/Xcode.app/Contents/Developer/usr/bin/make -f CMakeFiles/cmTC_9e2d4.dir/build.make CMakeFiles/cmTC_9e2d4.dir/build
Building C object CMakeFiles/cmTC_9e2d4.dir/CheckFunctionExists.c.o
/Applications/Xcode.app/Contents/Developer/Toolchains/XcodeDefault.xctoolchain/usr/bin/cc    -DCHECK_FUNCTION_EXISTS=gethostbyaddr_r,   -o CMakeFiles/cmTC_9e2d4.dir/CheckFunctionExists.c.o   -c /usr/local/share/cmake-3.4/Modules/CheckFunctionExists.c
/usr/local/share/cmake-3.4/Modules/CheckFunctionExists.c:6:28: error: expected identifier or '('
char CHECK_FUNCTION_EXISTS();
                           ^
/usr/local/share/cmake-3.4/Modules/CheckFunctionExists.c:14:25: error: expected expression
  CHECK_FUNCTION_EXISTS();
                        ^
2 errors generated.
make[2]: *** [CMakeFiles/cmTC_9e2d4.dir/CheckFunctionExists.c.o] Error 1
make[1]: *** [cmTC_9e2d4/fast] Error 2


Determining if the function gethostbyname_r, exists failed with the following output:
Change Dir: /Users/user/Desktop/QServCollect/CMakeFiles/CMakeTmp

Run Build Command:"/usr/bin/make" "cmTC_a3c58/fast"
/Applications/Xcode.app/Contents/Developer/usr/bin/make -f CMakeFiles/cmTC_a3c58.dir/build.make CMakeFiles/cmTC_a3c58.dir/build
Building C object CMakeFiles/cmTC_a3c58.dir/CheckFunctionExists.c.o
/Applications/Xcode.app/Contents/Developer/Toolchains/XcodeDefault.xctoolchain/usr/bin/cc    -DCHECK_FUNCTION_EXISTS=gethostbyname_r,   -o CMakeFiles/cmTC_a3c58.dir/CheckFunctionExists.c.o   -c /usr/local/share/cmake-3.4/Modules/CheckFunctionExists.c
/usr/local/share/cmake-3.4/Modules/CheckFunctionExists.c:6:28: error: expected identifier or '('
char CHECK_FUNCTION_EXISTS();
                           ^
/usr/local/share/cmake-3.4/Modules/CheckFunctionExists.c:14:25: error: expected expression
  CHECK_FUNCTION_EXISTS();
                        ^
2 errors generated.
make[2]: *** [CMakeFiles/cmTC_a3c58.dir/CheckFunctionExists.c.o] Error 1
make[1]: *** [cmTC_a3c58/fast] Error 2


Determining if the function poll, exists failed with the following output:
Change Dir: /Users/user/Desktop/QServCollect/CMakeFiles/CMakeTmp

Run Build Command:"/usr/bin/make" "cmTC_ff2b9/fast"
/Applications/Xcode.app/Contents/Developer/usr/bin/make -f CMakeFiles/cmTC_ff2b9.dir/build.make CMakeFiles/cmTC_ff2b9.dir/build
Building C object CMakeFiles/cmTC_ff2b9.dir/CheckFunctionExists.c.o
/Applications/Xcode.app/Contents/Developer/Toolchains/XcodeDefault.xctoolchain/usr/bin/cc    -DCHECK_FUNCTION_EXISTS=poll,   -o CMakeFiles/cmTC_ff2b9.dir/CheckFunctionExists.c.o   -c /usr/local/share/cmake-3.4/Modules/CheckFunctionExists.c
/usr/local/share/cmake-3.4/Modules/CheckFunctionExists.c:6:28: error: expected identifier or '('
char CHECK_FUNCTION_EXISTS();
                           ^
/usr/local/share/cmake-3.4/Modules/CheckFunctionExists.c:14:25: error: expected expression
  CHECK_FUNCTION_EXISTS();
                        ^
2 errors generated.
make[2]: *** [CMakeFiles/cmTC_ff2b9.dir/CheckFunctionExists.c.o] Error 1
make[1]: *** [cmTC_ff2b9/fast] Error 2


Determining if the function fcntl, exists failed with the following output:
Change Dir: /Users/user/Desktop/QServCollect/CMakeFiles/CMakeTmp

Run Build Command:"/usr/bin/make" "cmTC_a799f/fast"
/Applications/Xcode.app/Contents/Developer/usr/bin/make -f CMakeFiles/cmTC_a799f.dir/build.make CMakeFiles/cmTC_a799f.dir/build
Building C object CMakeFiles/cmTC_a799f.dir/CheckFunctionExists.c.o
/Applications/Xcode.app/Contents/Developer/Toolchains/XcodeDefault.xctoolchain/usr/bin/cc    -DCHECK_FUNCTION_EXISTS=fcntl,   -o CMakeFiles/cmTC_a799f.dir/CheckFunctionExists.c.o   -c /usr/local/share/cmake-3.4/Modules/CheckFunctionExists.c
/usr/local/share/cmake-3.4/Modules/CheckFunctionExists.c:6:28: error: expected identifier or '('
char CHECK_FUNCTION_EXISTS();
                           ^
/usr/local/share/cmake-3.4/Modules/CheckFunctionExists.c:14:25: error: expected expression
  CHECK_FUNCTION_EXISTS();
                        ^
2 errors generated.
make[2]: *** [CMakeFiles/cmTC_a799f.dir/CheckFunctionExists.c.o] Error 1
make[1]: *** [cmTC_a799f/fast] Error 2


Determining if the function inet_pton, exists failed with the following output:
Change Dir: /Users/user/Desktop/QServCollect/CMakeFiles/CMakeTmp

Run Build Command:"/usr/bin/make" "cmTC_fd8d2/fast"
/Applications/Xcode.app/Contents/Developer/usr/bin/make -f CMakeFiles/cmTC_fd8d2.dir/build.make CMakeFiles/cmTC_fd8d2.dir/build
Building C object CMakeFiles/cmTC_fd8d2.dir/CheckFunctionExists.c.o
/Applications/Xcode.app/Contents/Developer/Toolchains/XcodeDefault.xctoolchain/usr/bin/cc    -DCHECK_FUNCTION_EXISTS=inet_pton,   -o CMakeFiles/cmTC_fd8d2.dir/CheckFunctionExists.c.o   -c /usr/local/share/cmake-3.4/Modules/CheckFunctionExists.c
/usr/local/share/cmake-3.4/Modules/CheckFunctionExists.c:6:28: error: expected identifier or '('
char CHECK_FUNCTION_EXISTS();
                           ^
/usr/local/share/cmake-3.4/Modules/CheckFunctionExists.c:14:25: error: expected expression
  CHECK_FUNCTION_EXISTS();
                        ^
2 errors generated.
make[2]: *** [CMakeFiles/cmTC_fd8d2.dir/CheckFunctionExists.c.o] Error 1
make[1]: *** [cmTC_fd8d2/fast] Error 2


Determining if the function inet_ntop, exists failed with the following output:
Change Dir: /Users/user/Desktop/QServCollect/CMakeFiles/CMakeTmp

Run Build Command:"/usr/bin/make" "cmTC_7746f/fast"
/Applications/Xcode.app/Contents/Developer/usr/bin/make -f CMakeFiles/cmTC_7746f.dir/build.make CMakeFiles/cmTC_7746f.dir/build
Building C object CMakeFiles/cmTC_7746f.dir/CheckFunctionExists.c.o
/Applications/Xcode.app/Contents/Developer/Toolchains/XcodeDefault.xctoolchain/usr/bin/cc    -DCHECK_FUNCTION_EXISTS=inet_ntop,   -o CMakeFiles/cmTC_7746f.dir/CheckFunctionExists.c.o   -c /usr/local/share/cmake-3.4/Modules/CheckFunctionExists.c
/usr/local/share/cmake-3.4/Modules/CheckFunctionExists.c:6:28: error: expected identifier or '('
char CHECK_FUNCTION_EXISTS();
                           ^
/usr/local/share/cmake-3.4/Modules/CheckFunctionExists.c:14:25: error: expected expression
  CHECK_FUNCTION_EXISTS();
                        ^
2 errors generated.
make[2]: *** [CMakeFiles/cmTC_7746f.dir/CheckFunctionExists.c.o] Error 1
make[1]: *** [cmTC_7746f/fast] Error 2


Determining if the struct msghdr.msg_flags exist failed with the following output:
Change Dir: /Users/user/Desktop/QServCollect/CMakeFiles/CMakeTmp

Run Build Command:"/usr/bin/make" "cmTC_66266/fast"
/Applications/Xcode.app/Contents/Developer/usr/bin/make -f CMakeFiles/cmTC_66266.dir/build.make CMakeFiles/cmTC_66266.dir/build
Building C object CMakeFiles/cmTC_66266.dir/CheckSymbolExists.c.o
/Applications/Xcode.app/Contents/Developer/Toolchains/XcodeDefault.xctoolchain/usr/bin/cc     -o CMakeFiles/cmTC_66266.dir/CheckSymbolExists.c.o   -c /Users/user/Desktop/QServCollect/CMakeFiles/CMakeTmp/CheckSymbolExists.c
/Users/user/Desktop/QServCollect/CMakeFiles/CMakeTmp/CheckSymbolExists.c:7:16: warning: extra tokens at end of #ifndef directive [-Wextra-tokens]
#ifndef struct msghdr.msg_flags
               ^
               //
/Users/user/Desktop/QServCollect/CMakeFiles/CMakeTmp/CheckSymbolExists.c:8:19: error: expected expression
  return ((int*)(&struct msghdr.msg_flags))[argc];
                  ^
1 warning and 1 error generated.
make[2]: *** [CMakeFiles/cmTC_66266.dir/CheckSymbolExists.c.o] Error 1
make[1]: *** [cmTC_66266/fast] Error 2

File /Users/user/Desktop/QServCollect/CMakeFiles/CMakeTmp/CheckSymbolExists.c:
/* */
#include <sys/socket.h>

int main(int argc, char** argv)
{
  (void)argv;
#ifndef struct msghdr.msg_flags
  return ((int*)(&struct msghdr.msg_flags))[argc];
#else
  (void)argc;
  return 0;
#endif
}

Determining if the socklen_t exist failed with the following output:
Change Dir: /Users/user/Desktop/QServCollect/CMakeFiles/CMakeTmp

Run Build Command:"/usr/bin/make" "cmTC_b7a8f/fast"
/Applications/Xcode.app/Contents/Developer/usr/bin/make -f CMakeFiles/cmTC_b7a8f.dir/build.make CMakeFiles/cmTC_b7a8f.dir/build
Building C object CMakeFiles/cmTC_b7a8f.dir/CheckSymbolExists.c.o
/Applications/Xcode.app/Contents/Developer/Toolchains/XcodeDefault.xctoolchain/usr/bin/cc     -o CMakeFiles/cmTC_b7a8f.dir/CheckSymbolExists.c.o   -c /Users/user/Desktop/QServCollect/CMakeFiles/CMakeTmp/CheckSymbolExists.c
/Users/user/Desktop/QServCollect/CMakeFiles/CMakeTmp/CheckSymbolExists.c:9:19: error: unexpected type name 'socklen_t': expected expression
  return ((int*)(&socklen_t))[argc];
                  ^
1 error generated.
make[2]: *** [CMakeFiles/cmTC_b7a8f.dir/CheckSymbolExists.c.o] Error 1
make[1]: *** [cmTC_b7a8f/fast] Error 2

File /Users/user/Desktop/QServCollect/CMakeFiles/CMakeTmp/CheckSymbolExists.c:
/* */
#include <sys/types.h>
#include <sys/socket.h>

int main(int argc, char** argv)
{
  (void)argv;
#ifndef socklen_t
  return ((int*)(&socklen_t))[argc];
#else
  (void)argc;
  return 0;
#endif
}

Determining if the function gethostbyaddr_r, exists failed with the following output:
Change Dir: /Users/user/Desktop/QServCollect/CMakeFiles/CMakeTmp

Run Build Command:"/usr/bin/make" "cmTC_a2827/fast"
/Applications/Xcode.app/Contents/Developer/usr/bin/make -f CMakeFiles/cmTC_a2827.dir/build.make CMakeFiles/cmTC_a2827.dir/build
Building C object CMakeFiles/cmTC_a2827.dir/CheckFunctionExists.c.o
/Applications/Xcode.app/Contents/Developer/Toolchains/XcodeDefault.xctoolchain/usr/bin/cc    -DCHECK_FUNCTION_EXISTS=gethostbyaddr_r,   -o CMakeFiles/cmTC_a2827.dir/CheckFunctionExists.c.o   -c /usr/local/share/cmake-3.4/Modules/CheckFunctionExists.c
/usr/local/share/cmake-3.4/Modules/CheckFunctionExists.c:6:28: error: expected identifier or '('
char CHECK_FUNCTION_EXISTS();
                           ^
/usr/local/share/cmake-3.4/Modules/CheckFunctionExists.c:14:25: error: expected expression
  CHECK_FUNCTION_EXISTS();
                        ^
2 errors generated.
make[2]: *** [CMakeFiles/cmTC_a2827.dir/CheckFunctionExists.c.o] Error 1
make[1]: *** [cmTC_a2827/fast] Error 2


Determining if the function gethostbyname_r, exists failed with the following output:
Change Dir: /Users/user/Desktop/QServCollect/CMakeFiles/CMakeTmp

Run Build Command:"/usr/bin/make" "cmTC_38013/fast"
/Applications/Xcode.app/Contents/Developer/usr/bin/make -f CMakeFiles/cmTC_38013.dir/build.make CMakeFiles/cmTC_38013.dir/build
Building C object CMakeFiles/cmTC_38013.dir/CheckFunctionExists.c.o
/Applications/Xcode.app/Contents/Developer/Toolchains/XcodeDefault.xctoolchain/usr/bin/cc    -DCHECK_FUNCTION_EXISTS=gethostbyname_r,   -o CMakeFiles/cmTC_38013.dir/CheckFunctionExists.c.o   -c /usr/local/share/cmake-3.4/Modules/CheckFunctionExists.c
/usr/local/share/cmake-3.4/Modules/CheckFunctionExists.c:6:28: error: expected identifier or '('
char CHECK_FUNCTION_EXISTS();
                           ^
/usr/local/share/cmake-3.4/Modules/CheckFunctionExists.c:14:25: error: expected expression
  CHECK_FUNCTION_EXISTS();
                        ^
2 errors generated.
make[2]: *** [CMakeFiles/cmTC_38013.dir/CheckFunctionExists.c.o] Error 1
make[1]: *** [cmTC_38013/fast] Error 2


Determining if the function poll, exists failed with the following output:
Change Dir: /Users/user/Desktop/QServCollect/CMakeFiles/CMakeTmp

Run Build Command:"/usr/bin/make" "cmTC_3857b/fast"
/Applications/Xcode.app/Contents/Developer/usr/bin/make -f CMakeFiles/cmTC_3857b.dir/build.make CMakeFiles/cmTC_3857b.dir/build
Building C object CMakeFiles/cmTC_3857b.dir/CheckFunctionExists.c.o
/Applications/Xcode.app/Contents/Developer/Toolchains/XcodeDefault.xctoolchain/usr/bin/cc    -DCHECK_FUNCTION_EXISTS=poll,   -o CMakeFiles/cmTC_3857b.dir/CheckFunctionExists.c.o   -c /usr/local/share/cmake-3.4/Modules/CheckFunctionExists.c
/usr/local/share/cmake-3.4/Modules/CheckFunctionExists.c:6:28: error: expected identifier or '('
char CHECK_FUNCTION_EXISTS();
                           ^
/usr/local/share/cmake-3.4/Modules/CheckFunctionExists.c:14:25: error: expected expression
  CHECK_FUNCTION_EXISTS();
                        ^
2 errors generated.
make[2]: *** [CMakeFiles/cmTC_3857b.dir/CheckFunctionExists.c.o] Error 1
make[1]: *** [cmTC_3857b/fast] Error 2


Determining if the function fcntl, exists failed with the following output:
Change Dir: /Users/user/Desktop/QServCollect/CMakeFiles/CMakeTmp

Run Build Command:"/usr/bin/make" "cmTC_94e66/fast"
/Applications/Xcode.app/Contents/Developer/usr/bin/make -f CMakeFiles/cmTC_94e66.dir/build.make CMakeFiles/cmTC_94e66.dir/build
Building C object CMakeFiles/cmTC_94e66.dir/CheckFunctionExists.c.o
/Applications/Xcode.app/Contents/Developer/Toolchains/XcodeDefault.xctoolchain/usr/bin/cc    -DCHECK_FUNCTION_EXISTS=fcntl,   -o CMakeFiles/cmTC_94e66.dir/CheckFunctionExists.c.o   -c /usr/local/share/cmake-3.4/Modules/CheckFunctionExists.c
/usr/local/share/cmake-3.4/Modules/CheckFunctionExists.c:6:28: error: expected identifier or '('
char CHECK_FUNCTION_EXISTS();
                           ^
/usr/local/share/cmake-3.4/Modules/CheckFunctionExists.c:14:25: error: expected expression
  CHECK_FUNCTION_EXISTS();
                        ^
2 errors generated.
make[2]: *** [CMakeFiles/cmTC_94e66.dir/CheckFunctionExists.c.o] Error 1
make[1]: *** [cmTC_94e66/fast] Error 2


Determining if the function inet_pton, exists failed with the following output:
Change Dir: /Users/user/Desktop/QServCollect/CMakeFiles/CMakeTmp

Run Build Command:"/usr/bin/make" "cmTC_5ff6c/fast"
/Applications/Xcode.app/Contents/Developer/usr/bin/make -f CMakeFiles/cmTC_5ff6c.dir/build.make CMakeFiles/cmTC_5ff6c.dir/build
Building C object CMakeFiles/cmTC_5ff6c.dir/CheckFunctionExists.c.o
/Applications/Xcode.app/Contents/Developer/Toolchains/XcodeDefault.xctoolchain/usr/bin/cc    -DCHECK_FUNCTION_EXISTS=inet_pton,   -o CMakeFiles/cmTC_5ff6c.dir/CheckFunctionExists.c.o   -c /usr/local/share/cmake-3.4/Modules/CheckFunctionExists.c
/usr/local/share/cmake-3.4/Modules/CheckFunctionExists.c:6:28: error: expected identifier or '('
char CHECK_FUNCTION_EXISTS();
                           ^
/usr/local/share/cmake-3.4/Modules/CheckFunctionExists.c:14:25: error: expected expression
  CHECK_FUNCTION_EXISTS();
                        ^
2 errors generated.
make[2]: *** [CMakeFiles/cmTC_5ff6c.dir/CheckFunctionExists.c.o] Error 1
make[1]: *** [cmTC_5ff6c/fast] Error 2


Determining if the function inet_ntop, exists failed with the following output:
Change Dir: /Users/user/Desktop/QServCollect/CMakeFiles/CMakeTmp

Run Build Command:"/usr/bin/make" "cmTC_8b209/fast"
/Applications/Xcode.app/Contents/Developer/usr/bin/make -f CMakeFiles/cmTC_8b209.dir/build.make CMakeFiles/cmTC_8b209.dir/build
Building C object CMakeFiles/cmTC_8b209.dir/CheckFunctionExists.c.o
/Applications/Xcode.app/Contents/Developer/Toolchains/XcodeDefault.xctoolchain/usr/bin/cc    -DCHECK_FUNCTION_EXISTS=inet_ntop,   -o CMakeFiles/cmTC_8b209.dir/CheckFunctionExists.c.o   -c /usr/local/share/cmake-3.4/Modules/CheckFunctionExists.c
/usr/local/share/cmake-3.4/Modules/CheckFunctionExists.c:6:28: error: expected identifier or '('
char CHECK_FUNCTION_EXISTS();
                           ^
/usr/local/share/cmake-3.4/Modules/CheckFunctionExists.c:14:25: error: expected expression
  CHECK_FUNCTION_EXISTS();
                        ^
2 errors generated.
make[2]: *** [CMakeFiles/cmTC_8b209.dir/CheckFunctionExists.c.o] Error 1
make[1]: *** [cmTC_8b209/fast] Error 2


Determining if the struct msghdr.msg_flags exist failed with the following output:
Change Dir: /Users/user/Desktop/QServCollect/CMakeFiles/CMakeTmp

Run Build Command:"/usr/bin/make" "cmTC_f7990/fast"
/Applications/Xcode.app/Contents/Developer/usr/bin/make -f CMakeFiles/cmTC_f7990.dir/build.make CMakeFiles/cmTC_f7990.dir/build
Building C object CMakeFiles/cmTC_f7990.dir/CheckSymbolExists.c.o
/Applications/Xcode.app/Contents/Developer/Toolchains/XcodeDefault.xctoolchain/usr/bin/cc     -o CMakeFiles/cmTC_f7990.dir/CheckSymbolExists.c.o   -c /Users/user/Desktop/QServCollect/CMakeFiles/CMakeTmp/CheckSymbolExists.c
/Users/user/Desktop/QServCollect/CMakeFiles/CMakeTmp/CheckSymbolExists.c:7:16: warning: extra tokens at end of #ifndef directive [-Wextra-tokens]
#ifndef struct msghdr.msg_flags
               ^
               //
/Users/user/Desktop/QServCollect/CMakeFiles/CMakeTmp/CheckSymbolExists.c:8:19: error: expected expression
  return ((int*)(&struct msghdr.msg_flags))[argc];
                  ^
1 warning and 1 error generated.
make[2]: *** [CMakeFiles/cmTC_f7990.dir/CheckSymbolExists.c.o] Error 1
make[1]: *** [cmTC_f7990/fast] Error 2

File /Users/user/Desktop/QServCollect/CMakeFiles/CMakeTmp/CheckSymbolExists.c:
/* */
#include <sys/socket.h>

int main(int argc, char** argv)
{
  (void)argv;
#ifndef struct msghdr.msg_flags
  return ((int*)(&struct msghdr.msg_flags))[argc];
#else
  (void)argc;
  return 0;
#endif
}

Determining if the socklen_t exist failed with the following output:
Change Dir: /Users/user/Desktop/QServCollect/CMakeFiles/CMakeTmp

Run Build Command:"/usr/bin/make" "cmTC_566cf/fast"
/Applications/Xcode.app/Contents/Developer/usr/bin/make -f CMakeFiles/cmTC_566cf.dir/build.make CMakeFiles/cmTC_566cf.dir/build
Building C object CMakeFiles/cmTC_566cf.dir/CheckSymbolExists.c.o
/Applications/Xcode.app/Contents/Developer/Toolchains/XcodeDefault.xctoolchain/usr/bin/cc     -o CMakeFiles/cmTC_566cf.dir/CheckSymbolExists.c.o   -c /Users/user/Desktop/QServCollect/CMakeFiles/CMakeTmp/CheckSymbolExists.c
/Users/user/Desktop/QServCollect/CMakeFiles/CMakeTmp/CheckSymbolExists.c:9:19: error: unexpected type name 'socklen_t': expected expression
  return ((int*)(&socklen_t))[argc];
                  ^
1 error generated.
make[2]: *** [CMakeFiles/cmTC_566cf.dir/CheckSymbolExists.c.o] Error 1
make[1]: *** [cmTC_566cf/fast] Error 2

File /Users/user/Desktop/QServCollect/CMakeFiles/CMakeTmp/CheckSymbolExists.c:
/* */
#include <sys/types.h>
#include <sys/socket.h>

int main(int argc, char** argv)
{
  (void)argv;
#ifndef socklen_t
  return ((int*)(&socklen_t))[argc];
#else
  (void)argc;
  return 0;
#endif
}

Determining if the function gethostbyaddr_r, exists failed with the following output:
Change Dir: /Users/user/Desktop/QServCollect/CMakeFiles/CMakeTmp

Run Build Command:"/usr/bin/make" "cmTC_3ae4a/fast"
/Applications/Xcode.app/Contents/Developer/usr/bin/make -f CMakeFiles/cmTC_3ae4a.dir/build.make CMakeFiles/cmTC_3ae4a.dir/build
Building C object CMakeFiles/cmTC_3ae4a.dir/CheckFunctionExists.c.o
/Applications/Xcode.app/Contents/Developer/Toolchains/XcodeDefault.xctoolchain/usr/bin/cc    -DCHECK_FUNCTION_EXISTS=gethostbyaddr_r,   -o CMakeFiles/cmTC_3ae4a.dir/CheckFunctionExists.c.o   -c /usr/local/share/cmake-3.4/Modules/CheckFunctionExists.c
/usr/local/share/cmake-3.4/Modules/CheckFunctionExists.c:6:28: error: expected identifier or '('
char CHECK_FUNCTION_EXISTS();
                           ^
/usr/local/share/cmake-3.4/Modules/CheckFunctionExists.c:14:25: error: expected expression
  CHECK_FUNCTION_EXISTS();
                        ^
2 errors generated.
make[1]: *** [CMakeFiles/cmTC_3ae4a.dir/CheckFunctionExists.c.o] Error 1
make: *** [cmTC_3ae4a/fast] Error 2


Determining if the function gethostbyname_r, exists failed with the following output:
Change Dir: /Users/user/Desktop/QServCollect/CMakeFiles/CMakeTmp

Run Build Command:"/usr/bin/make" "cmTC_a04e6/fast"
/Applications/Xcode.app/Contents/Developer/usr/bin/make -f CMakeFiles/cmTC_a04e6.dir/build.make CMakeFiles/cmTC_a04e6.dir/build
Building C object CMakeFiles/cmTC_a04e6.dir/CheckFunctionExists.c.o
/Applications/Xcode.app/Contents/Developer/Toolchains/XcodeDefault.xctoolchain/usr/bin/cc    -DCHECK_FUNCTION_EXISTS=gethostbyname_r,   -o CMakeFiles/cmTC_a04e6.dir/CheckFunctionExists.c.o   -c /usr/local/share/cmake-3.4/Modules/CheckFunctionExists.c
/usr/local/share/cmake-3.4/Modules/CheckFunctionExists.c:6:28: error: expected identifier or '('
char CHECK_FUNCTION_EXISTS();
                           ^
/usr/local/share/cmake-3.4/Modules/CheckFunctionExists.c:14:25: error: expected expression
  CHECK_FUNCTION_EXISTS();
                        ^
2 errors generated.
make[1]: *** [CMakeFiles/cmTC_a04e6.dir/CheckFunctionExists.c.o] Error 1
make: *** [cmTC_a04e6/fast] Error 2


Determining if the function poll, exists failed with the following output:
Change Dir: /Users/user/Desktop/QServCollect/CMakeFiles/CMakeTmp

Run Build Command:"/usr/bin/make" "cmTC_81de6/fast"
/Applications/Xcode.app/Contents/Developer/usr/bin/make -f CMakeFiles/cmTC_81de6.dir/build.make CMakeFiles/cmTC_81de6.dir/build
Building C object CMakeFiles/cmTC_81de6.dir/CheckFunctionExists.c.o
/Applications/Xcode.app/Contents/Developer/Toolchains/XcodeDefault.xctoolchain/usr/bin/cc    -DCHECK_FUNCTION_EXISTS=poll,   -o CMakeFiles/cmTC_81de6.dir/CheckFunctionExists.c.o   -c /usr/local/share/cmake-3.4/Modules/CheckFunctionExists.c
/usr/local/share/cmake-3.4/Modules/CheckFunctionExists.c:6:28: error: expected identifier or '('
char CHECK_FUNCTION_EXISTS();
                           ^
/usr/local/share/cmake-3.4/Modules/CheckFunctionExists.c:14:25: error: expected expression
  CHECK_FUNCTION_EXISTS();
                        ^
2 errors generated.
make[1]: *** [CMakeFiles/cmTC_81de6.dir/CheckFunctionExists.c.o] Error 1
make: *** [cmTC_81de6/fast] Error 2


Determining if the function fcntl, exists failed with the following output:
Change Dir: /Users/user/Desktop/QServCollect/CMakeFiles/CMakeTmp

Run Build Command:"/usr/bin/make" "cmTC_72585/fast"
/Applications/Xcode.app/Contents/Developer/usr/bin/make -f CMakeFiles/cmTC_72585.dir/build.make CMakeFiles/cmTC_72585.dir/build
Building C object CMakeFiles/cmTC_72585.dir/CheckFunctionExists.c.o
/Applications/Xcode.app/Contents/Developer/Toolchains/XcodeDefault.xctoolchain/usr/bin/cc    -DCHECK_FUNCTION_EXISTS=fcntl,   -o CMakeFiles/cmTC_72585.dir/CheckFunctionExists.c.o   -c /usr/local/share/cmake-3.4/Modules/CheckFunctionExists.c
/usr/local/share/cmake-3.4/Modules/CheckFunctionExists.c:6:28: error: expected identifier or '('
char CHECK_FUNCTION_EXISTS();
                           ^
/usr/local/share/cmake-3.4/Modules/CheckFunctionExists.c:14:25: error: expected expression
  CHECK_FUNCTION_EXISTS();
                        ^
2 errors generated.
make[1]: *** [CMakeFiles/cmTC_72585.dir/CheckFunctionExists.c.o] Error 1
make: *** [cmTC_72585/fast] Error 2


Determining if the function inet_pton, exists failed with the following output:
Change Dir: /Users/user/Desktop/QServCollect/CMakeFiles/CMakeTmp

Run Build Command:"/usr/bin/make" "cmTC_a4f85/fast"
/Applications/Xcode.app/Contents/Developer/usr/bin/make -f CMakeFiles/cmTC_a4f85.dir/build.make CMakeFiles/cmTC_a4f85.dir/build
Building C object CMakeFiles/cmTC_a4f85.dir/CheckFunctionExists.c.o
/Applications/Xcode.app/Contents/Developer/Toolchains/XcodeDefault.xctoolchain/usr/bin/cc    -DCHECK_FUNCTION_EXISTS=inet_pton,   -o CMakeFiles/cmTC_a4f85.dir/CheckFunctionExists.c.o   -c /usr/local/share/cmake-3.4/Modules/CheckFunctionExists.c
/usr/local/share/cmake-3.4/Modules/CheckFunctionExists.c:6:28: error: expected identifier or '('
char CHECK_FUNCTION_EXISTS();
                           ^
/usr/local/share/cmake-3.4/Modules/CheckFunctionExists.c:14:25: error: expected expression
  CHECK_FUNCTION_EXISTS();
                        ^
2 errors generated.
make[1]: *** [CMakeFiles/cmTC_a4f85.dir/CheckFunctionExists.c.o] Error 1
make: *** [cmTC_a4f85/fast] Error 2


Determining if the function inet_ntop, exists failed with the following output:
Change Dir: /Users/user/Desktop/QServCollect/CMakeFiles/CMakeTmp

Run Build Command:"/usr/bin/make" "cmTC_79d7b/fast"
/Applications/Xcode.app/Contents/Developer/usr/bin/make -f CMakeFiles/cmTC_79d7b.dir/build.make CMakeFiles/cmTC_79d7b.dir/build
Building C object CMakeFiles/cmTC_79d7b.dir/CheckFunctionExists.c.o
/Applications/Xcode.app/Contents/Developer/Toolchains/XcodeDefault.xctoolchain/usr/bin/cc    -DCHECK_FUNCTION_EXISTS=inet_ntop,   -o CMakeFiles/cmTC_79d7b.dir/CheckFunctionExists.c.o   -c /usr/local/share/cmake-3.4/Modules/CheckFunctionExists.c
/usr/local/share/cmake-3.4/Modules/CheckFunctionExists.c:6:28: error: expected identifier or '('
char CHECK_FUNCTION_EXISTS();
                           ^
/usr/local/share/cmake-3.4/Modules/CheckFunctionExists.c:14:25: error: expected expression
  CHECK_FUNCTION_EXISTS();
                        ^
2 errors generated.
make[1]: *** [CMakeFiles/cmTC_79d7b.dir/CheckFunctionExists.c.o] Error 1
make: *** [cmTC_79d7b/fast] Error 2


Determining if the struct msghdr.msg_flags exist failed with the following output:
Change Dir: /Users/user/Desktop/QServCollect/CMakeFiles/CMakeTmp

Run Build Command:"/usr/bin/make" "cmTC_9bc89/fast"
/Applications/Xcode.app/Contents/Developer/usr/bin/make -f CMakeFiles/cmTC_9bc89.dir/build.make CMakeFiles/cmTC_9bc89.dir/build
Building C object CMakeFiles/cmTC_9bc89.dir/CheckSymbolExists.c.o
/Applications/Xcode.app/Contents/Developer/Toolchains/XcodeDefault.xctoolchain/usr/bin/cc     -o CMakeFiles/cmTC_9bc89.dir/CheckSymbolExists.c.o   -c /Users/user/Desktop/QServCollect/CMakeFiles/CMakeTmp/CheckSymbolExists.c
/Users/user/Desktop/QServCollect/CMakeFiles/CMakeTmp/CheckSymbolExists.c:7:16: warning: extra tokens at end of #ifndef directive [-Wextra-tokens]
#ifndef struct msghdr.msg_flags
               ^
               //
/Users/user/Desktop/QServCollect/CMakeFiles/CMakeTmp/CheckSymbolExists.c:8:19: error: expected expression
  return ((int*)(&struct msghdr.msg_flags))[argc];
                  ^
1 warning and 1 error generated.
make[1]: *** [CMakeFiles/cmTC_9bc89.dir/CheckSymbolExists.c.o] Error 1
make: *** [cmTC_9bc89/fast] Error 2

File /Users/user/Desktop/QServCollect/CMakeFiles/CMakeTmp/CheckSymbolExists.c:
/* */
#include <sys/socket.h>

int main(int argc, char** argv)
{
  (void)argv;
#ifndef struct msghdr.msg_flags
  return ((int*)(&struct msghdr.msg_flags))[argc];
#else
  (void)argc;
  return 0;
#endif
}

Determining if the socklen_t exist failed with the following output:
Change Dir: /Users/user/Desktop/QServCollect/CMakeFiles/CMakeTmp

Run Build Command:"/usr/bin/make" "cmTC_7c488/fast"
/Applications/Xcode.app/Contents/Developer/usr/bin/make -f CMakeFiles/cmTC_7c488.dir/build.make CMakeFiles/cmTC_7c488.dir/build
Building C object CMakeFiles/cmTC_7c488.dir/CheckSymbolExists.c.o
/Applications/Xcode.app/Contents/Developer/Toolchains/XcodeDefault.xctoolchain/usr/bin/cc     -o CMakeFiles/cmTC_7c488.dir/CheckSymbolExists.c.o   -c /Users/user/Desktop/QServCollect/CMakeFiles/CMakeTmp/CheckSymbolExists.c
/Users/user/Desktop/QServCollect/CMakeFiles/CMakeTmp/CheckSymbolExists.c:9:19: error: unexpected type name 'socklen_t': expected expression
  return ((int*)(&socklen_t))[argc];
                  ^
1 error generated.
make[1]: *** [CMakeFiles/cmTC_7c488.dir/CheckSymbolExists.c.o] Error 1
make: *** [cmTC_7c488/fast] Error 2

File /Users/user/Desktop/QServCollect/CMakeFiles/CMakeTmp/CheckSymbolExists.c:
/* */
#include <sys/types.h>
#include <sys/socket.h>

int main(int argc, char** argv)
{
  (void)argv;
#ifndef socklen_t
  return ((int*)(&socklen_t))[argc];
#else
  (void)argc;
  return 0;
#endif
}

Determining if the function gethostbyaddr_r, exists failed with the following output:
Change Dir: /Users/user/Desktop/QServCollect/CMakeFiles/CMakeTmp

Run Build Command:"/usr/bin/make" "cmTC_449e0/fast"
/Applications/Xcode.app/Contents/Developer/usr/bin/make -f CMakeFiles/cmTC_449e0.dir/build.make CMakeFiles/cmTC_449e0.dir/build
Building C object CMakeFiles/cmTC_449e0.dir/CheckFunctionExists.c.o
/Applications/Xcode.app/Contents/Developer/Toolchains/XcodeDefault.xctoolchain/usr/bin/cc    -DCHECK_FUNCTION_EXISTS=gethostbyaddr_r,   -o CMakeFiles/cmTC_449e0.dir/CheckFunctionExists.c.o   -c /usr/local/share/cmake-3.4/Modules/CheckFunctionExists.c
/usr/local/share/cmake-3.4/Modules/CheckFunctionExists.c:6:28: error: expected identifier or '('
char CHECK_FUNCTION_EXISTS();
                           ^
/usr/local/share/cmake-3.4/Modules/CheckFunctionExists.c:14:25: error: expected expression
  CHECK_FUNCTION_EXISTS();
                        ^
2 errors generated.
make[2]: *** [CMakeFiles/cmTC_449e0.dir/CheckFunctionExists.c.o] Error 1
make[1]: *** [cmTC_449e0/fast] Error 2


Determining if the function gethostbyname_r, exists failed with the following output:
Change Dir: /Users/user/Desktop/QServCollect/CMakeFiles/CMakeTmp

Run Build Command:"/usr/bin/make" "cmTC_e5455/fast"
/Applications/Xcode.app/Contents/Developer/usr/bin/make -f CMakeFiles/cmTC_e5455.dir/build.make CMakeFiles/cmTC_e5455.dir/build
Building C object CMakeFiles/cmTC_e5455.dir/CheckFunctionExists.c.o
/Applications/Xcode.app/Contents/Developer/Toolchains/XcodeDefault.xctoolchain/usr/bin/cc    -DCHECK_FUNCTION_EXISTS=gethostbyname_r,   -o CMakeFiles/cmTC_e5455.dir/CheckFunctionExists.c.o   -c /usr/local/share/cmake-3.4/Modules/CheckFunctionExists.c
/usr/local/share/cmake-3.4/Modules/CheckFunctionExists.c:6:28: error: expected identifier or '('
char CHECK_FUNCTION_EXISTS();
                           ^
/usr/local/share/cmake-3.4/Modules/CheckFunctionExists.c:14:25: error: expected expression
  CHECK_FUNCTION_EXISTS();
                        ^
2 errors generated.
make[2]: *** [CMakeFiles/cmTC_e5455.dir/CheckFunctionExists.c.o] Error 1
make[1]: *** [cmTC_e5455/fast] Error 2


Determining if the function poll, exists failed with the following output:
Change Dir: /Users/user/Desktop/QServCollect/CMakeFiles/CMakeTmp

Run Build Command:"/usr/bin/make" "cmTC_a52c8/fast"
/Applications/Xcode.app/Contents/Developer/usr/bin/make -f CMakeFiles/cmTC_a52c8.dir/build.make CMakeFiles/cmTC_a52c8.dir/build
Building C object CMakeFiles/cmTC_a52c8.dir/CheckFunctionExists.c.o
/Applications/Xcode.app/Contents/Developer/Toolchains/XcodeDefault.xctoolchain/usr/bin/cc    -DCHECK_FUNCTION_EXISTS=poll,   -o CMakeFiles/cmTC_a52c8.dir/CheckFunctionExists.c.o   -c /usr/local/share/cmake-3.4/Modules/CheckFunctionExists.c
/usr/local/share/cmake-3.4/Modules/CheckFunctionExists.c:6:28: error: expected identifier or '('
char CHECK_FUNCTION_EXISTS();
                           ^
/usr/local/share/cmake-3.4/Modules/CheckFunctionExists.c:14:25: error: expected expression
  CHECK_FUNCTION_EXISTS();
                        ^
2 errors generated.
make[2]: *** [CMakeFiles/cmTC_a52c8.dir/CheckFunctionExists.c.o] Error 1
make[1]: *** [cmTC_a52c8/fast] Error 2


Determining if the function fcntl, exists failed with the following output:
Change Dir: /Users/user/Desktop/QServCollect/CMakeFiles/CMakeTmp

Run Build Command:"/usr/bin/make" "cmTC_f137f/fast"
/Applications/Xcode.app/Contents/Developer/usr/bin/make -f CMakeFiles/cmTC_f137f.dir/build.make CMakeFiles/cmTC_f137f.dir/build
Building C object CMakeFiles/cmTC_f137f.dir/CheckFunctionExists.c.o
/Applications/Xcode.app/Contents/Developer/Toolchains/XcodeDefault.xctoolchain/usr/bin/cc    -DCHECK_FUNCTION_EXISTS=fcntl,   -o CMakeFiles/cmTC_f137f.dir/CheckFunctionExists.c.o   -c /usr/local/share/cmake-3.4/Modules/CheckFunctionExists.c
/usr/local/share/cmake-3.4/Modules/CheckFunctionExists.c:6:28: error: expected identifier or '('
char CHECK_FUNCTION_EXISTS();
                           ^
/usr/local/share/cmake-3.4/Modules/CheckFunctionExists.c:14:25: error: expected expression
  CHECK_FUNCTION_EXISTS();
                        ^
2 errors generated.
make[2]: *** [CMakeFiles/cmTC_f137f.dir/CheckFunctionExists.c.o] Error 1
make[1]: *** [cmTC_f137f/fast] Error 2


Determining if the function inet_pton, exists failed with the following output:
Change Dir: /Users/user/Desktop/QServCollect/CMakeFiles/CMakeTmp

Run Build Command:"/usr/bin/make" "cmTC_992a5/fast"
/Applications/Xcode.app/Contents/Developer/usr/bin/make -f CMakeFiles/cmTC_992a5.dir/build.make CMakeFiles/cmTC_992a5.dir/build
Building C object CMakeFiles/cmTC_992a5.dir/CheckFunctionExists.c.o
/Applications/Xcode.app/Contents/Developer/Toolchains/XcodeDefault.xctoolchain/usr/bin/cc    -DCHECK_FUNCTION_EXISTS=inet_pton,   -o CMakeFiles/cmTC_992a5.dir/CheckFunctionExists.c.o   -c /usr/local/share/cmake-3.4/Modules/CheckFunctionExists.c
/usr/local/share/cmake-3.4/Modules/CheckFunctionExists.c:6:28: error: expected identifier or '('
char CHECK_FUNCTION_EXISTS();
                           ^
/usr/local/share/cmake-3.4/Modules/CheckFunctionExists.c:14:25: error: expected expression
  CHECK_FUNCTION_EXISTS();
                        ^
2 errors generated.
make[2]: *** [CMakeFiles/cmTC_992a5.dir/CheckFunctionExists.c.o] Error 1
make[1]: *** [cmTC_992a5/fast] Error 2


Determining if the function inet_ntop, exists failed with the following output:
Change Dir: /Users/user/Desktop/QServCollect/CMakeFiles/CMakeTmp

Run Build Command:"/usr/bin/make" "cmTC_6e3f8/fast"
/Applications/Xcode.app/Contents/Developer/usr/bin/make -f CMakeFiles/cmTC_6e3f8.dir/build.make CMakeFiles/cmTC_6e3f8.dir/build
Building C object CMakeFiles/cmTC_6e3f8.dir/CheckFunctionExists.c.o
/Applications/Xcode.app/Contents/Developer/Toolchains/XcodeDefault.xctoolchain/usr/bin/cc    -DCHECK_FUNCTION_EXISTS=inet_ntop,   -o CMakeFiles/cmTC_6e3f8.dir/CheckFunctionExists.c.o   -c /usr/local/share/cmake-3.4/Modules/CheckFunctionExists.c
/usr/local/share/cmake-3.4/Modules/CheckFunctionExists.c:6:28: error: expected identifier or '('
char CHECK_FUNCTION_EXISTS();
                           ^
/usr/local/share/cmake-3.4/Modules/CheckFunctionExists.c:14:25: error: expected expression
  CHECK_FUNCTION_EXISTS();
                        ^
2 errors generated.
make[2]: *** [CMakeFiles/cmTC_6e3f8.dir/CheckFunctionExists.c.o] Error 1
make[1]: *** [cmTC_6e3f8/fast] Error 2


Determining if the struct msghdr.msg_flags exist failed with the following output:
Change Dir: /Users/user/Desktop/QServCollect/CMakeFiles/CMakeTmp

Run Build Command:"/usr/bin/make" "cmTC_88137/fast"
/Applications/Xcode.app/Contents/Developer/usr/bin/make -f CMakeFiles/cmTC_88137.dir/build.make CMakeFiles/cmTC_88137.dir/build
Building C object CMakeFiles/cmTC_88137.dir/CheckSymbolExists.c.o
/Applications/Xcode.app/Contents/Developer/Toolchains/XcodeDefault.xctoolchain/usr/bin/cc     -o CMakeFiles/cmTC_88137.dir/CheckSymbolExists.c.o   -c /Users/user/Desktop/QServCollect/CMakeFiles/CMakeTmp/CheckSymbolExists.c
/Users/user/Desktop/QServCollect/CMakeFiles/CMakeTmp/CheckSymbolExists.c:7:16: warning: extra tokens at end of #ifndef directive [-Wextra-tokens]
#ifndef struct msghdr.msg_flags
               ^
               //
/Users/user/Desktop/QServCollect/CMakeFiles/CMakeTmp/CheckSymbolExists.c:8:19: error: expected expression
  return ((int*)(&struct msghdr.msg_flags))[argc];
                  ^
1 warning and 1 error generated.
make[2]: *** [CMakeFiles/cmTC_88137.dir/CheckSymbolExists.c.o] Error 1
make[1]: *** [cmTC_88137/fast] Error 2

File /Users/user/Desktop/QServCollect/CMakeFiles/CMakeTmp/CheckSymbolExists.c:
/* */
#include <sys/socket.h>

int main(int argc, char** argv)
{
  (void)argv;
#ifndef struct msghdr.msg_flags
  return ((int*)(&struct msghdr.msg_flags))[argc];
#else
  (void)argc;
  return 0;
#endif
}

Determining if the socklen_t exist failed with the following output:
Change Dir: /Users/user/Desktop/QServCollect/CMakeFiles/CMakeTmp

Run Build Command:"/usr/bin/make" "cmTC_873a5/fast"
/Applications/Xcode.app/Contents/Developer/usr/bin/make -f CMakeFiles/cmTC_873a5.dir/build.make CMakeFiles/cmTC_873a5.dir/build
Building C object CMakeFiles/cmTC_873a5.dir/CheckSymbolExists.c.o
/Applications/Xcode.app/Contents/Developer/Toolchains/XcodeDefault.xctoolchain/usr/bin/cc     -o CMakeFiles/cmTC_873a5.dir/CheckSymbolExists.c.o   -c /Users/user/Desktop/QServCollect/CMakeFiles/CMakeTmp/CheckSymbolExists.c
/Users/user/Desktop/QServCollect/CMakeFiles/CMakeTmp/CheckSymbolExists.c:9:19: error: unexpected type name 'socklen_t': expected expression
  return ((int*)(&socklen_t))[argc];
                  ^
1 error generated.
make[2]: *** [CMakeFiles/cmTC_873a5.dir/CheckSymbolExists.c.o] Error 1
make[1]: *** [cmTC_873a5/fast] Error 2

File /Users/user/Desktop/QServCollect/CMakeFiles/CMakeTmp/CheckSymbolExists.c:
/* */
#include <sys/types.h>
#include <sys/socket.h>

int main(int argc, char** argv)
{
  (void)argv;
#ifndef socklen_t
  return ((int*)(&socklen_t))[argc];
#else
  (void)argc;
  return 0;
#endif
}

Determining if the function gethostbyaddr_r, exists failed with the following output:
Change Dir: /Users/user/Desktop/QServCollect/CMakeFiles/CMakeTmp

Run Build Command:"/usr/bin/make" "cmTC_307a5/fast"
/Applications/Xcode.app/Contents/Developer/usr/bin/make -f CMakeFiles/cmTC_307a5.dir/build.make CMakeFiles/cmTC_307a5.dir/build
Building C object CMakeFiles/cmTC_307a5.dir/CheckFunctionExists.c.o
/Applications/Xcode.app/Contents/Developer/Toolchains/XcodeDefault.xctoolchain/usr/bin/cc    -DCHECK_FUNCTION_EXISTS=gethostbyaddr_r,   -o CMakeFiles/cmTC_307a5.dir/CheckFunctionExists.c.o   -c /usr/local/share/cmake-3.4/Modules/CheckFunctionExists.c
/usr/local/share/cmake-3.4/Modules/CheckFunctionExists.c:6:28: error: expected identifier or '('
char CHECK_FUNCTION_EXISTS();
                           ^
/usr/local/share/cmake-3.4/Modules/CheckFunctionExists.c:14:25: error: expected expression
  CHECK_FUNCTION_EXISTS();
                        ^
2 errors generated.
make[1]: *** [CMakeFiles/cmTC_307a5.dir/CheckFunctionExists.c.o] Error 1
make: *** [cmTC_307a5/fast] Error 2


Determining if the function gethostbyname_r, exists failed with the following output:
Change Dir: /Users/user/Desktop/QServCollect/CMakeFiles/CMakeTmp

Run Build Command:"/usr/bin/make" "cmTC_edcaf/fast"
/Applications/Xcode.app/Contents/Developer/usr/bin/make -f CMakeFiles/cmTC_edcaf.dir/build.make CMakeFiles/cmTC_edcaf.dir/build
Building C object CMakeFiles/cmTC_edcaf.dir/CheckFunctionExists.c.o
/Applications/Xcode.app/Contents/Developer/Toolchains/XcodeDefault.xctoolchain/usr/bin/cc    -DCHECK_FUNCTION_EXISTS=gethostbyname_r,   -o CMakeFiles/cmTC_edcaf.dir/CheckFunctionExists.c.o   -c /usr/local/share/cmake-3.4/Modules/CheckFunctionExists.c
/usr/local/share/cmake-3.4/Modules/CheckFunctionExists.c:6:28: error: expected identifier or '('
char CHECK_FUNCTION_EXISTS();
                           ^
/usr/local/share/cmake-3.4/Modules/CheckFunctionExists.c:14:25: error: expected expression
  CHECK_FUNCTION_EXISTS();
                        ^
2 errors generated.
make[1]: *** [CMakeFiles/cmTC_edcaf.dir/CheckFunctionExists.c.o] Error 1
make: *** [cmTC_edcaf/fast] Error 2


Determining if the function poll, exists failed with the following output:
Change Dir: /Users/user/Desktop/QServCollect/CMakeFiles/CMakeTmp

Run Build Command:"/usr/bin/make" "cmTC_75ba5/fast"
/Applications/Xcode.app/Contents/Developer/usr/bin/make -f CMakeFiles/cmTC_75ba5.dir/build.make CMakeFiles/cmTC_75ba5.dir/build
Building C object CMakeFiles/cmTC_75ba5.dir/CheckFunctionExists.c.o
/Applications/Xcode.app/Contents/Developer/Toolchains/XcodeDefault.xctoolchain/usr/bin/cc    -DCHECK_FUNCTION_EXISTS=poll,   -o CMakeFiles/cmTC_75ba5.dir/CheckFunctionExists.c.o   -c /usr/local/share/cmake-3.4/Modules/CheckFunctionExists.c
/usr/local/share/cmake-3.4/Modules/CheckFunctionExists.c:6:28: error: expected identifier or '('
char CHECK_FUNCTION_EXISTS();
                           ^
/usr/local/share/cmake-3.4/Modules/CheckFunctionExists.c:14:25: error: expected expression
  CHECK_FUNCTION_EXISTS();
                        ^
2 errors generated.
make[1]: *** [CMakeFiles/cmTC_75ba5.dir/CheckFunctionExists.c.o] Error 1
make: *** [cmTC_75ba5/fast] Error 2


Determining if the function fcntl, exists failed with the following output:
Change Dir: /Users/user/Desktop/QServCollect/CMakeFiles/CMakeTmp

Run Build Command:"/usr/bin/make" "cmTC_cd581/fast"
/Applications/Xcode.app/Contents/Developer/usr/bin/make -f CMakeFiles/cmTC_cd581.dir/build.make CMakeFiles/cmTC_cd581.dir/build
Building C object CMakeFiles/cmTC_cd581.dir/CheckFunctionExists.c.o
/Applications/Xcode.app/Contents/Developer/Toolchains/XcodeDefault.xctoolchain/usr/bin/cc    -DCHECK_FUNCTION_EXISTS=fcntl,   -o CMakeFiles/cmTC_cd581.dir/CheckFunctionExists.c.o   -c /usr/local/share/cmake-3.4/Modules/CheckFunctionExists.c
/usr/local/share/cmake-3.4/Modules/CheckFunctionExists.c:6:28: error: expected identifier or '('
char CHECK_FUNCTION_EXISTS();
                           ^
/usr/local/share/cmake-3.4/Modules/CheckFunctionExists.c:14:25: error: expected expression
  CHECK_FUNCTION_EXISTS();
                        ^
2 errors generated.
make[1]: *** [CMakeFiles/cmTC_cd581.dir/CheckFunctionExists.c.o] Error 1
make: *** [cmTC_cd581/fast] Error 2


Determining if the function inet_pton, exists failed with the following output:
Change Dir: /Users/user/Desktop/QServCollect/CMakeFiles/CMakeTmp

Run Build Command:"/usr/bin/make" "cmTC_277a7/fast"
/Applications/Xcode.app/Contents/Developer/usr/bin/make -f CMakeFiles/cmTC_277a7.dir/build.make CMakeFiles/cmTC_277a7.dir/build
Building C object CMakeFiles/cmTC_277a7.dir/CheckFunctionExists.c.o
/Applications/Xcode.app/Contents/Developer/Toolchains/XcodeDefault.xctoolchain/usr/bin/cc    -DCHECK_FUNCTION_EXISTS=inet_pton,   -o CMakeFiles/cmTC_277a7.dir/CheckFunctionExists.c.o   -c /usr/local/share/cmake-3.4/Modules/CheckFunctionExists.c
/usr/local/share/cmake-3.4/Modules/CheckFunctionExists.c:6:28: error: expected identifier or '('
char CHECK_FUNCTION_EXISTS();
                           ^
/usr/local/share/cmake-3.4/Modules/CheckFunctionExists.c:14:25: error: expected expression
  CHECK_FUNCTION_EXISTS();
                        ^
2 errors generated.
make[1]: *** [CMakeFiles/cmTC_277a7.dir/CheckFunctionExists.c.o] Error 1
make: *** [cmTC_277a7/fast] Error 2


Determining if the function inet_ntop, exists failed with the following output:
Change Dir: /Users/user/Desktop/QServCollect/CMakeFiles/CMakeTmp

Run Build Command:"/usr/bin/make" "cmTC_9b431/fast"
/Applications/Xcode.app/Contents/Developer/usr/bin/make -f CMakeFiles/cmTC_9b431.dir/build.make CMakeFiles/cmTC_9b431.dir/build
Building C object CMakeFiles/cmTC_9b431.dir/CheckFunctionExists.c.o
/Applications/Xcode.app/Contents/Developer/Toolchains/XcodeDefault.xctoolchain/usr/bin/cc    -DCHECK_FUNCTION_EXISTS=inet_ntop,   -o CMakeFiles/cmTC_9b431.dir/CheckFunctionExists.c.o   -c /usr/local/share/cmake-3.4/Modules/CheckFunctionExists.c
/usr/local/share/cmake-3.4/Modules/CheckFunctionExists.c:6:28: error: expected identifier or '('
char CHECK_FUNCTION_EXISTS();
                           ^
/usr/local/share/cmake-3.4/Modules/CheckFunctionExists.c:14:25: error: expected expression
  CHECK_FUNCTION_EXISTS();
                        ^
2 errors generated.
make[1]: *** [CMakeFiles/cmTC_9b431.dir/CheckFunctionExists.c.o] Error 1
make: *** [cmTC_9b431/fast] Error 2


Determining if the struct msghdr.msg_flags exist failed with the following output:
Change Dir: /Users/user/Desktop/QServCollect/CMakeFiles/CMakeTmp

Run Build Command:"/usr/bin/make" "cmTC_12937/fast"
/Applications/Xcode.app/Contents/Developer/usr/bin/make -f CMakeFiles/cmTC_12937.dir/build.make CMakeFiles/cmTC_12937.dir/build
Building C object CMakeFiles/cmTC_12937.dir/CheckSymbolExists.c.o
/Applications/Xcode.app/Contents/Developer/Toolchains/XcodeDefault.xctoolchain/usr/bin/cc     -o CMakeFiles/cmTC_12937.dir/CheckSymbolExists.c.o   -c /Users/user/Desktop/QServCollect/CMakeFiles/CMakeTmp/CheckSymbolExists.c
/Users/user/Desktop/QServCollect/CMakeFiles/CMakeTmp/CheckSymbolExists.c:7:16: warning: extra tokens at end of #ifndef directive [-Wextra-tokens]
#ifndef struct msghdr.msg_flags
               ^
               //
/Users/user/Desktop/QServCollect/CMakeFiles/CMakeTmp/CheckSymbolExists.c:8:19: error: expected expression
  return ((int*)(&struct msghdr.msg_flags))[argc];
                  ^
1 warning and 1 error generated.
make[1]: *** [CMakeFiles/cmTC_12937.dir/CheckSymbolExists.c.o] Error 1
make: *** [cmTC_12937/fast] Error 2

File /Users/user/Desktop/QServCollect/CMakeFiles/CMakeTmp/CheckSymbolExists.c:
/* */
#include <sys/socket.h>

int main(int argc, char** argv)
{
  (void)argv;
#ifndef struct msghdr.msg_flags
  return ((int*)(&struct msghdr.msg_flags))[argc];
#else
  (void)argc;
  return 0;
#endif
}

Determining if the socklen_t exist failed with the following output:
Change Dir: /Users/user/Desktop/QServCollect/CMakeFiles/CMakeTmp

Run Build Command:"/usr/bin/make" "cmTC_e30f2/fast"
/Applications/Xcode.app/Contents/Developer/usr/bin/make -f CMakeFiles/cmTC_e30f2.dir/build.make CMakeFiles/cmTC_e30f2.dir/build
Building C object CMakeFiles/cmTC_e30f2.dir/CheckSymbolExists.c.o
/Applications/Xcode.app/Contents/Developer/Toolchains/XcodeDefault.xctoolchain/usr/bin/cc     -o CMakeFiles/cmTC_e30f2.dir/CheckSymbolExists.c.o   -c /Users/user/Desktop/QServCollect/CMakeFiles/CMakeTmp/CheckSymbolExists.c
/Users/user/Desktop/QServCollect/CMakeFiles/CMakeTmp/CheckSymbolExists.c:9:19: error: unexpected type name 'socklen_t': expected expression
  return ((int*)(&socklen_t))[argc];
                  ^
1 error generated.
make[1]: *** [CMakeFiles/cmTC_e30f2.dir/CheckSymbolExists.c.o] Error 1
make: *** [cmTC_e30f2/fast] Error 2

File /Users/user/Desktop/QServCollect/CMakeFiles/CMakeTmp/CheckSymbolExists.c:
/* */
#include <sys/types.h>
#include <sys/socket.h>

int main(int argc, char** argv)
{
  (void)argv;
#ifndef socklen_t
  return ((int*)(&socklen_t))[argc];
#else
  (void)argc;
  return 0;
#endif
}

Determining if the function gethostbyaddr_r, exists failed with the following output:
Change Dir: /Users/user/Desktop/QServCollect/CMakeFiles/CMakeTmp

Run Build Command:"/usr/bin/make" "cmTC_12a6b/fast"
/Applications/Xcode.app/Contents/Developer/usr/bin/make -f CMakeFiles/cmTC_12a6b.dir/build.make CMakeFiles/cmTC_12a6b.dir/build
Building C object CMakeFiles/cmTC_12a6b.dir/CheckFunctionExists.c.o
/Applications/Xcode.app/Contents/Developer/Toolchains/XcodeDefault.xctoolchain/usr/bin/cc    -DCHECK_FUNCTION_EXISTS=gethostbyaddr_r,   -o CMakeFiles/cmTC_12a6b.dir/CheckFunctionExists.c.o   -c /usr/local/share/cmake-3.4/Modules/CheckFunctionExists.c
/usr/local/share/cmake-3.4/Modules/CheckFunctionExists.c:6:28: error: expected identifier or '('
char CHECK_FUNCTION_EXISTS();
                           ^
/usr/local/share/cmake-3.4/Modules/CheckFunctionExists.c:14:25: error: expected expression
  CHECK_FUNCTION_EXISTS();
                        ^
2 errors generated.
make[2]: *** [CMakeFiles/cmTC_12a6b.dir/CheckFunctionExists.c.o] Error 1
make[1]: *** [cmTC_12a6b/fast] Error 2


Determining if the function gethostbyname_r, exists failed with the following output:
Change Dir: /Users/user/Desktop/QServCollect/CMakeFiles/CMakeTmp

Run Build Command:"/usr/bin/make" "cmTC_165c1/fast"
/Applications/Xcode.app/Contents/Developer/usr/bin/make -f CMakeFiles/cmTC_165c1.dir/build.make CMakeFiles/cmTC_165c1.dir/build
Building C object CMakeFiles/cmTC_165c1.dir/CheckFunctionExists.c.o
/Applications/Xcode.app/Contents/Developer/Toolchains/XcodeDefault.xctoolchain/usr/bin/cc    -DCHECK_FUNCTION_EXISTS=gethostbyname_r,   -o CMakeFiles/cmTC_165c1.dir/CheckFunctionExists.c.o   -c /usr/local/share/cmake-3.4/Modules/CheckFunctionExists.c
/usr/local/share/cmake-3.4/Modules/CheckFunctionExists.c:6:28: error: expected identifier or '('
char CHECK_FUNCTION_EXISTS();
                           ^
/usr/local/share/cmake-3.4/Modules/CheckFunctionExists.c:14:25: error: expected expression
  CHECK_FUNCTION_EXISTS();
                        ^
2 errors generated.
make[2]: *** [CMakeFiles/cmTC_165c1.dir/CheckFunctionExists.c.o] Error 1
make[1]: *** [cmTC_165c1/fast] Error 2


Determining if the function poll, exists failed with the following output:
Change Dir: /Users/user/Desktop/QServCollect/CMakeFiles/CMakeTmp

Run Build Command:"/usr/bin/make" "cmTC_1b63e/fast"
/Applications/Xcode.app/Contents/Developer/usr/bin/make -f CMakeFiles/cmTC_1b63e.dir/build.make CMakeFiles/cmTC_1b63e.dir/build
Building C object CMakeFiles/cmTC_1b63e.dir/CheckFunctionExists.c.o
/Applications/Xcode.app/Contents/Developer/Toolchains/XcodeDefault.xctoolchain/usr/bin/cc    -DCHECK_FUNCTION_EXISTS=poll,   -o CMakeFiles/cmTC_1b63e.dir/CheckFunctionExists.c.o   -c /usr/local/share/cmake-3.4/Modules/CheckFunctionExists.c
/usr/local/share/cmake-3.4/Modules/CheckFunctionExists.c:6:28: error: expected identifier or '('
char CHECK_FUNCTION_EXISTS();
                           ^
/usr/local/share/cmake-3.4/Modules/CheckFunctionExists.c:14:25: error: expected expression
  CHECK_FUNCTION_EXISTS();
                        ^
2 errors generated.
make[2]: *** [CMakeFiles/cmTC_1b63e.dir/CheckFunctionExists.c.o] Error 1
make[1]: *** [cmTC_1b63e/fast] Error 2


Determining if the function fcntl, exists failed with the following output:
Change Dir: /Users/user/Desktop/QServCollect/CMakeFiles/CMakeTmp

Run Build Command:"/usr/bin/make" "cmTC_f85ae/fast"
/Applications/Xcode.app/Contents/Developer/usr/bin/make -f CMakeFiles/cmTC_f85ae.dir/build.make CMakeFiles/cmTC_f85ae.dir/build
Building C object CMakeFiles/cmTC_f85ae.dir/CheckFunctionExists.c.o
/Applications/Xcode.app/Contents/Developer/Toolchains/XcodeDefault.xctoolchain/usr/bin/cc    -DCHECK_FUNCTION_EXISTS=fcntl,   -o CMakeFiles/cmTC_f85ae.dir/CheckFunctionExists.c.o   -c /usr/local/share/cmake-3.4/Modules/CheckFunctionExists.c
/usr/local/share/cmake-3.4/Modules/CheckFunctionExists.c:6:28: error: expected identifier or '('
char CHECK_FUNCTION_EXISTS();
                           ^
/usr/local/share/cmake-3.4/Modules/CheckFunctionExists.c:14:25: error: expected expression
  CHECK_FUNCTION_EXISTS();
                        ^
2 errors generated.
make[2]: *** [CMakeFiles/cmTC_f85ae.dir/CheckFunctionExists.c.o] Error 1
make[1]: *** [cmTC_f85ae/fast] Error 2


Determining if the function inet_pton, exists failed with the following output:
Change Dir: /Users/user/Desktop/QServCollect/CMakeFiles/CMakeTmp

Run Build Command:"/usr/bin/make" "cmTC_f0815/fast"
/Applications/Xcode.app/Contents/Developer/usr/bin/make -f CMakeFiles/cmTC_f0815.dir/build.make CMakeFiles/cmTC_f0815.dir/build
Building C object CMakeFiles/cmTC_f0815.dir/CheckFunctionExists.c.o
/Applications/Xcode.app/Contents/Developer/Toolchains/XcodeDefault.xctoolchain/usr/bin/cc    -DCHECK_FUNCTION_EXISTS=inet_pton,   -o CMakeFiles/cmTC_f0815.dir/CheckFunctionExists.c.o   -c /usr/local/share/cmake-3.4/Modules/CheckFunctionExists.c
/usr/local/share/cmake-3.4/Modules/CheckFunctionExists.c:6:28: error: expected identifier or '('
char CHECK_FUNCTION_EXISTS();
                           ^
/usr/local/share/cmake-3.4/Modules/CheckFunctionExists.c:14:25: error: expected expression
  CHECK_FUNCTION_EXISTS();
                        ^
2 errors generated.
make[2]: *** [CMakeFiles/cmTC_f0815.dir/CheckFunctionExists.c.o] Error 1
make[1]: *** [cmTC_f0815/fast] Error 2


Determining if the function inet_ntop, exists failed with the following output:
Change Dir: /Users/user/Desktop/QServCollect/CMakeFiles/CMakeTmp

Run Build Command:"/usr/bin/make" "cmTC_37477/fast"
/Applications/Xcode.app/Contents/Developer/usr/bin/make -f CMakeFiles/cmTC_37477.dir/build.make CMakeFiles/cmTC_37477.dir/build
Building C object CMakeFiles/cmTC_37477.dir/CheckFunctionExists.c.o
/Applications/Xcode.app/Contents/Developer/Toolchains/XcodeDefault.xctoolchain/usr/bin/cc    -DCHECK_FUNCTION_EXISTS=inet_ntop,   -o CMakeFiles/cmTC_37477.dir/CheckFunctionExists.c.o   -c /usr/local/share/cmake-3.4/Modules/CheckFunctionExists.c
/usr/local/share/cmake-3.4/Modules/CheckFunctionExists.c:6:28: error: expected identifier or '('
char CHECK_FUNCTION_EXISTS();
                           ^
/usr/local/share/cmake-3.4/Modules/CheckFunctionExists.c:14:25: error: expected expression
  CHECK_FUNCTION_EXISTS();
                        ^
2 errors generated.
make[2]: *** [CMakeFiles/cmTC_37477.dir/CheckFunctionExists.c.o] Error 1
make[1]: *** [cmTC_37477/fast] Error 2


Determining if the struct msghdr.msg_flags exist failed with the following output:
Change Dir: /Users/user/Desktop/QServCollect/CMakeFiles/CMakeTmp

Run Build Command:"/usr/bin/make" "cmTC_be653/fast"
/Applications/Xcode.app/Contents/Developer/usr/bin/make -f CMakeFiles/cmTC_be653.dir/build.make CMakeFiles/cmTC_be653.dir/build
Building C object CMakeFiles/cmTC_be653.dir/CheckSymbolExists.c.o
/Applications/Xcode.app/Contents/Developer/Toolchains/XcodeDefault.xctoolchain/usr/bin/cc     -o CMakeFiles/cmTC_be653.dir/CheckSymbolExists.c.o   -c /Users/user/Desktop/QServCollect/CMakeFiles/CMakeTmp/CheckSymbolExists.c
/Users/user/Desktop/QServCollect/CMakeFiles/CMakeTmp/CheckSymbolExists.c:7:16: warning: extra tokens at end of #ifndef directive [-Wextra-tokens]
#ifndef struct msghdr.msg_flags
               ^
               //
/Users/user/Desktop/QServCollect/CMakeFiles/CMakeTmp/CheckSymbolExists.c:8:19: error: expected expression
  return ((int*)(&struct msghdr.msg_flags))[argc];
                  ^
1 warning and 1 error generated.
make[2]: *** [CMakeFiles/cmTC_be653.dir/CheckSymbolExists.c.o] Error 1
make[1]: *** [cmTC_be653/fast] Error 2

File /Users/user/Desktop/QServCollect/CMakeFiles/CMakeTmp/CheckSymbolExists.c:
/* */
#include <sys/socket.h>

int main(int argc, char** argv)
{
  (void)argv;
#ifndef struct msghdr.msg_flags
  return ((int*)(&struct msghdr.msg_flags))[argc];
#else
  (void)argc;
  return 0;
#endif
}

Determining if the socklen_t exist failed with the following output:
Change Dir: /Users/user/Desktop/QServCollect/CMakeFiles/CMakeTmp

Run Build Command:"/usr/bin/make" "cmTC_5afad/fast"
/Applications/Xcode.app/Contents/Developer/usr/bin/make -f CMakeFiles/cmTC_5afad.dir/build.make CMakeFiles/cmTC_5afad.dir/build
Building C object CMakeFiles/cmTC_5afad.dir/CheckSymbolExists.c.o
/Applications/Xcode.app/Contents/Developer/Toolchains/XcodeDefault.xctoolchain/usr/bin/cc     -o CMakeFiles/cmTC_5afad.dir/CheckSymbolExists.c.o   -c /Users/user/Desktop/QServCollect/CMakeFiles/CMakeTmp/CheckSymbolExists.c
/Users/user/Desktop/QServCollect/CMakeFiles/CMakeTmp/CheckSymbolExists.c:9:19: error: unexpected type name 'socklen_t': expected expression
  return ((int*)(&socklen_t))[argc];
                  ^
1 error generated.
make[2]: *** [CMakeFiles/cmTC_5afad.dir/CheckSymbolExists.c.o] Error 1
make[1]: *** [cmTC_5afad/fast] Error 2

File /Users/user/Desktop/QServCollect/CMakeFiles/CMakeTmp/CheckSymbolExists.c:
/* */
#include <sys/types.h>
#include <sys/socket.h>

int main(int argc, char** argv)
{
  (void)argv;
#ifndef socklen_t
  return ((int*)(&socklen_t))[argc];
#else
  (void)argc;
  return 0;
#endif
}

Determining if the pthread_create exist failed with the following output:
Change Dir: /home/george/Desktop/QServCollect/CMakeFiles/CMakeTmp

Run Build Command:/usr/bin/make "cmTryCompileExec2295965251/fast"
/usr/bin/make -f CMakeFiles/cmTryCompileExec2295965251.dir/build.make CMakeFiles/cmTryCompileExec2295965251.dir/build
make[1]: Entering directory `/home/george/Desktop/QServCollect/CMakeFiles/CMakeTmp'
/usr/bin/cmake -E cmake_progress_report /home/george/Desktop/QServCollect/CMakeFiles/CMakeTmp/CMakeFiles 1
Building C object CMakeFiles/cmTryCompileExec2295965251.dir/CheckSymbolExists.c.o
/usr/bin/gcc    -o CMakeFiles/cmTryCompileExec2295965251.dir/CheckSymbolExists.c.o   -c /home/george/Desktop/QServCollect/CMakeFiles/CMakeTmp/CheckSymbolExists.c
Linking C executable cmTryCompileExec2295965251
/usr/bin/cmake -E cmake_link_script CMakeFiles/cmTryCompileExec2295965251.dir/link.txt --verbose=1
/usr/bin/gcc         CMakeFiles/cmTryCompileExec2295965251.dir/CheckSymbolExists.c.o  -o cmTryCompileExec2295965251 -rdynamic 
CMakeFiles/cmTryCompileExec2295965251.dir/CheckSymbolExists.c.o: In function `main':
CheckSymbolExists.c:(.text+0xa): undefined reference to `pthread_create'
collect2: error: ld returned 1 exit status
make[1]: *** [cmTryCompileExec2295965251] Error 1
make[1]: Leaving directory `/home/george/Desktop/QServCollect/CMakeFiles/CMakeTmp'
make: *** [cmTryCompileExec2295965251/fast] Error 2

File /home/george/Desktop/QServCollect/CMakeFiles/CMakeTmp/CheckSymbolExists.c:
/* */
#include <pthread.h>

int main(int argc, char** argv)
{
  (void)argv;
#ifndef pthread_create
  return ((int*)(&pthread_create))[argc];
#else
  (void)argc;
  return 0;
#endif
}

Determining if the function pthread_create exists in the pthreads failed with the following output:
Change Dir: /home/george/Desktop/QServCollect/CMakeFiles/CMakeTmp

Run Build Command:/usr/bin/make "cmTryCompileExec3745600360/fast"
/usr/bin/make -f CMakeFiles/cmTryCompileExec3745600360.dir/build.make CMakeFiles/cmTryCompileExec3745600360.dir/build
make[1]: Entering directory `/home/george/Desktop/QServCollect/CMakeFiles/CMakeTmp'
/usr/bin/cmake -E cmake_progress_report /home/george/Desktop/QServCollect/CMakeFiles/CMakeTmp/CMakeFiles 1
Building C object CMakeFiles/cmTryCompileExec3745600360.dir/CheckFunctionExists.c.o
/usr/bin/gcc   -DCHECK_FUNCTION_EXISTS=pthread_create   -o CMakeFiles/cmTryCompileExec3745600360.dir/CheckFunctionExists.c.o   -c /usr/share/cmake-2.8/Modules/CheckFunctionExists.c
Linking C executable cmTryCompileExec3745600360
/usr/bin/cmake -E cmake_link_script CMakeFiles/cmTryCompileExec3745600360.dir/link.txt --verbose=1
/usr/bin/gcc     -DCHECK_FUNCTION_EXISTS=pthread_create    CMakeFiles/cmTryCompileExec3745600360.dir/CheckFunctionExists.c.o  -o cmTryCompileExec3745600360 -rdynamic -lpthreads 
/usr/bin/ld: cannot find -lpthreads
collect2: error: ld returned 1 exit status
make[1]: *** [cmTryCompileExec3745600360] Error 1
make[1]: Leaving directory `/home/george/Desktop/QServCollect/CMakeFiles/CMakeTmp'
make: *** [cmTryCompileExec3745600360/fast] Error 2


Determining if the function gethostbyaddr_r, exists failed with the following output:
Change Dir: /home/george/Desktop/QServCollect/CMakeFiles/CMakeTmp

Run Build Command:/usr/bin/make "cmTryCompileExec2016225699/fast"
/usr/bin/make -f CMakeFiles/cmTryCompileExec2016225699.dir/build.make CMakeFiles/cmTryCompileExec2016225699.dir/build
make[1]: Entering directory `/home/george/Desktop/QServCollect/CMakeFiles/CMakeTmp'
/usr/bin/cmake -E cmake_progress_report /home/george/Desktop/QServCollect/CMakeFiles/CMakeTmp/CMakeFiles 1
Building C object CMakeFiles/cmTryCompileExec2016225699.dir/CheckFunctionExists.c.o
/usr/bin/gcc   -DCHECK_FUNCTION_EXISTS=gethostbyaddr_r,   -o CMakeFiles/cmTryCompileExec2016225699.dir/CheckFunctionExists.c.o   -c /usr/share/cmake-2.8/Modules/CheckFunctionExists.c
/usr/share/cmake-2.8/Modules/CheckFunctionExists.c:3:28: error: expected identifier or ( before ) token
/usr/share/cmake-2.8/Modules/CheckFunctionExists.c: In function main:
/usr/share/cmake-2.8/Modules/CheckFunctionExists.c:11:25: error: expected expression before ) token
make[1]: *** [CMakeFiles/cmTryCompileExec2016225699.dir/CheckFunctionExists.c.o] Error 1
make[1]: Leaving directory `/home/george/Desktop/QServCollect/CMakeFiles/CMakeTmp'
make: *** [cmTryCompileExec2016225699/fast] Error 2


Determining if the function gethostbyname_r, exists failed with the following output:
Change Dir: /home/george/Desktop/QServCollect/CMakeFiles/CMakeTmp

Run Build Command:/usr/bin/make "cmTryCompileExec1230319188/fast"
/usr/bin/make -f CMakeFiles/cmTryCompileExec1230319188.dir/build.make CMakeFiles/cmTryCompileExec1230319188.dir/build
make[1]: Entering directory `/home/george/Desktop/QServCollect/CMakeFiles/CMakeTmp'
/usr/bin/cmake -E cmake_progress_report /home/george/Desktop/QServCollect/CMakeFiles/CMakeTmp/CMakeFiles 1
Building C object CMakeFiles/cmTryCompileExec1230319188.dir/CheckFunctionExists.c.o
/usr/bin/gcc   -DCHECK_FUNCTION_EXISTS=gethostbyname_r,   -o CMakeFiles/cmTryCompileExec1230319188.dir/CheckFunctionExists.c.o   -c /usr/share/cmake-2.8/Modules/CheckFunctionExists.c
/usr/share/cmake-2.8/Modules/CheckFunctionExists.c:3:28: error: expected identifier or ( before ) token
/usr/share/cmake-2.8/Modules/CheckFunctionExists.c: In function main:
/usr/share/cmake-2.8/Modules/CheckFunctionExists.c:11:25: error: expected expression before ) token
make[1]: *** [CMakeFiles/cmTryCompileExec1230319188.dir/CheckFunctionExists.c.o] Error 1
make[1]: Leaving directory `/home/george/Desktop/QServCollect/CMakeFiles/CMakeTmp'
make: *** [cmTryCompileExec1230319188/fast] Error 2


Determining if the function poll, exists failed with the following output:
Change Dir: /home/george/Desktop/QServCollect/CMakeFiles/CMakeTmp

Run Build Command:/usr/bin/make "cmTryCompileExec1596279823/fast"
/usr/bin/make -f CMakeFiles/cmTryCompileExec1596279823.dir/build.make CMakeFiles/cmTryCompileExec1596279823.dir/build
make[1]: Entering directory `/home/george/Desktop/QServCollect/CMakeFiles/CMakeTmp'
/usr/bin/cmake -E cmake_progress_report /home/george/Desktop/QServCollect/CMakeFiles/CMakeTmp/CMakeFiles 1
Building C object CMakeFiles/cmTryCompileExec1596279823.dir/CheckFunctionExists.c.o
/usr/bin/gcc   -DCHECK_FUNCTION_EXISTS=poll,   -o CMakeFiles/cmTryCompileExec1596279823.dir/CheckFunctionExists.c.o   -c /usr/share/cmake-2.8/Modules/CheckFunctionExists.c
/usr/share/cmake-2.8/Modules/CheckFunctionExists.c:3:28: error: expected identifier or ( before ) token
/usr/share/cmake-2.8/Modules/CheckFunctionExists.c: In function main:
/usr/share/cmake-2.8/Modules/CheckFunctionExists.c:11:25: error: expected expression before ) token
make[1]: *** [CMakeFiles/cmTryCompileExec1596279823.dir/CheckFunctionExists.c.o] Error 1
make[1]: Leaving directory `/home/george/Desktop/QServCollect/CMakeFiles/CMakeTmp'
make: *** [cmTryCompileExec1596279823/fast] Error 2


Determining if the function fcntl, exists failed with the following output:
Change Dir: /home/george/Desktop/QServCollect/CMakeFiles/CMakeTmp

Run Build Command:/usr/bin/make "cmTryCompileExec2796756736/fast"
/usr/bin/make -f CMakeFiles/cmTryCompileExec2796756736.dir/build.make CMakeFiles/cmTryCompileExec2796756736.dir/build
make[1]: Entering directory `/home/george/Desktop/QServCollect/CMakeFiles/CMakeTmp'
/usr/bin/cmake -E cmake_progress_report /home/george/Desktop/QServCollect/CMakeFiles/CMakeTmp/CMakeFiles 1
Building C object CMakeFiles/cmTryCompileExec2796756736.dir/CheckFunctionExists.c.o
/usr/bin/gcc   -DCHECK_FUNCTION_EXISTS=fcntl,   -o CMakeFiles/cmTryCompileExec2796756736.dir/CheckFunctionExists.c.o   -c /usr/share/cmake-2.8/Modules/CheckFunctionExists.c
/usr/share/cmake-2.8/Modules/CheckFunctionExists.c:3:28: error: expected identifier or ( before ) token
/usr/share/cmake-2.8/Modules/CheckFunctionExists.c: In function main:
/usr/share/cmake-2.8/Modules/CheckFunctionExists.c:11:25: error: expected expression before ) token
make[1]: *** [CMakeFiles/cmTryCompileExec2796756736.dir/CheckFunctionExists.c.o] Error 1
make[1]: Leaving directory `/home/george/Desktop/QServCollect/CMakeFiles/CMakeTmp'
make: *** [cmTryCompileExec2796756736/fast] Error 2


Determining if the function inet_pton, exists failed with the following output:
Change Dir: /home/george/Desktop/QServCollect/CMakeFiles/CMakeTmp

Run Build Command:/usr/bin/make "cmTryCompileExec2041853867/fast"
/usr/bin/make -f CMakeFiles/cmTryCompileExec2041853867.dir/build.make CMakeFiles/cmTryCompileExec2041853867.dir/build
make[1]: Entering directory `/home/george/Desktop/QServCollect/CMakeFiles/CMakeTmp'
/usr/bin/cmake -E cmake_progress_report /home/george/Desktop/QServCollect/CMakeFiles/CMakeTmp/CMakeFiles 1
Building C object CMakeFiles/cmTryCompileExec2041853867.dir/CheckFunctionExists.c.o
/usr/bin/gcc   -DCHECK_FUNCTION_EXISTS=inet_pton,   -o CMakeFiles/cmTryCompileExec2041853867.dir/CheckFunctionExists.c.o   -c /usr/share/cmake-2.8/Modules/CheckFunctionExists.c
/usr/share/cmake-2.8/Modules/CheckFunctionExists.c:3:28: error: expected identifier or ( before ) token
/usr/share/cmake-2.8/Modules/CheckFunctionExists.c: In function main:
/usr/share/cmake-2.8/Modules/CheckFunctionExists.c:11:25: error: expected expression before ) token
make[1]: *** [CMakeFiles/cmTryCompileExec2041853867.dir/CheckFunctionExists.c.o] Error 1
make[1]: Leaving directory `/home/george/Desktop/QServCollect/CMakeFiles/CMakeTmp'
make: *** [cmTryCompileExec2041853867/fast] Error 2


Determining if the function inet_ntop, exists failed with the following output:
Change Dir: /home/george/Desktop/QServCollect/CMakeFiles/CMakeTmp

Run Build Command:/usr/bin/make "cmTryCompileExec1335773428/fast"
/usr/bin/make -f CMakeFiles/cmTryCompileExec1335773428.dir/build.make CMakeFiles/cmTryCompileExec1335773428.dir/build
make[1]: Entering directory `/home/george/Desktop/QServCollect/CMakeFiles/CMakeTmp'
/usr/bin/cmake -E cmake_progress_report /home/george/Desktop/QServCollect/CMakeFiles/CMakeTmp/CMakeFiles 1
Building C object CMakeFiles/cmTryCompileExec1335773428.dir/CheckFunctionExists.c.o
/usr/bin/gcc   -DCHECK_FUNCTION_EXISTS=inet_ntop,   -o CMakeFiles/cmTryCompileExec1335773428.dir/CheckFunctionExists.c.o   -c /usr/share/cmake-2.8/Modules/CheckFunctionExists.c
/usr/share/cmake-2.8/Modules/CheckFunctionExists.c:3:28: error: expected identifier or ( before ) token
/usr/share/cmake-2.8/Modules/CheckFunctionExists.c: In function main:
/usr/share/cmake-2.8/Modules/CheckFunctionExists.c:11:25: error: expected expression before ) token
make[1]: *** [CMakeFiles/cmTryCompileExec1335773428.dir/CheckFunctionExists.c.o] Error 1
make[1]: Leaving directory `/home/george/Desktop/QServCollect/CMakeFiles/CMakeTmp'
make: *** [cmTryCompileExec1335773428/fast] Error 2


Determining if the struct msghdr.msg_flags exist failed with the following output:
Change Dir: /home/george/Desktop/QServCollect/CMakeFiles/CMakeTmp

Run Build Command:/usr/bin/make "cmTryCompileExec404784465/fast"
/usr/bin/make -f CMakeFiles/cmTryCompileExec404784465.dir/build.make CMakeFiles/cmTryCompileExec404784465.dir/build
make[1]: Entering directory `/home/george/Desktop/QServCollect/CMakeFiles/CMakeTmp'
/usr/bin/cmake -E cmake_progress_report /home/george/Desktop/QServCollect/CMakeFiles/CMakeTmp/CMakeFiles 1
Building C object CMakeFiles/cmTryCompileExec404784465.dir/CheckSymbolExists.c.o
/usr/bin/gcc    -o CMakeFiles/cmTryCompileExec404784465.dir/CheckSymbolExists.c.o   -c /home/george/Desktop/QServCollect/CMakeFiles/CMakeTmp/CheckSymbolExists.c
/home/george/Desktop/QServCollect/CMakeFiles/CMakeTmp/CheckSymbolExists.c: In function main:
/home/george/Desktop/QServCollect/CMakeFiles/CMakeTmp/CheckSymbolExists.c:7:16: warning: extra tokens at end of #ifndef directive [enabled by default]
/home/george/Desktop/QServCollect/CMakeFiles/CMakeTmp/CheckSymbolExists.c:8:19: error: expected expression before struct
make[1]: *** [CMakeFiles/cmTryCompileExec404784465.dir/CheckSymbolExists.c.o] Error 1
make[1]: Leaving directory `/home/george/Desktop/QServCollect/CMakeFiles/CMakeTmp'
make: *** [cmTryCompileExec404784465/fast] Error 2

File /home/george/Desktop/QServCollect/CMakeFiles/CMakeTmp/CheckSymbolExists.c:
/* */
#include <sys/socket.h>

int main(int argc, char** argv)
{
  (void)argv;
#ifndef struct msghdr.msg_flags
  return ((int*)(&struct msghdr.msg_flags))[argc];
#else
  (void)argc;
  return 0;
#endif
}

Determining if the socklen_t exist failed with the following output:
Change Dir: /home/george/Desktop/QServCollect/CMakeFiles/CMakeTmp

Run Build Command:/usr/bin/make "cmTryCompileExec3304906168/fast"
/usr/bin/make -f CMakeFiles/cmTryCompileExec3304906168.dir/build.make CMakeFiles/cmTryCompileExec3304906168.dir/build
make[1]: Entering directory `/home/george/Desktop/QServCollect/CMakeFiles/CMakeTmp'
/usr/bin/cmake -E cmake_progress_report /home/george/Desktop/QServCollect/CMakeFiles/CMakeTmp/CMakeFiles 1
Building C object CMakeFiles/cmTryCompileExec3304906168.dir/CheckSymbolExists.c.o
/usr/bin/gcc    -o CMakeFiles/cmTryCompileExec3304906168.dir/CheckSymbolExists.c.o   -c /home/george/Desktop/QServCollect/CMakeFiles/CMakeTmp/CheckSymbolExists.c
/home/george/Desktop/QServCollect/CMakeFiles/CMakeTmp/CheckSymbolExists.c: In function main:
/home/george/Desktop/QServCollect/CMakeFiles/CMakeTmp/CheckSymbolExists.c:9:19: error: expected expression before socklen_t
make[1]: *** [CMakeFiles/cmTryCompileExec3304906168.dir/CheckSymbolExists.c.o] Error 1
make[1]: Leaving directory `/home/george/Desktop/QServCollect/CMakeFiles/CMakeTmp'
make: *** [cmTryCompileExec3304906168/fast] Error 2

File /home/george/Desktop/QServCollect/CMakeFiles/CMakeTmp/CheckSymbolExists.c:
/* */
#include <sys/types.h>
#include <sys/socket.h>

int main(int argc, char** argv)
{
  (void)argv;
#ifndef socklen_t
  return ((int*)(&socklen_t))[argc];
#else
  (void)argc;
  return 0;
#endif
}

Determining if the pthread_create exist failed with the following output:
Change Dir: /home/george/Desktop/QServCollect/CMakeFiles/CMakeTmp

Run Build Command:/usr/bin/make "cmTryCompileExec423192264/fast"
/usr/bin/make -f CMakeFiles/cmTryCompileExec423192264.dir/build.make CMakeFiles/cmTryCompileExec423192264.dir/build
make[1]: Entering directory `/home/george/Desktop/QServCollect/CMakeFiles/CMakeTmp'
/usr/bin/cmake -E cmake_progress_report /home/george/Desktop/QServCollect/CMakeFiles/CMakeTmp/CMakeFiles 1
Building C object CMakeFiles/cmTryCompileExec423192264.dir/CheckSymbolExists.c.o
/usr/bin/gcc    -o CMakeFiles/cmTryCompileExec423192264.dir/CheckSymbolExists.c.o   -c /home/george/Desktop/QServCollect/CMakeFiles/CMakeTmp/CheckSymbolExists.c
Linking C executable cmTryCompileExec423192264
/usr/bin/cmake -E cmake_link_script CMakeFiles/cmTryCompileExec423192264.dir/link.txt --verbose=1
/usr/bin/gcc         CMakeFiles/cmTryCompileExec423192264.dir/CheckSymbolExists.c.o  -o cmTryCompileExec423192264 -rdynamic 
CMakeFiles/cmTryCompileExec423192264.dir/CheckSymbolExists.c.o: In function `main':
CheckSymbolExists.c:(.text+0xa): undefined reference to `pthread_create'
collect2: error: ld returned 1 exit status
make[1]: *** [cmTryCompileExec423192264] Error 1
make[1]: Leaving directory `/home/george/Desktop/QServCollect/CMakeFiles/CMakeTmp'
make: *** [cmTryCompileExec423192264/fast] Error 2

File /home/george/Desktop/QServCollect/CMakeFiles/CMakeTmp/CheckSymbolExists.c:
/* */
#include <pthread.h>

int main(int argc, char** argv)
{
  (void)argv;
#ifndef pthread_create
  return ((int*)(&pthread_create))[argc];
#else
  (void)argc;
  return 0;
#endif
}

Determining if the function pthread_create exists in the pthreads failed with the following output:
Change Dir: /home/george/Desktop/QServCollect/CMakeFiles/CMakeTmp

Run Build Command:/usr/bin/make "cmTryCompileExec1893221331/fast"
/usr/bin/make -f CMakeFiles/cmTryCompileExec1893221331.dir/build.make CMakeFiles/cmTryCompileExec1893221331.dir/build
make[1]: Entering directory `/home/george/Desktop/QServCollect/CMakeFiles/CMakeTmp'
/usr/bin/cmake -E cmake_progress_report /home/george/Desktop/QServCollect/CMakeFiles/CMakeTmp/CMakeFiles 1
Building C object CMakeFiles/cmTryCompileExec1893221331.dir/CheckFunctionExists.c.o
/usr/bin/gcc   -DCHECK_FUNCTION_EXISTS=pthread_create   -o CMakeFiles/cmTryCompileExec1893221331.dir/CheckFunctionExists.c.o   -c /usr/share/cmake-2.8/Modules/CheckFunctionExists.c
Linking C executable cmTryCompileExec1893221331
/usr/bin/cmake -E cmake_link_script CMakeFiles/cmTryCompileExec1893221331.dir/link.txt --verbose=1
/usr/bin/gcc     -DCHECK_FUNCTION_EXISTS=pthread_create    CMakeFiles/cmTryCompileExec1893221331.dir/CheckFunctionExists.c.o  -o cmTryCompileExec1893221331 -rdynamic -lpthreads 
/usr/bin/ld: cannot find -lpthreads
collect2: error: ld returned 1 exit status
make[1]: *** [cmTryCompileExec1893221331] Error 1
make[1]: Leaving directory `/home/george/Desktop/QServCollect/CMakeFiles/CMakeTmp'
make: *** [cmTryCompileExec1893221331/fast] Error 2


Determining if the function gethostbyaddr_r, exists failed with the following output:
Change Dir: /home/george/Desktop/QServCollect/CMakeFiles/CMakeTmp

Run Build Command:/usr/bin/make "cmTryCompileExec50205120/fast"
/usr/bin/make -f CMakeFiles/cmTryCompileExec50205120.dir/build.make CMakeFiles/cmTryCompileExec50205120.dir/build
make[1]: Entering directory `/home/george/Desktop/QServCollect/CMakeFiles/CMakeTmp'
/usr/bin/cmake -E cmake_progress_report /home/george/Desktop/QServCollect/CMakeFiles/CMakeTmp/CMakeFiles 1
Building C object CMakeFiles/cmTryCompileExec50205120.dir/CheckFunctionExists.c.o
/usr/bin/gcc   -DCHECK_FUNCTION_EXISTS=gethostbyaddr_r,   -o CMakeFiles/cmTryCompileExec50205120.dir/CheckFunctionExists.c.o   -c /usr/share/cmake-2.8/Modules/CheckFunctionExists.c
/usr/share/cmake-2.8/Modules/CheckFunctionExists.c:3:28: error: expected identifier or ( before ) token
/usr/share/cmake-2.8/Modules/CheckFunctionExists.c: In function main:
/usr/share/cmake-2.8/Modules/CheckFunctionExists.c:11:25: error: expected expression before ) token
make[1]: *** [CMakeFiles/cmTryCompileExec50205120.dir/CheckFunctionExists.c.o] Error 1
make[1]: Leaving directory `/home/george/Desktop/QServCollect/CMakeFiles/CMakeTmp'
make: *** [cmTryCompileExec50205120/fast] Error 2


Determining if the function gethostbyname_r, exists failed with the following output:
Change Dir: /home/george/Desktop/QServCollect/CMakeFiles/CMakeTmp

Run Build Command:/usr/bin/make "cmTryCompileExec1716797418/fast"
/usr/bin/make -f CMakeFiles/cmTryCompileExec1716797418.dir/build.make CMakeFiles/cmTryCompileExec1716797418.dir/build
make[1]: Entering directory `/home/george/Desktop/QServCollect/CMakeFiles/CMakeTmp'
/usr/bin/cmake -E cmake_progress_report /home/george/Desktop/QServCollect/CMakeFiles/CMakeTmp/CMakeFiles 1
Building C object CMakeFiles/cmTryCompileExec1716797418.dir/CheckFunctionExists.c.o
/usr/bin/gcc   -DCHECK_FUNCTION_EXISTS=gethostbyname_r,   -o CMakeFiles/cmTryCompileExec1716797418.dir/CheckFunctionExists.c.o   -c /usr/share/cmake-2.8/Modules/CheckFunctionExists.c
/usr/share/cmake-2.8/Modules/CheckFunctionExists.c:3:28: error: expected identifier or ( before ) token
/usr/share/cmake-2.8/Modules/CheckFunctionExists.c: In function main:
/usr/share/cmake-2.8/Modules/CheckFunctionExists.c:11:25: error: expected expression before ) token
make[1]: *** [CMakeFiles/cmTryCompileExec1716797418.dir/CheckFunctionExists.c.o] Error 1
make[1]: Leaving directory `/home/george/Desktop/QServCollect/CMakeFiles/CMakeTmp'
make: *** [cmTryCompileExec1716797418/fast] Error 2


Determining if the function poll, exists failed with the following output:
Change Dir: /home/george/Desktop/QServCollect/CMakeFiles/CMakeTmp

Run Build Command:/usr/bin/make "cmTryCompileExec230558266/fast"
/usr/bin/make -f CMakeFiles/cmTryCompileExec230558266.dir/build.make CMakeFiles/cmTryCompileExec230558266.dir/build
make[1]: Entering directory `/home/george/Desktop/QServCollect/CMakeFiles/CMakeTmp'
/usr/bin/cmake -E cmake_progress_report /home/george/Desktop/QServCollect/CMakeFiles/CMakeTmp/CMakeFiles 1
Building C object CMakeFiles/cmTryCompileExec230558266.dir/CheckFunctionExists.c.o
/usr/bin/gcc   -DCHECK_FUNCTION_EXISTS=poll,   -o CMakeFiles/cmTryCompileExec230558266.dir/CheckFunctionExists.c.o   -c /usr/share/cmake-2.8/Modules/CheckFunctionExists.c
/usr/share/cmake-2.8/Modules/CheckFunctionExists.c:3:28: error: expected identifier or ( before ) token
/usr/share/cmake-2.8/Modules/CheckFunctionExists.c: In function main:
/usr/share/cmake-2.8/Modules/CheckFunctionExists.c:11:25: error: expected expression before ) token
make[1]: *** [CMakeFiles/cmTryCompileExec230558266.dir/CheckFunctionExists.c.o] Error 1
make[1]: Leaving directory `/home/george/Desktop/QServCollect/CMakeFiles/CMakeTmp'
make: *** [cmTryCompileExec230558266/fast] Error 2


Determining if the function fcntl, exists failed with the following output:
Change Dir: /home/george/Desktop/QServCollect/CMakeFiles/CMakeTmp

Run Build Command:/usr/bin/make "cmTryCompileExec3665143335/fast"
/usr/bin/make -f CMakeFiles/cmTryCompileExec3665143335.dir/build.make CMakeFiles/cmTryCompileExec3665143335.dir/build
make[1]: Entering directory `/home/george/Desktop/QServCollect/CMakeFiles/CMakeTmp'
/usr/bin/cmake -E cmake_progress_report /home/george/Desktop/QServCollect/CMakeFiles/CMakeTmp/CMakeFiles 1
Building C object CMakeFiles/cmTryCompileExec3665143335.dir/CheckFunctionExists.c.o
/usr/bin/gcc   -DCHECK_FUNCTION_EXISTS=fcntl,   -o CMakeFiles/cmTryCompileExec3665143335.dir/CheckFunctionExists.c.o   -c /usr/share/cmake-2.8/Modules/CheckFunctionExists.c
/usr/share/cmake-2.8/Modules/CheckFunctionExists.c:3:28: error: expected identifier or ( before ) token
/usr/share/cmake-2.8/Modules/CheckFunctionExists.c: In function main:
/usr/share/cmake-2.8/Modules/CheckFunctionExists.c:11:25: error: expected expression before ) token
make[1]: *** [CMakeFiles/cmTryCompileExec3665143335.dir/CheckFunctionExists.c.o] Error 1
make[1]: Leaving directory `/home/george/Desktop/QServCollect/CMakeFiles/CMakeTmp'
make: *** [cmTryCompileExec3665143335/fast] Error 2


Determining if the function inet_pton, exists failed with the following output:
Change Dir: /home/george/Desktop/QServCollect/CMakeFiles/CMakeTmp

Run Build Command:/usr/bin/make "cmTryCompileExec358379739/fast"
/usr/bin/make -f CMakeFiles/cmTryCompileExec358379739.dir/build.make CMakeFiles/cmTryCompileExec358379739.dir/build
make[1]: Entering directory `/home/george/Desktop/QServCollect/CMakeFiles/CMakeTmp'
/usr/bin/cmake -E cmake_progress_report /home/george/Desktop/QServCollect/CMakeFiles/CMakeTmp/CMakeFiles 1
Building C object CMakeFiles/cmTryCompileExec358379739.dir/CheckFunctionExists.c.o
/usr/bin/gcc   -DCHECK_FUNCTION_EXISTS=inet_pton,   -o CMakeFiles/cmTryCompileExec358379739.dir/CheckFunctionExists.c.o   -c /usr/share/cmake-2.8/Modules/CheckFunctionExists.c
/usr/share/cmake-2.8/Modules/CheckFunctionExists.c:3:28: error: expected identifier or ( before ) token
/usr/share/cmake-2.8/Modules/CheckFunctionExists.c: In function main:
/usr/share/cmake-2.8/Modules/CheckFunctionExists.c:11:25: error: expected expression before ) token
make[1]: *** [CMakeFiles/cmTryCompileExec358379739.dir/CheckFunctionExists.c.o] Error 1
make[1]: Leaving directory `/home/george/Desktop/QServCollect/CMakeFiles/CMakeTmp'
make: *** [cmTryCompileExec358379739/fast] Error 2


Determining if the function inet_ntop, exists failed with the following output:
Change Dir: /home/george/Desktop/QServCollect/CMakeFiles/CMakeTmp

Run Build Command:/usr/bin/make "cmTryCompileExec3043014652/fast"
/usr/bin/make -f CMakeFiles/cmTryCompileExec3043014652.dir/build.make CMakeFiles/cmTryCompileExec3043014652.dir/build
make[1]: Entering directory `/home/george/Desktop/QServCollect/CMakeFiles/CMakeTmp'
/usr/bin/cmake -E cmake_progress_report /home/george/Desktop/QServCollect/CMakeFiles/CMakeTmp/CMakeFiles 1
Building C object CMakeFiles/cmTryCompileExec3043014652.dir/CheckFunctionExists.c.o
/usr/bin/gcc   -DCHECK_FUNCTION_EXISTS=inet_ntop,   -o CMakeFiles/cmTryCompileExec3043014652.dir/CheckFunctionExists.c.o   -c /usr/share/cmake-2.8/Modules/CheckFunctionExists.c
/usr/share/cmake-2.8/Modules/CheckFunctionExists.c:3:28: error: expected identifier or ( before ) token
/usr/share/cmake-2.8/Modules/CheckFunctionExists.c: In function main:
/usr/share/cmake-2.8/Modules/CheckFunctionExists.c:11:25: error: expected expression before ) token
make[1]: *** [CMakeFiles/cmTryCompileExec3043014652.dir/CheckFunctionExists.c.o] Error 1
make[1]: Leaving directory `/home/george/Desktop/QServCollect/CMakeFiles/CMakeTmp'
make: *** [cmTryCompileExec3043014652/fast] Error 2


Determining if the struct msghdr.msg_flags exist failed with the following output:
Change Dir: /home/george/Desktop/QServCollect/CMakeFiles/CMakeTmp

Run Build Command:/usr/bin/make "cmTryCompileExec242880140/fast"
/usr/bin/make -f CMakeFiles/cmTryCompileExec242880140.dir/build.make CMakeFiles/cmTryCompileExec242880140.dir/build
make[1]: Entering directory `/home/george/Desktop/QServCollect/CMakeFiles/CMakeTmp'
/usr/bin/cmake -E cmake_progress_report /home/george/Desktop/QServCollect/CMakeFiles/CMakeTmp/CMakeFiles 1
Building C object CMakeFiles/cmTryCompileExec242880140.dir/CheckSymbolExists.c.o
/usr/bin/gcc    -o CMakeFiles/cmTryCompileExec242880140.dir/CheckSymbolExists.c.o   -c /home/george/Desktop/QServCollect/CMakeFiles/CMakeTmp/CheckSymbolExists.c
/home/george/Desktop/QServCollect/CMakeFiles/CMakeTmp/CheckSymbolExists.c: In function main:
/home/george/Desktop/QServCollect/CMakeFiles/CMakeTmp/CheckSymbolExists.c:7:16: warning: extra tokens at end of #ifndef directive [enabled by default]
/home/george/Desktop/QServCollect/CMakeFiles/CMakeTmp/CheckSymbolExists.c:8:19: error: expected expression before struct
make[1]: *** [CMakeFiles/cmTryCompileExec242880140.dir/CheckSymbolExists.c.o] Error 1
make[1]: Leaving directory `/home/george/Desktop/QServCollect/CMakeFiles/CMakeTmp'
make: *** [cmTryCompileExec242880140/fast] Error 2

File /home/george/Desktop/QServCollect/CMakeFiles/CMakeTmp/CheckSymbolExists.c:
/* */
#include <sys/socket.h>

int main(int argc, char** argv)
{
  (void)argv;
#ifndef struct msghdr.msg_flags
  return ((int*)(&struct msghdr.msg_flags))[argc];
#else
  (void)argc;
  return 0;
#endif
}

Determining if the socklen_t exist failed with the following output:
Change Dir: /home/george/Desktop/QServCollect/CMakeFiles/CMakeTmp

Run Build Command:/usr/bin/make "cmTryCompileExec30367145/fast"
/usr/bin/make -f CMakeFiles/cmTryCompileExec30367145.dir/build.make CMakeFiles/cmTryCompileExec30367145.dir/build
make[1]: Entering directory `/home/george/Desktop/QServCollect/CMakeFiles/CMakeTmp'
/usr/bin/cmake -E cmake_progress_report /home/george/Desktop/QServCollect/CMakeFiles/CMakeTmp/CMakeFiles 1
Building C object CMakeFiles/cmTryCompileExec30367145.dir/CheckSymbolExists.c.o
/usr/bin/gcc    -o CMakeFiles/cmTryCompileExec30367145.dir/CheckSymbolExists.c.o   -c /home/george/Desktop/QServCollect/CMakeFiles/CMakeTmp/CheckSymbolExists.c
/home/george/Desktop/QServCollect/CMakeFiles/CMakeTmp/CheckSymbolExists.c: In function main:
/home/george/Desktop/QServCollect/CMakeFiles/CMakeTmp/CheckSymbolExists.c:9:19: error: expected expression before socklen_t
make[1]: *** [CMakeFiles/cmTryCompileExec30367145.dir/CheckSymbolExists.c.o] Error 1
make[1]: Leaving directory `/home/george/Desktop/QServCollect/CMakeFiles/CMakeTmp'
make: *** [cmTryCompileExec30367145/fast] Error 2

File /home/george/Desktop/QServCollect/CMakeFiles/CMakeTmp/CheckSymbolExists.c:
/* */
#include <sys/types.h>
#include <sys/socket.h>

int main(int argc, char** argv)
{
  (void)argv;
#ifndef socklen_t
  return ((int*)(&socklen_t))[argc];
#else
  (void)argc;
  return 0;
#endif
}

Determining if the function gethostbyaddr_r, exists failed with the following output:
Change Dir: /Users/user/Desktop/QServCollect/CMakeFiles/CMakeTmp

Run Build Command:"/usr/bin/make" "cmTC_22be5/fast"
/Applications/Xcode.app/Contents/Developer/usr/bin/make -f CMakeFiles/cmTC_22be5.dir/build.make CMakeFiles/cmTC_22be5.dir/build
Building C object CMakeFiles/cmTC_22be5.dir/CheckFunctionExists.c.o
/Applications/Xcode.app/Contents/Developer/Toolchains/XcodeDefault.xctoolchain/usr/bin/cc    -DCHECK_FUNCTION_EXISTS=gethostbyaddr_r,   -o CMakeFiles/cmTC_22be5.dir/CheckFunctionExists.c.o   -c /usr/local/share/cmake-3.4/Modules/CheckFunctionExists.c
/usr/local/share/cmake-3.4/Modules/CheckFunctionExists.c:6:28: error: expected identifier or '('
char CHECK_FUNCTION_EXISTS();
                           ^
/usr/local/share/cmake-3.4/Modules/CheckFunctionExists.c:14:25: error: expected expression
  CHECK_FUNCTION_EXISTS();
                        ^
2 errors generated.
make[1]: *** [CMakeFiles/cmTC_22be5.dir/CheckFunctionExists.c.o] Error 1
make: *** [cmTC_22be5/fast] Error 2


Determining if the function gethostbyname_r, exists failed with the following output:
Change Dir: /Users/user/Desktop/QServCollect/CMakeFiles/CMakeTmp

Run Build Command:"/usr/bin/make" "cmTC_ca61d/fast"
/Applications/Xcode.app/Contents/Developer/usr/bin/make -f CMakeFiles/cmTC_ca61d.dir/build.make CMakeFiles/cmTC_ca61d.dir/build
Building C object CMakeFiles/cmTC_ca61d.dir/CheckFunctionExists.c.o
/Applications/Xcode.app/Contents/Developer/Toolchains/XcodeDefault.xctoolchain/usr/bin/cc    -DCHECK_FUNCTION_EXISTS=gethostbyname_r,   -o CMakeFiles/cmTC_ca61d.dir/CheckFunctionExists.c.o   -c /usr/local/share/cmake-3.4/Modules/CheckFunctionExists.c
/usr/local/share/cmake-3.4/Modules/CheckFunctionExists.c:6:28: error: expected identifier or '('
char CHECK_FUNCTION_EXISTS();
                           ^
/usr/local/share/cmake-3.4/Modules/CheckFunctionExists.c:14:25: error: expected expression
  CHECK_FUNCTION_EXISTS();
                        ^
2 errors generated.
make[1]: *** [CMakeFiles/cmTC_ca61d.dir/CheckFunctionExists.c.o] Error 1
make: *** [cmTC_ca61d/fast] Error 2


Determining if the function poll, exists failed with the following output:
Change Dir: /Users/user/Desktop/QServCollect/CMakeFiles/CMakeTmp

Run Build Command:"/usr/bin/make" "cmTC_f5a46/fast"
/Applications/Xcode.app/Contents/Developer/usr/bin/make -f CMakeFiles/cmTC_f5a46.dir/build.make CMakeFiles/cmTC_f5a46.dir/build
Building C object CMakeFiles/cmTC_f5a46.dir/CheckFunctionExists.c.o
/Applications/Xcode.app/Contents/Developer/Toolchains/XcodeDefault.xctoolchain/usr/bin/cc    -DCHECK_FUNCTION_EXISTS=poll,   -o CMakeFiles/cmTC_f5a46.dir/CheckFunctionExists.c.o   -c /usr/local/share/cmake-3.4/Modules/CheckFunctionExists.c
/usr/local/share/cmake-3.4/Modules/CheckFunctionExists.c:6:28: error: expected identifier or '('
char CHECK_FUNCTION_EXISTS();
                           ^
/usr/local/share/cmake-3.4/Modules/CheckFunctionExists.c:14:25: error: expected expression
  CHECK_FUNCTION_EXISTS();
                        ^
2 errors generated.
make[1]: *** [CMakeFiles/cmTC_f5a46.dir/CheckFunctionExists.c.o] Error 1
make: *** [cmTC_f5a46/fast] Error 2


Determining if the function fcntl, exists failed with the following output:
Change Dir: /Users/user/Desktop/QServCollect/CMakeFiles/CMakeTmp

Run Build Command:"/usr/bin/make" "cmTC_286f3/fast"
/Applications/Xcode.app/Contents/Developer/usr/bin/make -f CMakeFiles/cmTC_286f3.dir/build.make CMakeFiles/cmTC_286f3.dir/build
Building C object CMakeFiles/cmTC_286f3.dir/CheckFunctionExists.c.o
/Applications/Xcode.app/Contents/Developer/Toolchains/XcodeDefault.xctoolchain/usr/bin/cc    -DCHECK_FUNCTION_EXISTS=fcntl,   -o CMakeFiles/cmTC_286f3.dir/CheckFunctionExists.c.o   -c /usr/local/share/cmake-3.4/Modules/CheckFunctionExists.c
/usr/local/share/cmake-3.4/Modules/CheckFunctionExists.c:6:28: error: expected identifier or '('
char CHECK_FUNCTION_EXISTS();
                           ^
/usr/local/share/cmake-3.4/Modules/CheckFunctionExists.c:14:25: error: expected expression
  CHECK_FUNCTION_EXISTS();
                        ^
2 errors generated.
make[1]: *** [CMakeFiles/cmTC_286f3.dir/CheckFunctionExists.c.o] Error 1
make: *** [cmTC_286f3/fast] Error 2


Determining if the function inet_pton, exists failed with the following output:
Change Dir: /Users/user/Desktop/QServCollect/CMakeFiles/CMakeTmp

Run Build Command:"/usr/bin/make" "cmTC_c194f/fast"
/Applications/Xcode.app/Contents/Developer/usr/bin/make -f CMakeFiles/cmTC_c194f.dir/build.make CMakeFiles/cmTC_c194f.dir/build
Building C object CMakeFiles/cmTC_c194f.dir/CheckFunctionExists.c.o
/Applications/Xcode.app/Contents/Developer/Toolchains/XcodeDefault.xctoolchain/usr/bin/cc    -DCHECK_FUNCTION_EXISTS=inet_pton,   -o CMakeFiles/cmTC_c194f.dir/CheckFunctionExists.c.o   -c /usr/local/share/cmake-3.4/Modules/CheckFunctionExists.c
/usr/local/share/cmake-3.4/Modules/CheckFunctionExists.c:6:28: error: expected identifier or '('
char CHECK_FUNCTION_EXISTS();
                           ^
/usr/local/share/cmake-3.4/Modules/CheckFunctionExists.c:14:25: error: expected expression
  CHECK_FUNCTION_EXISTS();
                        ^
2 errors generated.
make[1]: *** [CMakeFiles/cmTC_c194f.dir/CheckFunctionExists.c.o] Error 1
make: *** [cmTC_c194f/fast] Error 2


Determining if the function inet_ntop, exists failed with the following output:
Change Dir: /Users/user/Desktop/QServCollect/CMakeFiles/CMakeTmp

Run Build Command:"/usr/bin/make" "cmTC_78c99/fast"
/Applications/Xcode.app/Contents/Developer/usr/bin/make -f CMakeFiles/cmTC_78c99.dir/build.make CMakeFiles/cmTC_78c99.dir/build
Building C object CMakeFiles/cmTC_78c99.dir/CheckFunctionExists.c.o
/Applications/Xcode.app/Contents/Developer/Toolchains/XcodeDefault.xctoolchain/usr/bin/cc    -DCHECK_FUNCTION_EXISTS=inet_ntop,   -o CMakeFiles/cmTC_78c99.dir/CheckFunctionExists.c.o   -c /usr/local/share/cmake-3.4/Modules/CheckFunctionExists.c
/usr/local/share/cmake-3.4/Modules/CheckFunctionExists.c:6:28: error: expected identifier or '('
char CHECK_FUNCTION_EXISTS();
                           ^
/usr/local/share/cmake-3.4/Modules/CheckFunctionExists.c:14:25: error: expected expression
  CHECK_FUNCTION_EXISTS();
                        ^
2 errors generated.
make[1]: *** [CMakeFiles/cmTC_78c99.dir/CheckFunctionExists.c.o] Error 1
make: *** [cmTC_78c99/fast] Error 2


Determining if the struct msghdr.msg_flags exist failed with the following output:
Change Dir: /Users/user/Desktop/QServCollect/CMakeFiles/CMakeTmp

Run Build Command:"/usr/bin/make" "cmTC_4edbc/fast"
/Applications/Xcode.app/Contents/Developer/usr/bin/make -f CMakeFiles/cmTC_4edbc.dir/build.make CMakeFiles/cmTC_4edbc.dir/build
Building C object CMakeFiles/cmTC_4edbc.dir/CheckSymbolExists.c.o
/Applications/Xcode.app/Contents/Developer/Toolchains/XcodeDefault.xctoolchain/usr/bin/cc     -o CMakeFiles/cmTC_4edbc.dir/CheckSymbolExists.c.o   -c /Users/user/Desktop/QServCollect/CMakeFiles/CMakeTmp/CheckSymbolExists.c
/Users/user/Desktop/QServCollect/CMakeFiles/CMakeTmp/CheckSymbolExists.c:7:16: warning: extra tokens at end of #ifndef directive [-Wextra-tokens]
#ifndef struct msghdr.msg_flags
               ^
               //
/Users/user/Desktop/QServCollect/CMakeFiles/CMakeTmp/CheckSymbolExists.c:8:19: error: expected expression
  return ((int*)(&struct msghdr.msg_flags))[argc];
                  ^
1 warning and 1 error generated.
make[1]: *** [CMakeFiles/cmTC_4edbc.dir/CheckSymbolExists.c.o] Error 1
make: *** [cmTC_4edbc/fast] Error 2

File /Users/user/Desktop/QServCollect/CMakeFiles/CMakeTmp/CheckSymbolExists.c:
/* */
#include <sys/socket.h>

int main(int argc, char** argv)
{
  (void)argv;
#ifndef struct msghdr.msg_flags
  return ((int*)(&struct msghdr.msg_flags))[argc];
#else
  (void)argc;
  return 0;
#endif
}

Determining if the socklen_t exist failed with the following output:
Change Dir: /Users/user/Desktop/QServCollect/CMakeFiles/CMakeTmp

Run Build Command:"/usr/bin/make" "cmTC_3b742/fast"
/Applications/Xcode.app/Contents/Developer/usr/bin/make -f CMakeFiles/cmTC_3b742.dir/build.make CMakeFiles/cmTC_3b742.dir/build
Building C object CMakeFiles/cmTC_3b742.dir/CheckSymbolExists.c.o
/Applications/Xcode.app/Contents/Developer/Toolchains/XcodeDefault.xctoolchain/usr/bin/cc     -o CMakeFiles/cmTC_3b742.dir/CheckSymbolExists.c.o   -c /Users/user/Desktop/QServCollect/CMakeFiles/CMakeTmp/CheckSymbolExists.c
/Users/user/Desktop/QServCollect/CMakeFiles/CMakeTmp/CheckSymbolExists.c:9:19: error: unexpected type name 'socklen_t': expected expression
  return ((int*)(&socklen_t))[argc];
                  ^
1 error generated.
make[1]: *** [CMakeFiles/cmTC_3b742.dir/CheckSymbolExists.c.o] Error 1
make: *** [cmTC_3b742/fast] Error 2

File /Users/user/Desktop/QServCollect/CMakeFiles/CMakeTmp/CheckSymbolExists.c:
/* */
#include <sys/types.h>
#include <sys/socket.h>

int main(int argc, char** argv)
{
  (void)argv;
#ifndef socklen_t
  return ((int*)(&socklen_t))[argc];
#else
  (void)argc;
  return 0;
#endif
}

Determining if the function gethostbyaddr_r, exists failed with the following output:
Change Dir: /Users/user/Desktop/QServ/QServCollect/CMakeFiles/CMakeTmp

Run Build Command:"/usr/bin/make" "cmTC_cb31f/fast"
/Applications/Xcode.app/Contents/Developer/usr/bin/make -f CMakeFiles/cmTC_cb31f.dir/build.make CMakeFiles/cmTC_cb31f.dir/build
Building C object CMakeFiles/cmTC_cb31f.dir/CheckFunctionExists.c.o
/Applications/Xcode.app/Contents/Developer/Toolchains/XcodeDefault.xctoolchain/usr/bin/cc    -DCHECK_FUNCTION_EXISTS=gethostbyaddr_r,   -o CMakeFiles/cmTC_cb31f.dir/CheckFunctionExists.c.o   -c /usr/local/share/cmake-3.4/Modules/CheckFunctionExists.c
/usr/local/share/cmake-3.4/Modules/CheckFunctionExists.c:6:28: error: expected identifier or '('
char CHECK_FUNCTION_EXISTS();
                           ^
/usr/local/share/cmake-3.4/Modules/CheckFunctionExists.c:14:25: error: expected expression
  CHECK_FUNCTION_EXISTS();
                        ^
2 errors generated.
make[1]: *** [CMakeFiles/cmTC_cb31f.dir/CheckFunctionExists.c.o] Error 1
make: *** [cmTC_cb31f/fast] Error 2


Determining if the function gethostbyname_r, exists failed with the following output:
Change Dir: /Users/user/Desktop/QServ/QServCollect/CMakeFiles/CMakeTmp

Run Build Command:"/usr/bin/make" "cmTC_40720/fast"
/Applications/Xcode.app/Contents/Developer/usr/bin/make -f CMakeFiles/cmTC_40720.dir/build.make CMakeFiles/cmTC_40720.dir/build
Building C object CMakeFiles/cmTC_40720.dir/CheckFunctionExists.c.o
/Applications/Xcode.app/Contents/Developer/Toolchains/XcodeDefault.xctoolchain/usr/bin/cc    -DCHECK_FUNCTION_EXISTS=gethostbyname_r,   -o CMakeFiles/cmTC_40720.dir/CheckFunctionExists.c.o   -c /usr/local/share/cmake-3.4/Modules/CheckFunctionExists.c
/usr/local/share/cmake-3.4/Modules/CheckFunctionExists.c:6:28: error: expected identifier or '('
char CHECK_FUNCTION_EXISTS();
                           ^
/usr/local/share/cmake-3.4/Modules/CheckFunctionExists.c:14:25: error: expected expression
  CHECK_FUNCTION_EXISTS();
                        ^
2 errors generated.
make[1]: *** [CMakeFiles/cmTC_40720.dir/CheckFunctionExists.c.o] Error 1
make: *** [cmTC_40720/fast] Error 2


Determining if the function poll, exists failed with the following output:
Change Dir: /Users/user/Desktop/QServ/QServCollect/CMakeFiles/CMakeTmp

Run Build Command:"/usr/bin/make" "cmTC_13339/fast"
/Applications/Xcode.app/Contents/Developer/usr/bin/make -f CMakeFiles/cmTC_13339.dir/build.make CMakeFiles/cmTC_13339.dir/build
Building C object CMakeFiles/cmTC_13339.dir/CheckFunctionExists.c.o
/Applications/Xcode.app/Contents/Developer/Toolchains/XcodeDefault.xctoolchain/usr/bin/cc    -DCHECK_FUNCTION_EXISTS=poll,   -o CMakeFiles/cmTC_13339.dir/CheckFunctionExists.c.o   -c /usr/local/share/cmake-3.4/Modules/CheckFunctionExists.c
/usr/local/share/cmake-3.4/Modules/CheckFunctionExists.c:6:28: error: expected identifier or '('
char CHECK_FUNCTION_EXISTS();
                           ^
/usr/local/share/cmake-3.4/Modules/CheckFunctionExists.c:14:25: error: expected expression
  CHECK_FUNCTION_EXISTS();
                        ^
2 errors generated.
make[1]: *** [CMakeFiles/cmTC_13339.dir/CheckFunctionExists.c.o] Error 1
make: *** [cmTC_13339/fast] Error 2


Determining if the function fcntl, exists failed with the following output:
Change Dir: /Users/user/Desktop/QServ/QServCollect/CMakeFiles/CMakeTmp

Run Build Command:"/usr/bin/make" "cmTC_98da9/fast"
/Applications/Xcode.app/Contents/Developer/usr/bin/make -f CMakeFiles/cmTC_98da9.dir/build.make CMakeFiles/cmTC_98da9.dir/build
Building C object CMakeFiles/cmTC_98da9.dir/CheckFunctionExists.c.o
/Applications/Xcode.app/Contents/Developer/Toolchains/XcodeDefault.xctoolchain/usr/bin/cc    -DCHECK_FUNCTION_EXISTS=fcntl,   -o CMakeFiles/cmTC_98da9.dir/CheckFunctionExists.c.o   -c /usr/local/share/cmake-3.4/Modules/CheckFunctionExists.c
/usr/local/share/cmake-3.4/Modules/CheckFunctionExists.c:6:28: error: expected identifier or '('
char CHECK_FUNCTION_EXISTS();
                           ^
/usr/local/share/cmake-3.4/Modules/CheckFunctionExists.c:14:25: error: expected expression
  CHECK_FUNCTION_EXISTS();
                        ^
2 errors generated.
make[1]: *** [CMakeFiles/cmTC_98da9.dir/CheckFunctionExists.c.o] Error 1
make: *** [cmTC_98da9/fast] Error 2


Determining if the function inet_pton, exists failed with the following output:
Change Dir: /Users/user/Desktop/QServ/QServCollect/CMakeFiles/CMakeTmp

Run Build Command:"/usr/bin/make" "cmTC_5ea67/fast"
/Applications/Xcode.app/Contents/Developer/usr/bin/make -f CMakeFiles/cmTC_5ea67.dir/build.make CMakeFiles/cmTC_5ea67.dir/build
Building C object CMakeFiles/cmTC_5ea67.dir/CheckFunctionExists.c.o
/Applications/Xcode.app/Contents/Developer/Toolchains/XcodeDefault.xctoolchain/usr/bin/cc    -DCHECK_FUNCTION_EXISTS=inet_pton,   -o CMakeFiles/cmTC_5ea67.dir/CheckFunctionExists.c.o   -c /usr/local/share/cmake-3.4/Modules/CheckFunctionExists.c
/usr/local/share/cmake-3.4/Modules/CheckFunctionExists.c:6:28: error: expected identifier or '('
char CHECK_FUNCTION_EXISTS();
                           ^
/usr/local/share/cmake-3.4/Modules/CheckFunctionExists.c:14:25: error: expected expression
  CHECK_FUNCTION_EXISTS();
                        ^
2 errors generated.
make[1]: *** [CMakeFiles/cmTC_5ea67.dir/CheckFunctionExists.c.o] Error 1
make: *** [cmTC_5ea67/fast] Error 2


Determining if the function inet_ntop, exists failed with the following output:
Change Dir: /Users/user/Desktop/QServ/QServCollect/CMakeFiles/CMakeTmp

Run Build Command:"/usr/bin/make" "cmTC_6f7d0/fast"
/Applications/Xcode.app/Contents/Developer/usr/bin/make -f CMakeFiles/cmTC_6f7d0.dir/build.make CMakeFiles/cmTC_6f7d0.dir/build
Building C object CMakeFiles/cmTC_6f7d0.dir/CheckFunctionExists.c.o
/Applications/Xcode.app/Contents/Developer/Toolchains/XcodeDefault.xctoolchain/usr/bin/cc    -DCHECK_FUNCTION_EXISTS=inet_ntop,   -o CMakeFiles/cmTC_6f7d0.dir/CheckFunctionExists.c.o   -c /usr/local/share/cmake-3.4/Modules/CheckFunctionExists.c
/usr/local/share/cmake-3.4/Modules/CheckFunctionExists.c:6:28: error: expected identifier or '('
char CHECK_FUNCTION_EXISTS();
                           ^
/usr/local/share/cmake-3.4/Modules/CheckFunctionExists.c:14:25: error: expected expression
  CHECK_FUNCTION_EXISTS();
                        ^
2 errors generated.
make[1]: *** [CMakeFiles/cmTC_6f7d0.dir/CheckFunctionExists.c.o] Error 1
make: *** [cmTC_6f7d0/fast] Error 2


Determining if the struct msghdr.msg_flags exist failed with the following output:
Change Dir: /Users/user/Desktop/QServ/QServCollect/CMakeFiles/CMakeTmp

Run Build Command:"/usr/bin/make" "cmTC_62e5e/fast"
/Applications/Xcode.app/Contents/Developer/usr/bin/make -f CMakeFiles/cmTC_62e5e.dir/build.make CMakeFiles/cmTC_62e5e.dir/build
Building C object CMakeFiles/cmTC_62e5e.dir/CheckSymbolExists.c.o
/Applications/Xcode.app/Contents/Developer/Toolchains/XcodeDefault.xctoolchain/usr/bin/cc     -o CMakeFiles/cmTC_62e5e.dir/CheckSymbolExists.c.o   -c /Users/user/Desktop/QServ/QServCollect/CMakeFiles/CMakeTmp/CheckSymbolExists.c
/Users/user/Desktop/QServ/QServCollect/CMakeFiles/CMakeTmp/CheckSymbolExists.c:7:16: warning: extra tokens at end of #ifndef directive [-Wextra-tokens]
#ifndef struct msghdr.msg_flags
               ^
               //
/Users/user/Desktop/QServ/QServCollect/CMakeFiles/CMakeTmp/CheckSymbolExists.c:8:19: error: expected expression
  return ((int*)(&struct msghdr.msg_flags))[argc];
                  ^
1 warning and 1 error generated.
make[1]: *** [CMakeFiles/cmTC_62e5e.dir/CheckSymbolExists.c.o] Error 1
make: *** [cmTC_62e5e/fast] Error 2

File /Users/user/Desktop/QServ/QServCollect/CMakeFiles/CMakeTmp/CheckSymbolExists.c:
/* */
#include <sys/socket.h>

int main(int argc, char** argv)
{
  (void)argv;
#ifndef struct msghdr.msg_flags
  return ((int*)(&struct msghdr.msg_flags))[argc];
#else
  (void)argc;
  return 0;
#endif
}

Determining if the socklen_t exist failed with the following output:
Change Dir: /Users/user/Desktop/QServ/QServCollect/CMakeFiles/CMakeTmp

Run Build Command:"/usr/bin/make" "cmTC_84ae4/fast"
/Applications/Xcode.app/Contents/Developer/usr/bin/make -f CMakeFiles/cmTC_84ae4.dir/build.make CMakeFiles/cmTC_84ae4.dir/build
Building C object CMakeFiles/cmTC_84ae4.dir/CheckSymbolExists.c.o
/Applications/Xcode.app/Contents/Developer/Toolchains/XcodeDefault.xctoolchain/usr/bin/cc     -o CMakeFiles/cmTC_84ae4.dir/CheckSymbolExists.c.o   -c /Users/user/Desktop/QServ/QServCollect/CMakeFiles/CMakeTmp/CheckSymbolExists.c
/Users/user/Desktop/QServ/QServCollect/CMakeFiles/CMakeTmp/CheckSymbolExists.c:9:19: error: unexpected type name 'socklen_t': expected expression
  return ((int*)(&socklen_t))[argc];
                  ^
1 error generated.
make[1]: *** [CMakeFiles/cmTC_84ae4.dir/CheckSymbolExists.c.o] Error 1
make: *** [cmTC_84ae4/fast] Error 2

File /Users/user/Desktop/QServ/QServCollect/CMakeFiles/CMakeTmp/CheckSymbolExists.c:
/* */
#include <sys/types.h>
#include <sys/socket.h>

int main(int argc, char** argv)
{
  (void)argv;
#ifndef socklen_t
  return ((int*)(&socklen_t))[argc];
#else
  (void)argc;
  return 0;
#endif
}

